Log file open, 11/06/17 15:05:40
LogWindows: Failed to load 'aqProf.dll' (GetLastError=126)
LogWindows: File 'aqProf.dll' does not exist
LogWindows: Failed to load 'VtuneApi.dll' (GetLastError=126)
LogWindows: File 'VtuneApi.dll' does not exist
LogWindows: Failed to load 'VtuneApi32e.dll' (GetLastError=126)
LogWindows: File 'VtuneApi32e.dll' does not exist
LogInit: Display: Running engine for game: MyProject
LogPlatformFile: Not using cached read wrapper
LogInit: Display: RandInit(1953305409) SRandInit(1953305409).
LogTaskGraph: Started task graph with 5 named threads and 20 total threads with 3 sets of task threads.
LogStats: Stats thread started at 0.647166
LogD3D11RHI: Aftermath initialized
LogPluginManager: Mounting plugin Paper2D
LogPluginManager: Mounting plugin LightPropagationVolume
LogPluginManager: Mounting plugin CodeLiteSourceCodeAccess
LogPluginManager: Mounting plugin GitSourceControl
LogPluginManager: Mounting plugin KDevelopSourceCodeAccess
LogPluginManager: Mounting plugin NullSourceCodeAccess
LogPluginManager: Mounting plugin PerforceSourceControl
LogPluginManager: Mounting plugin SubversionSourceControl
LogPluginManager: Mounting plugin UObjectPlugin
LogPluginManager: Mounting plugin VisualStudioSourceCodeAccess
LogPluginManager: Mounting plugin XCodeSourceCodeAccess
LogPluginManager: Mounting plugin AssetManagerEditor
LogPluginManager: Mounting plugin AudioCapture
LogPluginManager: Mounting plugin FacialAnimation
LogPluginManager: Mounting plugin GameplayTagsEditor
LogPluginManager: Mounting plugin MobileLauncherProfileWizard
LogPluginManager: Mounting plugin PluginBrowser
LogPluginManager: Mounting plugin SpeedTreeImporter
LogPluginManager: Mounting plugin AlembicImporter
LogPluginManager: Mounting plugin CharacterAI
LogPluginManager: Mounting plugin HTML5Networking
LogPluginManager: Mounting plugin AndroidMedia
LogPluginManager: Mounting plugin AvfMedia
LogPluginManager: Mounting plugin MediaPlayerEditor
LogPluginManager: Mounting plugin WmfMedia
LogPluginManager: Mounting plugin TcpMessaging
LogPluginManager: Mounting plugin UdpMessaging
LogPluginManager: Mounting plugin LevelSequenceEditor
LogPluginManager: Mounting plugin MatineeToLevelSequence
LogPluginManager: Mounting plugin OnlineSubsystemGooglePlay
LogPluginManager: Mounting plugin OnlineSubsystemIOS
LogPluginManager: Mounting plugin OnlineSubsystem
LogPluginManager: Mounting plugin OnlineSubsystemNull
LogPluginManager: Mounting plugin OnlineSubsystemUtils
LogPluginManager: Mounting plugin AndroidDeviceProfileSelector
LogPluginManager: Mounting plugin AndroidMoviePlayer
LogPluginManager: Mounting plugin AndroidPermission
LogPluginManager: Mounting plugin AppleMoviePlayer
LogPluginManager: Mounting plugin ArchVisCharacter
LogPluginManager: Mounting plugin CableComponent
LogPluginManager: Mounting plugin CustomMeshComponent
LogPluginManager: Mounting plugin ExampleDeviceProfileSelector
LogPluginManager: Mounting plugin GoogleCloudMessaging
LogPluginManager: Mounting plugin ImmediatePhysics
LogPluginManager: Mounting plugin IOSDeviceProfileSelector
LogPluginManager: Mounting plugin LinuxDeviceProfileSelector
LogPluginManager: Mounting plugin LocationServicesBPLibrary
LogPluginManager: Mounting plugin MobilePatchingUtils
LogPluginManager: Mounting plugin OculusVR
LogPluginManager: Mounting plugin PhysXVehicles
LogPluginManager: Mounting plugin ProceduralMeshComponent
LogPluginManager: Mounting plugin RuntimePhysXCooking
LogPluginManager: Mounting plugin SteamVR
LogPluginManager: Mounting plugin WindowsMoviePlayer
LogInit: Using libcurl 7.47.1
LogInit:  - built for x86_64-pc-win32
LogInit:  - supports SSL with OpenSSL/1.0.2g
LogInit:  - supports HTTP deflate (compression) using libz 1.2.8
LogInit:  - other features:
LogInit:      CURL_VERSION_SSL
LogInit:      CURL_VERSION_LIBZ
LogInit:      CURL_VERSION_IPV6
LogInit:      CURL_VERSION_ASYNCHDNS
LogInit:      CURL_VERSION_LARGEFILE
LogInit:      CURL_VERSION_IDN
LogInit:  CurlRequestOptions (configurable via config and command line):
LogInit:  - bVerifyPeer = false  - Libcurl will NOT verify peer certificate
LogInit:  - bUseHttpProxy = false  - Libcurl will NOT use HTTP proxy
LogInit:  - bDontReuseConnections = false  - Libcurl will reuse connections
LogInit:  - CertBundlePath = nullptr  - Libcurl will use whatever was configured at build time.
LogHMD: Failed initializing OVRPlugin 1.15.0
LogInit: Build: ++UE4+Release-4.17-CL-3658906
LogInit: Engine Version: 4.17.2-3658906+++UE4+Release-4.17
LogInit: Compatible Engine Version: 4.17.0-3573198+++UE4+Release-4.17
LogInit: Net CL: 3573198
LogDevObjectVersion: Number of dev versions registered: 16
LogDevObjectVersion:   Dev-Blueprints (B0D832E4-1F89-4F0D-ACCF-7EB736FD4AA2): 10
LogDevObjectVersion:   Dev-Build (E1C64328-A22C-4D53-A36C-8E866417BD8C): 0
LogDevObjectVersion:   Dev-Core (375EC13C-06E4-48FB-B500-84F0262A717E): 2
LogDevObjectVersion:   Dev-Editor (E4B068ED-F494-42E9-A231-DA0B2E46BB41): 20
LogDevObjectVersion:   Dev-Framework (CFFC743F-43B0-4480-9391-14DF171D2073): 28
LogDevObjectVersion:   Dev-Mobile (B02B49B5-BB20-44E9-A304-32B752E40360): 0
LogDevObjectVersion:   Dev-Networking (A4E4105C-59A1-49B5-A7C5-40C4547EDFEE): 0
LogDevObjectVersion:   Dev-Online (39C831C9-5AE6-47DC-9A44-9C173E1C8E7C): 0
LogDevObjectVersion:   Dev-Physics (78F01B33-EBEA-4F98-B9B4-84EACCB95AA2): 0
LogDevObjectVersion:   Dev-Platform (6631380F-2D4D-43E0-8009-CF276956A95A): 0
LogDevObjectVersion:   Dev-Rendering (12F88B9F-8875-4AFC-A67C-D90C383ABD29): 19
LogDevObjectVersion:   Dev-Sequencer (7B5AE74C-D270-4C10-A958-57980B212A5A): 4
LogDevObjectVersion:   Dev-VR (D7296918-1DD6-4BDD-9DE2-64A83CC13884): 0
LogDevObjectVersion:   Dev-LoadTimes (C2A15278-BFE7-4AFE-6C17-90FF531DF755): 1
LogDevObjectVersion:   Private-Geometry (6EACA3D4-40EC-4CC1-B786-8BED09428FC5): 1
LogDevObjectVersion:   Dev-AnimPhys (29E575DD-E0A3-4627-9D10-D276232CDCEA): 7
LogInit: Compiled (64-bit): Sep 22 2017 13:47:16
LogInit: Compiled with Visual C++: 19.00.24215.01
LogInit: Build Configuration: Development
LogInit: Branch Name: ++UE4+Release-4.17
LogInit: Command line:  
LogInit: Base directory: C:/Program Files/Epic Games/UE_4.17/Engine/Binaries/Win64/
LogInit: Installed Engine Build: 1
LogInit: Presizing for max 8388607 objects, including 0 objects not considered by GC, pre-allocating 0 bytes for permanent pool.
LogInit: Object subsystem initialized
[2017.11.06-20.05.41:726][  0]LogInit: Selected Device Profile: [Windows]
[2017.11.06-20.05.41:726][  0]LogInit: Applying CVar settings loaded from the selected device profile: [Windows]
[2017.11.06-20.05.41:752][  0]LogInit: Computer: WFX484D7EDA9A5F
[2017.11.06-20.05.41:752][  0]LogInit: User: chec
[2017.11.06-20.05.41:752][  0]LogInit: CPU Page size=4096, Cores=6
[2017.11.06-20.05.41:752][  0]LogInit: High frequency timer resolution =3.507500 MHz
[2017.11.06-20.05.41:752][  0]LogMemory: Memory total: Physical=31.9GB (32GB approx)
[2017.11.06-20.05.41:752][  0]LogMemory: Platform Memory Stats for Windows
[2017.11.06-20.05.41:752][  0]LogMemory: Process Physical Memory: 283.25 MB used, 283.25 MB peak
[2017.11.06-20.05.41:752][  0]LogMemory: Process Virtual Memory: 283.85 MB used, 283.85 MB peak
[2017.11.06-20.05.41:752][  0]LogMemory: Physical Memory: 6597.35 MB used,  26092.68 MB free, 32690.03 MB total
[2017.11.06-20.05.41:752][  0]LogMemory: Virtual Memory: 703.06 MB used,  26092.68 MB free, 134217728.00 MB total
[2017.11.06-20.05.42:151][  0]LogInit: Using OS detected language (en-US).
[2017.11.06-20.05.42:151][  0]LogInit: Using OS detected locale (en-US).
[2017.11.06-20.05.42:166][  0]LogTextLocalizationManager: No specific localization for 'en-US' exists, so the 'en' localization will be used.
[2017.11.06-20.05.43:025][  0]LogD3D11RHI: D3D11 adapters:
[2017.11.06-20.05.43:119][  0]LogD3D11RHI:    0. 'NVIDIA GeForce GTX 1080' (Feature Level 11_0)
[2017.11.06-20.05.43:119][  0]LogD3D11RHI:       8086/0/16345 MB DedicatedVideo/DedicatedSystem/SharedSystem, Outputs:1, VendorId:0x10de
[2017.11.06-20.05.43:121][  0]LogD3D11RHI:    1. 'Microsoft Basic Render Driver' (Feature Level 11_0)
[2017.11.06-20.05.43:121][  0]LogD3D11RHI:       0/0/16345 MB DedicatedVideo/DedicatedSystem/SharedSystem, Outputs:0, VendorId:0x1414
[2017.11.06-20.05.43:121][  0]LogD3D11RHI: Chosen D3D11 Adapter: 0
[2017.11.06-20.05.43:127][  0]LogD3D11RHI: Creating new Direct3DDevice
[2017.11.06-20.05.43:127][  0]LogD3D11RHI:     GPU DeviceId: 0x1b80 (for the marketing name, search the web for "GPU Device Id")
[2017.11.06-20.05.43:127][  0]LogWindows: EnumDisplayDevices:
[2017.11.06-20.05.43:128][  0]LogWindows:    0. 'NVIDIA GeForce GTX 1080' (P:1 D:1)
[2017.11.06-20.05.43:128][  0]LogWindows:    1. 'NVIDIA GeForce GTX 1080' (P:0 D:0)
[2017.11.06-20.05.43:128][  0]LogWindows:    2. 'NVIDIA GeForce GTX 1080' (P:0 D:0)
[2017.11.06-20.05.43:128][  0]LogWindows:    3. 'NVIDIA GeForce GTX 1080' (P:0 D:0)
[2017.11.06-20.05.43:128][  0]LogWindows: DebugString: FoundDriverCount:4 
[2017.11.06-20.05.43:128][  0]LogD3D11RHI:     Adapter Name: NVIDIA GeForce GTX 1080
[2017.11.06-20.05.43:128][  0]LogD3D11RHI:   Driver Version: 388.13 (internal:23.21.13.8813, unified:388.13)
[2017.11.06-20.05.43:128][  0]LogD3D11RHI:      Driver Date: 10-27-2017
[2017.11.06-20.05.43:128][  0]LogRHI: Texture pool is 1361 MB (70% of 1945 MB)
[2017.11.06-20.05.43:154][  0]LogD3D11RHI: Async texture creation enabled
[2017.11.06-20.05.43:178][  0]LogD3D11RHI: GPU Timing Frequency: 1000.000000 (Debug: 2 1)
[2017.11.06-20.05.43:224][  0]LogShaderCompilers: Guid format shader working directory is -11 characters bigger than the processId version (../../../../../../Users/che.c/Documents/Capstone/Beat-It/Intermediate/Shaders/WorkingDirectory/12344/).
[2017.11.06-20.05.43:224][  0]LogShaderCompilers: Cleaned the shader compiler working directory 'C:/Users/che.c/AppData/Local/Temp/UnrealShaderWorkingDir/B8234C6D4AC1327C21E636BCE17C978E/'.
[2017.11.06-20.05.43:224][  0]LogShaderCompilers: Display: Using Local Shader Compiler.
[2017.11.06-20.05.44:652][  0]LogTemp: Display: Loaded TP AllDesktopTargetPlatform
[2017.11.06-20.05.44:718][  0]LogTemp: Display: Loaded TP MacClientTargetPlatform
[2017.11.06-20.05.44:792][  0]LogTemp: Display: Loaded TP MacNoEditorTargetPlatform
[2017.11.06-20.05.44:864][  0]LogTemp: Display: Loaded TP MacServerTargetPlatform
[2017.11.06-20.05.44:938][  0]LogTemp: Display: Loaded TP MacTargetPlatform
[2017.11.06-20.05.45:009][  0]LogTemp: Display: Loaded TP WindowsClientTargetPlatform
[2017.11.06-20.05.45:081][  0]LogTemp: Display: Loaded TP WindowsNoEditorTargetPlatform
[2017.11.06-20.05.45:156][  0]LogTemp: Display: Loaded TP WindowsServerTargetPlatform
[2017.11.06-20.05.45:224][  0]LogTemp: Display: Loaded TP WindowsTargetPlatform
[2017.11.06-20.05.45:304][  0]LogTemp: Display: Loaded TP AndroidTargetPlatform
[2017.11.06-20.05.45:375][  0]LogTemp: Display: Loaded TP Android_ASTCTargetPlatform
[2017.11.06-20.05.45:445][  0]LogTemp: Display: Loaded TP Android_ATCTargetPlatform
[2017.11.06-20.05.45:514][  0]LogTemp: Display: Loaded TP Android_DXTTargetPlatform
[2017.11.06-20.05.45:586][  0]LogTemp: Display: Loaded TP Android_ETC1TargetPlatform
[2017.11.06-20.05.45:660][  0]LogTemp: Display: Loaded TP Android_ETC2TargetPlatform
[2017.11.06-20.05.45:801][  0]LogTemp: Display: Loaded TP Android_MultiTargetPlatform
[2017.11.06-20.05.45:801][  0]LogTemp: Display: Loaded TP Android_PVRTCTargetPlatform
[2017.11.06-20.05.45:869][  0]LogTemp: Display: Loaded TP HTML5TargetPlatform
[2017.11.06-20.05.46:018][  0]LogTemp: Display: Loaded TP IOSTargetPlatform
[2017.11.06-20.05.46:065][  0]LogTemp: Display: Loaded TP TVOSTargetPlatform
[2017.11.06-20.05.46:137][  0]LogTemp: Display: Loaded TP LinuxClientTargetPlatform
[2017.11.06-20.05.46:221][  0]LogTemp: Display: Loaded TP LinuxNoEditorTargetPlatform
[2017.11.06-20.05.46:293][  0]LogTemp: Display: Loaded TP LinuxServerTargetPlatform
[2017.11.06-20.05.46:370][  0]LogTemp: Display: Loaded TP LinuxTargetPlatform
[2017.11.06-20.05.46:370][  0]LogTargetPlatformManager: Display: Building Assets For Windows
[2017.11.06-20.05.47:221][  0]LogDerivedDataCache: Display: Max Cache Size: 512 MB
[2017.11.06-20.05.47:221][  0]LogDerivedDataCache: Display: Starting with empty Boot cache
[2017.11.06-20.05.47:221][  0]LogDerivedDataCache: FDerivedDataBackendGraph:  Pak pak cache file ../../../../../../Users/che.c/Documents/Capstone/Beat-It/DerivedDataCache/DDC.ddp not found, will not use a pak cache.
[2017.11.06-20.05.47:221][  0]LogDerivedDataCache: Unable to find inner node Pak for hierarchical cache Hierarchy.
[2017.11.06-20.05.47:221][  0]LogDerivedDataCache: FDerivedDataBackendGraph:  CompressedPak pak cache file ../../../../../../Users/che.c/Documents/Capstone/Beat-It/DerivedDataCache/Compressed.ddp not found, will not use a pak cache.
[2017.11.06-20.05.47:221][  0]LogDerivedDataCache: Unable to find inner node CompressedPak for hierarchical cache Hierarchy.
[2017.11.06-20.05.47:240][  0]LogDerivedDataCache: Display: Pak cache opened for reading ../../../Engine/DerivedDataCache/Compressed.ddp.
[2017.11.06-20.05.47:252][  0]LogDerivedDataCache: Using Local data cache path C:/Users/che.c/AppData/Local/UnrealEngine/Common/DerivedDataCache: Writable
[2017.11.06-20.05.47:282][  0]LogMaterial: Verifying Global Shaders for PCD3D_SM5
[2017.11.06-20.05.47:285][  0]LogSlate: Using Freetype 2.6.0
[2017.11.06-20.05.47:291][  0]LogSlate: SlateFontCache - WITH_FREETYPE: 1, WITH_HARFBUZZ: 1
[2017.11.06-20.05.47:291][  0]LogSlate: SlateFontCache - WITH_FREETYPE: 1, WITH_HARFBUZZ: 1
[2017.11.06-20.05.47:819][  0]LogAssetRegistry: FAssetRegistry took 0.0271 seconds to start up
[2017.11.06-20.05.47:951][  0]LogInit: Selected Device Profile: [Windows]
[2017.11.06-20.05.48:258][  0]LogContentStreaming: Texture pool size is 0.00 MB
[2017.11.06-20.05.48:700][  0]LogSimplygon: Simplygon DLL not present - disabling.
[2017.11.06-20.05.48:758][  0]LogMeshReduction: Using SimplygonSwarm for distributed automatic mesh merging
[2017.11.06-20.05.48:758][  0]LogMeshReduction: Using QuadricMeshReduction for automatic static mesh reduction
[2017.11.06-20.05.48:759][  0]LogMeshReduction: No automatic skeletal mesh reduction module available
[2017.11.06-20.05.48:759][  0]LogMeshReduction: No automatic mesh merging module available
[2017.11.06-20.05.48:759][  0]LogMeshMerging: No automatic mesh merging module available
[2017.11.06-20.05.49:307][  0]LogNetVersion: MyProject , NetCL: 3573198, EngineNetVer: 2, GameNetVer: 0 (Checksum: 3113362612)
[2017.11.06-20.05.49:564][  0]LogPackageLocalizationCache: Processed 5 localized package path(s) for 2 prioritized culture(s) in 0.039940 seconds
[2017.11.06-20.05.49:569][  0]LogUObjectArray: 35825 objects as part of root set at end of initial load.
[2017.11.06-20.05.49:569][  0]LogUObjectAllocator: 7529104 out of 0 bytes used by permanent object pool.
[2017.11.06-20.05.49:569][  0]LogUObjectArray: CloseDisregardForGC: 0/0 objects in disregard for GC pool
[2017.11.06-20.05.49:652][  0]LogInit: WinSock: version 1.1 (2.2), MaxSocks=32767, MaxUdp=65467
[2017.11.06-20.05.53:621][  0]LogTcpMessaging: Initializing TcpMessaging bridge
[2017.11.06-20.05.53:694][  0]LogUdpMessaging: Initializing bridge on interface 0.0.0.0:0 to multicast group 230.0.0.1:6666.
[2017.11.06-20.05.54:712][  0]LogMaterial: Uniform references updated for custom material expression Custom.
[2017.11.06-20.05.55:298][  0]SourceControl: Source control is disabled
[2017.11.06-20.05.55:298][  0]SourceControl: Source control is disabled
[2017.11.06-20.05.55:431][  0]SourceControl: Source control is disabled
[2017.11.06-20.05.55:530][  0]SourceControl: Source control is disabled
[2017.11.06-20.05.56:465][  0]LogAndroidPermission: UAndroidPermissionCallbackProxy::GetInstance
[2017.11.06-20.05.56:811][  0]LogOcInput: OculusInput pre-init called
[2017.11.06-20.05.57:208][  0]LogEngine: Initializing Engine...
[2017.11.06-20.05.57:210][  0]LogHMD: Failed to initialize OpenVR with code 110
[2017.11.06-20.05.57:601][  0]LogStats: UGameplayTagsManager::ConstructGameplayTagTree: Construct from data asset -  0.000 s
[2017.11.06-20.05.57:601][  0]LogStats: UGameplayTagsManager::ConstructGameplayTagTree: GameplayTagTreeChangedEvent.Broadcast -  0.000 s
[2017.11.06-20.05.57:773][  0]LogAIModule: Creating AISystem for world Untitled
[2017.11.06-20.05.57:789][  0]LogInit: XAudio2 using 'Speakers / Headphones (Realtek High Definition Audio)' : 2 channels at 48 kHz using 32 bits per sample (channel mask 0x3)
[2017.11.06-20.05.57:809][  0]LogInit: FAudioDevice initialized.
[2017.11.06-20.05.57:863][  0]LogDerivedDataCache: Saved boot cache 0.05s 93MB C:/Users/che.c/AppData/Local/UnrealEngine/4.17/DerivedDataCache/Boot.ddc.
[2017.11.06-20.05.57:876][  0]LogInit: Texture streaming: Enabled
[2017.11.06-20.05.58:096][  0]LogEngineSessionManager: EngineSessionManager initialized
[2017.11.06-20.05.58:406][  0]LogWindowsTextInputMethodSystem: Display: IME system now deactivated.
[2017.11.06-20.05.58:567][  0]LogInit: Transaction tracking system initialized
[2017.11.06-20.05.59:079][  0]BlueprintLog: New page: Editor Load
[2017.11.06-20.06.00:642][  0]LocalizationService: Localization service is disabled
[2017.11.06-20.06.02:023][  0]LogConsoleResponse: Display: 
[2017.11.06-20.06.02:456][  0]LogCook: Display: Max memory allowance for cook 16384mb min free memory 0mb
[2017.11.06-20.06.02:456][  0]LogCook: Display: Mobile HDR setting 1
[2017.11.06-20.06.02:457][  0]LogGameplayTags: Display: UGameplayTagsManager::DoneAddingNativeTags. DelegateIsBound: 0
[2017.11.06-20.06.03:435][  0]LogFileCache: Scanning file cache for directory 'C:/Users/che.c/Documents/Capstone/Beat-It/Content/' took 0.01s
[2017.11.06-20.06.04:284][  0]SourceControl: Source control is disabled
[2017.11.06-20.06.04:286][  0]Cmd: MAP LOAD FILE="../../../Engine/Content/Maps/Templates/Template_Default.umap" TEMPLATE=1 SHOWPROGRESS=1 FEATURELEVEL=3
[2017.11.06-20.06.04:289][  0]LightingResults: New page: Lighting Build
[2017.11.06-20.06.04:340][  0]MapCheck: New page: Map Check
[2017.11.06-20.06.04:340][  0]LightingResults: New page: Lighting Build
[2017.11.06-20.06.04:532][  0]LogAIModule: Creating AISystem for world Untitled_1
[2017.11.06-20.06.04:578][  0]LogEditorServer: Finished looking for orphan Actors (0.000 secs)
[2017.11.06-20.06.04:596][  0]Cmd: MAP CHECKDEP NOCLEARLOG
[2017.11.06-20.06.04:658][  0]MapCheck: Map check complete: 0 Error(s), 0 Warning(s), took 62.871ms to complete.
[2017.11.06-20.06.04:658][  0]LogFileHelpers: Loading map 'Template_Default' took 0.374
[2017.11.06-20.06.04:847][  0]LogCollectionManager: Loaded 0 collections in 0.001248 seconds
[2017.11.06-20.06.04:946][  0]LogFileCache: Scanning file cache for directory 'C:/Users/che.c/Documents/Capstone/Beat-It/Saved/Collections/' took 0.01s
[2017.11.06-20.06.04:946][  0]LogFileCache: Scanning file cache for directory 'C:/Users/che.c/Documents/Capstone/Beat-It/Content/Developers/chec/Collections/' took 0.01s
[2017.11.06-20.06.04:946][  0]LogFileCache: Scanning file cache for directory 'C:/Users/che.c/Documents/Capstone/Beat-It/Content/Collections/' took 0.01s
[2017.11.06-20.06.04:946][  0]LogCollectionManager: Rebuilt the GUID cache for 0 collections in 0.000001 seconds
[2017.11.06-20.06.04:955][  0]LogContentBrowser: Native class hierarchy populated in 0.0082 seconds. Added 2386 classes and 500 folders.
[2017.11.06-20.06.05:037][  0]LogContentBrowser: Native class hierarchy updated for 'WidgetCarousel' in 0.0006 seconds. Added 0 classes and 0 folders.
[2017.11.06-20.06.05:126][  0]LogContentBrowser: Native class hierarchy updated for 'AddContentDialog' in 0.0006 seconds. Added 0 classes and 0 folders.
[2017.11.06-20.06.05:196][  0]LogContentBrowser: Native class hierarchy updated for 'SceneOutliner' in 0.0006 seconds. Added 1 classes and 2 folders.
[2017.11.06-20.06.05:375][  0]LogContentBrowser: Native class hierarchy updated for 'HierarchicalLODOutliner' in 0.0007 seconds. Added 1 classes and 2 folders.
[2017.11.06-20.06.05:376][  0]LogLoad: (Engine Initialization) Total time: 26.83 seconds
[2017.11.06-20.06.05:376][  0]LogLoad: (Engine Initialization) Total Blueprint compile time: 0.00 seconds
[2017.11.06-20.06.05:376][  0]LogExternalProfiler: Found external profiler: VSPerf
[2017.11.06-20.06.05:376][  0]LogExternalProfiler: Using external profiler: VSPerf
[2017.11.06-20.06.05:405][  0]LogContentStreaming: Texture pool size now 1000 MB
[2017.11.06-20.06.05:407][  0]LogSlate: Took 0.000910 seconds to synchronously load lazily loaded font '../../../Engine/Content/Slate/Fonts/Roboto-Regular.ttf' (155K)
[2017.11.06-20.06.05:410][  0]LogSlate: Took 0.000812 seconds to synchronously load lazily loaded font '../../../Engine/Content/Slate/Fonts/Roboto-Bold.ttf' (160K)
[2017.11.06-20.06.05:416][  0]LogSlate: Took 0.001047 seconds to synchronously load lazily loaded font '../../../Engine/Content/Editor/Slate/Fonts/FontAwesome.ttf' (139K)
[2017.11.06-20.06.05:503][  0]LogSlate: Took 0.000837 seconds to synchronously load lazily loaded font '../../../Engine/Content/Slate/Fonts/Roboto-Light.ttf' (159K)
[2017.11.06-20.06.05:533][  1]LogAssetRegistry: Asset discovery search completed in 17.7464 seconds
[2017.11.06-20.06.05:534][  1]LogCollectionManager: Rebuilt the object cache for 0 collections in 0.000001 seconds (found 0 objects)
[2017.11.06-20.06.05:534][  1]LogCollectionManager: Fixed up redirectors for 0 collections in 0.000048 seconds (updated 0 objects)
[2017.11.06-20.06.05:555][  2]LogRenderer: Reallocating scene render targets to support 804x360 Format 10 NumSamples 1 (Frame:1).
[2017.11.06-20.06.06:409][ 89]LogSlate: Took 0.000199 seconds to synchronously load lazily loaded font '../../../Engine/Content/Slate/Fonts/Roboto-Light.ttf' (159K)
[2017.11.06-20.06.09:754][480]LogRenderer: Reallocating scene render targets to support 1208x576 Format 10 NumSamples 1 (Frame:460).
[2017.11.06-20.06.12:607][810]LogStreaming: Warning: Failed to open ANSI TEXT file C:/Users/che.c/Documents/Capstone/Beat-It/Saved/HardwareSurvey/dxdiag.txt
[2017.11.06-20.06.12:667][811]LogSynthBenchmark: Display: FSynthBenchmark (V0.95):  requested WorkScale=5.00
[2017.11.06-20.06.12:667][811]LogSynthBenchmark: Display: ===============
[2017.11.06-20.06.12:667][811]LogSynthBenchmark: Display: Main Processor:
[2017.11.06-20.06.12:829][811]LogSynthBenchmark: Display:          ... 0.017258 s/Run 'RayIntersect'
[2017.11.06-20.06.12:829][811]LogSynthBenchmark: Display:          ... 0.015075 s/Run 'Fractal'
[2017.11.06-20.06.12:829][811]LogSynthBenchmark: Display: 
[2017.11.06-20.06.12:829][811]LogSynthBenchmark: Display:   CompiledTarget_x_Bits: 64
[2017.11.06-20.06.12:829][811]LogSynthBenchmark: Display:   UE_BUILD_SHIPPING: 0
[2017.11.06-20.06.12:829][811]LogSynthBenchmark: Display:   UE_BUILD_TEST: 0
[2017.11.06-20.06.12:829][811]LogSynthBenchmark: Display:   UE_BUILD_DEBUG: 0
[2017.11.06-20.06.12:829][811]LogSynthBenchmark: Display:   TotalPhysicalGBRam: 32
[2017.11.06-20.06.12:829][811]LogSynthBenchmark: Display:   NumberOfCores (physical): 6
[2017.11.06-20.06.12:829][811]LogSynthBenchmark: Display:   NumberOfCores (logical): 12
[2017.11.06-20.06.12:829][811]LogSynthBenchmark: Display:   CPU Perf Index 0: 148.4 (weight 1.00)
[2017.11.06-20.06.12:829][811]LogSynthBenchmark: Display:   CPU Perf Index 1: 189.7 (weight 1.50)
[2017.11.06-20.06.12:829][811]LogSynthBenchmark: Display:  
[2017.11.06-20.06.12:829][811]LogSynthBenchmark: Display: Graphics:
[2017.11.06-20.06.12:829][811]LogSynthBenchmark: Display:   Adapter Name: 'NVIDIA GeForce GTX 1080'
[2017.11.06-20.06.12:829][811]LogSynthBenchmark: Display:   (On Optimus the name might be wrong, memory should be ok)
[2017.11.06-20.06.12:829][811]LogSynthBenchmark: Display:   Vendor Id: 0x10DE
[2017.11.06-20.06.12:829][811]LogSynthBenchmark: Display:   Device Id: 0x1B80
[2017.11.06-20.06.12:829][811]LogSynthBenchmark: Display:   Device Revision: 0xA1
[2017.11.06-20.06.12:829][811]LogSynthBenchmark: Display:   GPU Memory: 8086/0/16346 MB
[2017.11.06-20.06.12:920][811]LogSynthBenchmark: Display:   GPU first test: 0.01s
[2017.11.06-20.06.12:920][811]LogSynthBenchmark: Display:          ... 11.700 s/GigaPix, Confidence=100% 'ALUHeavyNoise' (likely to be very inaccurate)
[2017.11.06-20.06.12:920][811]LogSynthBenchmark: Display:          ... 10.322 s/GigaPix, Confidence=100% 'TexHeavy' (likely to be very inaccurate)
[2017.11.06-20.06.12:920][811]LogSynthBenchmark: Display:          ... 8.326 s/GigaPix, Confidence=89% 'DepTexHeavy' (likely to be very inaccurate)
[2017.11.06-20.06.12:920][811]LogSynthBenchmark: Display:          ... 36.468 s/GigaPix, Confidence=89% 'FillOnly' (likely to be very inaccurate)
[2017.11.06-20.06.12:920][811]LogSynthBenchmark: Display:          ... 1.283 s/GigaPix, Confidence=100% 'Bandwidth' (likely to be very inaccurate)
[2017.11.06-20.06.12:920][811]LogSynthBenchmark: Display:          ... 53.080 s/GigaVert, Confidence=30% 'VertThroughPut1' (likely to be very inaccurate)
[2017.11.06-20.06.12:920][811]LogSynthBenchmark: Display:          ... 7.676 s/GigaVert, Confidence=100% 'VertThroughPut2' (likely to be very inaccurate)
[2017.11.06-20.06.13:030][811]LogSynthBenchmark: Display:   GPU second test: 0.07s
[2017.11.06-20.06.13:030][811]LogSynthBenchmark: Display:          ... 17.847 s/GigaPix, Confidence=100% 'ALUHeavyNoise' (likely to be inaccurate)
[2017.11.06-20.06.13:030][811]LogSynthBenchmark: Display:          ... 14.991 s/GigaPix, Confidence=100% 'TexHeavy' (likely to be inaccurate)
[2017.11.06-20.06.13:030][811]LogSynthBenchmark: Display:          ... 13.480 s/GigaPix, Confidence=89% 'DepTexHeavy' (likely to be inaccurate)
[2017.11.06-20.06.13:030][811]LogSynthBenchmark: Display:          ... 74.183 s/GigaPix, Confidence=100% 'FillOnly' (likely to be inaccurate)
[2017.11.06-20.06.13:030][811]LogSynthBenchmark: Display:          ... 1.373 s/GigaPix, Confidence=100% 'Bandwidth' (likely to be inaccurate)
[2017.11.06-20.06.13:030][811]LogSynthBenchmark: Display:          ... 7.978 s/GigaVert, Confidence=100% 'VertThroughPut1' (likely to be inaccurate)
[2017.11.06-20.06.13:030][811]LogSynthBenchmark: Display:          ... 5.831 s/GigaVert, Confidence=100% 'VertThroughPut2' (likely to be inaccurate)
[2017.11.06-20.06.13:679][811]LogSynthBenchmark: Display:   GPU third test: 0.61s
[2017.11.06-20.06.13:679][811]LogSynthBenchmark: Display:          ... 22.842 s/GigaPix, Confidence=89% 'ALUHeavyNoise'
[2017.11.06-20.06.13:679][811]LogSynthBenchmark: Display:          ... 17.908 s/GigaPix, Confidence=100% 'TexHeavy'
[2017.11.06-20.06.13:679][811]LogSynthBenchmark: Display:          ... 16.979 s/GigaPix, Confidence=100% 'DepTexHeavy'
[2017.11.06-20.06.13:679][811]LogSynthBenchmark: Display:          ... 99.023 s/GigaPix, Confidence=89% 'FillOnly'
[2017.11.06-20.06.13:679][811]LogSynthBenchmark: Display:          ... 1.612 s/GigaPix, Confidence=100% 'Bandwidth'
[2017.11.06-20.06.13:679][811]LogSynthBenchmark: Display:          ... 6.584 s/GigaVert, Confidence=100% 'VertThroughPut1'
[2017.11.06-20.06.13:679][811]LogSynthBenchmark: Display:          ... 6.706 s/GigaVert, Confidence=100% 'VertThroughPut2'
[2017.11.06-20.06.13:679][811]LogSynthBenchmark: Display:   GPU Final Results:
[2017.11.06-20.06.13:679][811]LogSynthBenchmark: Display:          ... 22.842 s/GigaPix, Confidence=89% 'ALUHeavyNoise'
[2017.11.06-20.06.13:679][811]LogSynthBenchmark: Display:          ... 17.908 s/GigaPix, Confidence=100% 'TexHeavy'
[2017.11.06-20.06.13:679][811]LogSynthBenchmark: Display:          ... 16.979 s/GigaPix, Confidence=100% 'DepTexHeavy'
[2017.11.06-20.06.13:679][811]LogSynthBenchmark: Display:          ... 99.023 s/GigaPix, Confidence=89% 'FillOnly'
[2017.11.06-20.06.13:679][811]LogSynthBenchmark: Display:          ... 1.612 s/GigaPix, Confidence=100% 'Bandwidth'
[2017.11.06-20.06.13:679][811]LogSynthBenchmark: Display:          ... 6.584 s/GigaVert, Confidence=100% 'VertThroughPut1'
[2017.11.06-20.06.13:679][811]LogSynthBenchmark: Display:          ... 6.706 s/GigaVert, Confidence=100% 'VertThroughPut2'
[2017.11.06-20.06.13:679][811]LogSynthBenchmark: Display: 
[2017.11.06-20.06.13:679][811]LogSynthBenchmark: Display:   GPU Perf Index 0: 496.5 (weight 1.00)
[2017.11.06-20.06.13:679][811]LogSynthBenchmark: Display:   GPU Perf Index 1: 240.5 (weight 0.10)
[2017.11.06-20.06.13:679][811]LogSynthBenchmark: Display:   GPU Perf Index 2: 441.3 (weight 0.10)
[2017.11.06-20.06.13:679][811]LogSynthBenchmark: Display:   GPU Perf Index 3: 388.9 (weight 3.00)
[2017.11.06-20.06.13:679][811]LogSynthBenchmark: Display:   GPU Perf Index 4: 150.4 (weight 1.00)
[2017.11.06-20.06.13:679][811]LogSynthBenchmark: Display:   GPU Perf Index 5: 428.4 (weight 0.00)
[2017.11.06-20.06.13:679][811]LogSynthBenchmark: Display:   GPU Perf Index 6: 379.5 (weight 0.00)
[2017.11.06-20.06.13:679][811]LogSynthBenchmark: Display:   CPUIndex: 173.2
[2017.11.06-20.06.13:679][811]LogSynthBenchmark: Display:   GPUIndex: 361.9
[2017.11.06-20.06.13:679][811]LogSynthBenchmark: Display: 
[2017.11.06-20.06.13:679][811]LogSynthBenchmark: Display:          ... Total Time: 1.012173 sec
[2017.11.06-20.06.54:303][630]LogTemp: Repeating last play command: Selected Viewport
[2017.11.06-20.06.54:397][630]LogPlayLevel: PlayLevel: No blueprints needed recompiling
[2017.11.06-20.06.54:398][630]PIE: New page: PIE session: Untitled_1 (Nov 6, 2017, 10:06:54 AM)
[2017.11.06-20.06.54:398][630]LogPlayLevel: Creating play world package: /Temp/UEDPIE_0_Untitled_1
[2017.11.06-20.06.54:400][630]LogPlayLevel: PIE: StaticDuplicateObject took: (0.001830s)
[2017.11.06-20.06.54:400][630]LogAIModule: Creating AISystem for world Untitled_1
[2017.11.06-20.06.54:400][630]LogPlayLevel: PIE: World Init took: (0.000579s)
[2017.11.06-20.06.54:400][630]LogPlayLevel: PIE: Created PIE world by copying editor world from /Temp/Untitled_1.Untitled_1 to /Temp/UEDPIE_0_Untitled_1.Untitled_1 (0.002610s)
[2017.11.06-20.06.54:423][630]LogInit: XAudio2 using 'Speakers / Headphones (Realtek High Definition Audio)' : 2 channels at 48 kHz using 32 bits per sample (channel mask 0x3)
[2017.11.06-20.06.54:439][630]LogInit: FAudioDevice initialized.
[2017.11.06-20.06.54:775][630]LogLoad: Game class is 'MOBA_AI_GameMode_C'
[2017.11.06-20.06.54:778][630]LogWorld: Bringing World /Temp/UEDPIE_0_Untitled_1.Untitled_1 up for play (max tick rate 0) at 2017.11.06-15.06.54
[2017.11.06-20.06.54:779][630]LogWorld: Bringing up level for play took: 0.001133
[2017.11.06-20.06.54:830][630]LogContentBrowser: Native class hierarchy updated for 'MovieSceneCapture' in 0.0006 seconds. Added 11 classes and 0 folders.
[2017.11.06-20.06.54:830][630]LogGameMode: Display: Match State Changed from EnteringMap to WaitingToStart
[2017.11.06-20.06.54:830][630]LogGameState: Match State Changed from EnteringMap to WaitingToStart
[2017.11.06-20.06.54:830][630]LogGameMode: Display: Match State Changed from WaitingToStart to InProgress
[2017.11.06-20.06.54:832][630]LogGameState: Match State Changed from WaitingToStart to InProgress
[2017.11.06-20.06.54:832][630]PIE: Play in editor start time for /Temp/UEDPIE_0_Untitled_1 0.813
[2017.11.06-20.07.05:105][844]LogEditorViewport: Clicking on Actor (LMB): BP_Sky_Sphere_C (Sky Sphere)
[2017.11.06-20.07.05:774][915]LogEditorViewport: Clicking on Actor (LMB): StaticMeshActor (Floor)
[2017.11.06-20.07.35:671][403]LogSlate: Took 0.000188 seconds to synchronously load lazily loaded font '../../../Engine/Content/Slate/Fonts/Roboto-Light.ttf' (159K)
[2017.11.06-20.07.36:025][403]LogContentBrowser: Native class hierarchy updated for 'BlueprintGraph' in 0.0009 seconds. Added 113 classes and 0 folders.
[2017.11.06-20.07.36:609][403]LogSlate: Took 0.001305 seconds to synchronously load lazily loaded font '../../../Engine/Content/Editor/Slate/Fonts/Roboto-BoldCondensed.ttf' (158K)
[2017.11.06-20.21.36:176][340]Cmd: MAP LOAD FILE="../../../../../../Users/che.c/Documents/Capstone/Beat-It/Content/VirtualRealityBP/Maps/MotionControllerMap.umap" TEMPLATE=0 SHOWPROGRESS=1 FEATURELEVEL=3
[2017.11.06-20.21.36:186][340]LightingResults: New page: Lighting Build
[2017.11.06-20.21.36:187][340]LoadErrors: New page: Loading map: MotionControllerMap.umap
[2017.11.06-20.21.36:188][340]MapCheck: New page: Map Check
[2017.11.06-20.21.36:188][340]LightingResults: New page: Lighting Build
[2017.11.06-20.21.36:482][340]LogBlueprint: Warning: [Compiler MotionControllerPawn] Get Input Axis references unknown Axis 'MotionControllerThumbRight_X' for  Get MotionControllerThumbRight_X
[2017.11.06-20.21.36:482][340]LogBlueprint: Warning: [Compiler MotionControllerPawn] Get Input Axis references unknown Axis 'MotionControllerThumbRight_Y' for  Get MotionControllerThumbRight_Y
[2017.11.06-20.21.36:482][340]LogBlueprint: Warning: [Compiler MotionControllerPawn] Get Input Axis references unknown Axis 'MotionControllerThumbLeft_Y' for  Get MotionControllerThumbLeft_Y
[2017.11.06-20.21.36:482][340]LogBlueprint: Warning: [Compiler MotionControllerPawn] Get Input Axis references unknown Axis 'MotionControllerThumbLeft_X' for  Get MotionControllerThumbLeft_X
[2017.11.06-20.21.36:483][340]LogBlueprint: Warning: [Compiler MotionControllerPawn] InputAction Event references unknown Action 'TeleportRight' for  InputAction TeleportRight
[2017.11.06-20.21.36:483][340]LogBlueprint: Warning: [Compiler MotionControllerPawn] InputAction Event references unknown Action 'TeleportLeft' for  InputAction TeleportLeft
[2017.11.06-20.21.36:483][340]LogBlueprint: Warning: [Compiler MotionControllerPawn] InputAction Event references unknown Action 'GrabRight' for  InputAction GrabRight
[2017.11.06-20.21.36:483][340]LogBlueprint: Warning: [Compiler MotionControllerPawn] InputAction Event references unknown Action 'GrabLeft' for  InputAction GrabLeft
[2017.11.06-20.21.36:489][340]LogBlueprint: Warning: [Compiler MotionControllerPawn] [0957.97] Compile of MotionControllerPawn successful, but with 8 Warning(s) [in 24 ms] (/Game/VirtualRealityBP/Blueprints/MotionControllerPawn.MotionControllerPawn)
[2017.11.06-20.21.36:727][340]LogTexture: Display: Building textures: HQ_Lightmap0_3 (AutoDXT, 64X64)
[2017.11.06-20.21.36:727][340]LogTexture: Display: Building textures: LQ_Lightmap_0_3 (DXT1, 64X64)
[2017.11.06-20.21.36:727][340]LogTexture: Display: Building textures: HQ_Lightmap0_2 (AutoDXT, 128X128)
[2017.11.06-20.21.36:727][340]LogTexture: Display: Building textures: LQ_Lightmap_0_2 (DXT1, 128X128)
[2017.11.06-20.21.36:727][340]LogTexture: Display: Building textures: ShadowMapTexture2D_2 (G8, 32X32)
[2017.11.06-20.21.36:727][340]LogTexture: Display: Building textures: ShadowMapTexture2D_1 (BGRA8, 128X64)
[2017.11.06-20.21.36:727][340]LogTexture: Display: Building textures: ShadowMapTexture2D_0 (BGRA8, 512X512)
[2017.11.06-20.21.36:727][340]LogTexture: Display: Building textures: HQ_Lightmap0_1 (AutoDXT, 1024X1024)
[2017.11.06-20.21.36:727][340]LogTexture: Display: Building textures: LQ_Lightmap_0_1 (DXT1, 1024X1024)
[2017.11.06-20.21.36:729][340]LogMaterial: Missing cached shader map for material M_TeleportPreviews, compiling. 
[2017.11.06-20.21.36:748][340]LogMaterial: Missing cached shader map for material M_SplineArcMat, compiling. 
[2017.11.06-20.21.36:767][340]LogMaterial: Missing cached shader map for material M_HandMat, compiling. 
[2017.11.06-20.21.36:842][340]LogMaterial: Missing cached shader map for material M_BaseMaterial, compiling. 
[2017.11.06-20.21.36:926][340]LogMaterial: Missing cached shader map for material M_ArcEndpoint, compiling. 
[2017.11.06-20.21.36:964][340]LogMaterial: Missing cached shader map for material lambert1, compiling. 
[2017.11.06-20.21.37:103][340]LogMaterial: Missing cached shader map for material M_Wood_Pine, compiling. 
[2017.11.06-20.21.37:169][340]LogAIModule: Creating AISystem for world MotionControllerMap
[2017.11.06-20.21.37:187][340]LogEditorServer: Finished looking for orphan Actors (0.000 secs)
[2017.11.06-20.21.37:240][340]Cmd: MAP CHECKDEP NOCLEARLOG
[2017.11.06-20.21.37:368][340]MapCheck: Map check complete: 0 Error(s), 0 Warning(s), took 127.989ms to complete.
[2017.11.06-20.21.37:369][340]LogFileHelpers: Loading map 'MotionControllerMap' took 1.195
[2017.11.06-20.21.53:261][946]LogTemp: Executing iPhonePackager certificates Engine -bundlename com.YourCompany.MyProject
[2017.11.06-20.21.53:261][946]LogTemp: CWD: C:\Program Files\Epic Games\UE_4.17\Engine\Binaries\DotNET\IOS
[2017.11.06-20.21.53:261][946]LogTemp: Initial Dir: C:\Program Files\Epic Games\UE_4.17
[2017.11.06-20.21.53:261][946]LogTemp: Env CWD: C:\Program Files\Epic Games\UE_4.17\Engine\Binaries\DotNET\IOS
[2017.11.06-20.21.53:272][947]LogTemp: BranchPath = WFX484D7EDA9A5F/C/Program Files/Epic Games/UE_4.17/Engine/Binaries --- GameBranchPath = WFX484D7EDA9A5F/C/Program Files/Epic Games/UE_4.17/Engine/Binaries
[2017.11.06-20.21.53:288][949]LogTemp: IPP ERROR: Could not find provision directory 'C:\Users\che.c\AppData\Local/Apple Computer/MobileDevice/Provisioning Profiles/'.
[2017.11.06-20.23.09:290][883]LogTemp: Executing iPhonePackager certificates Engine -bundlename com.YourCompany.MyProject
[2017.11.06-20.23.09:290][883]LogTemp: CWD: C:\Program Files\Epic Games\UE_4.17\Engine\Binaries\DotNET\IOS
[2017.11.06-20.23.09:290][883]LogTemp: Initial Dir: C:\Program Files\Epic Games\UE_4.17
[2017.11.06-20.23.09:290][883]LogTemp: Env CWD: C:\Program Files\Epic Games\UE_4.17\Engine\Binaries\DotNET\IOS
[2017.11.06-20.23.09:300][884]LogTemp: BranchPath = WFX484D7EDA9A5F/C/Program Files/Epic Games/UE_4.17/Engine/Binaries --- GameBranchPath = WFX484D7EDA9A5F/C/Program Files/Epic Games/UE_4.17/Engine/Binaries
[2017.11.06-20.23.09:307][885]LogTemp: IPP ERROR: Could not find provision directory 'C:\Users\che.c\AppData\Local/Apple Computer/MobileDevice/Provisioning Profiles/'.
