Log file open, 10/30/17 15:03:15
LogWindows: Failed to load 'aqProf.dll' (GetLastError=126)
LogWindows: File 'aqProf.dll' does not exist
LogWindows: Failed to load 'VtuneApi.dll' (GetLastError=126)
LogWindows: File 'VtuneApi.dll' does not exist
LogWindows: Failed to load 'VtuneApi32e.dll' (GetLastError=126)
LogWindows: File 'VtuneApi32e.dll' does not exist
LogInit: Display: Running engine for game: MyProject
LogPlatformFile: Not using cached read wrapper
LogInit: Display: RandInit(-1170319907) SRandInit(-1170319906).
LogTaskGraph: Started task graph with 5 named threads and 20 total threads with 3 sets of task threads.
LogStats: Stats thread started at 0.229489
LogD3D11RHI: Aftermath initialized
LogPluginManager: Mounting plugin Paper2D
LogPluginManager: Mounting plugin LightPropagationVolume
LogPluginManager: Mounting plugin CodeLiteSourceCodeAccess
LogPluginManager: Mounting plugin GitSourceControl
LogPluginManager: Mounting plugin KDevelopSourceCodeAccess
LogPluginManager: Mounting plugin NullSourceCodeAccess
LogPluginManager: Mounting plugin PerforceSourceControl
LogPluginManager: Mounting plugin SubversionSourceControl
LogPluginManager: Mounting plugin UObjectPlugin
LogPluginManager: Mounting plugin VisualStudioSourceCodeAccess
LogPluginManager: Mounting plugin XCodeSourceCodeAccess
LogPluginManager: Mounting plugin AssetManagerEditor
LogPluginManager: Mounting plugin AudioCapture
LogPluginManager: Mounting plugin FacialAnimation
LogPluginManager: Mounting plugin GameplayTagsEditor
LogPluginManager: Mounting plugin MobileLauncherProfileWizard
LogPluginManager: Mounting plugin PluginBrowser
LogPluginManager: Mounting plugin SpeedTreeImporter
LogPluginManager: Mounting plugin AlembicImporter
LogPluginManager: Mounting plugin CharacterAI
LogPluginManager: Mounting plugin HTML5Networking
LogPluginManager: Mounting plugin AndroidMedia
LogPluginManager: Mounting plugin AvfMedia
LogPluginManager: Mounting plugin MediaPlayerEditor
LogPluginManager: Mounting plugin WmfMedia
LogPluginManager: Mounting plugin TcpMessaging
LogPluginManager: Mounting plugin UdpMessaging
LogPluginManager: Mounting plugin LevelSequenceEditor
LogPluginManager: Mounting plugin MatineeToLevelSequence
LogPluginManager: Mounting plugin OnlineSubsystemGooglePlay
LogPluginManager: Mounting plugin OnlineSubsystemIOS
LogPluginManager: Mounting plugin OnlineSubsystem
LogPluginManager: Mounting plugin OnlineSubsystemNull
LogPluginManager: Mounting plugin OnlineSubsystemUtils
LogPluginManager: Mounting plugin AndroidDeviceProfileSelector
LogPluginManager: Mounting plugin AndroidMoviePlayer
LogPluginManager: Mounting plugin AndroidPermission
LogPluginManager: Mounting plugin AppleMoviePlayer
LogPluginManager: Mounting plugin ArchVisCharacter
LogPluginManager: Mounting plugin CableComponent
LogPluginManager: Mounting plugin CustomMeshComponent
LogPluginManager: Mounting plugin ExampleDeviceProfileSelector
LogPluginManager: Mounting plugin GoogleCloudMessaging
LogPluginManager: Mounting plugin ImmediatePhysics
LogPluginManager: Mounting plugin IOSDeviceProfileSelector
LogPluginManager: Mounting plugin LinuxDeviceProfileSelector
LogPluginManager: Mounting plugin LocationServicesBPLibrary
LogPluginManager: Mounting plugin MobilePatchingUtils
LogPluginManager: Mounting plugin OculusVR
LogPluginManager: Mounting plugin PhysXVehicles
LogPluginManager: Mounting plugin ProceduralMeshComponent
LogPluginManager: Mounting plugin RuntimePhysXCooking
LogPluginManager: Mounting plugin SteamVR
LogPluginManager: Mounting plugin WindowsMoviePlayer
LogInit: Using libcurl 7.47.1
LogInit:  - built for x86_64-pc-win32
LogInit:  - supports SSL with OpenSSL/1.0.2g
LogInit:  - supports HTTP deflate (compression) using libz 1.2.8
LogInit:  - other features:
LogInit:      CURL_VERSION_SSL
LogInit:      CURL_VERSION_LIBZ
LogInit:      CURL_VERSION_IPV6
LogInit:      CURL_VERSION_ASYNCHDNS
LogInit:      CURL_VERSION_LARGEFILE
LogInit:      CURL_VERSION_IDN
LogInit:  CurlRequestOptions (configurable via config and command line):
LogInit:  - bVerifyPeer = false  - Libcurl will NOT verify peer certificate
LogInit:  - bUseHttpProxy = false  - Libcurl will NOT use HTTP proxy
LogInit:  - bDontReuseConnections = false  - Libcurl will reuse connections
LogInit:  - CertBundlePath = nullptr  - Libcurl will use whatever was configured at build time.
LogHMD: Failed initializing OVRPlugin 1.15.0
LogInit: Build: ++UE4+Release-4.17-CL-3658906
LogInit: Engine Version: 4.17.2-3658906+++UE4+Release-4.17
LogInit: Compatible Engine Version: 4.17.0-3573198+++UE4+Release-4.17
LogInit: Net CL: 3573198
LogDevObjectVersion: Number of dev versions registered: 16
LogDevObjectVersion:   Dev-Blueprints (B0D832E4-1F89-4F0D-ACCF-7EB736FD4AA2): 10
LogDevObjectVersion:   Dev-Build (E1C64328-A22C-4D53-A36C-8E866417BD8C): 0
LogDevObjectVersion:   Dev-Core (375EC13C-06E4-48FB-B500-84F0262A717E): 2
LogDevObjectVersion:   Dev-Editor (E4B068ED-F494-42E9-A231-DA0B2E46BB41): 20
LogDevObjectVersion:   Dev-Framework (CFFC743F-43B0-4480-9391-14DF171D2073): 28
LogDevObjectVersion:   Dev-Mobile (B02B49B5-BB20-44E9-A304-32B752E40360): 0
LogDevObjectVersion:   Dev-Networking (A4E4105C-59A1-49B5-A7C5-40C4547EDFEE): 0
LogDevObjectVersion:   Dev-Online (39C831C9-5AE6-47DC-9A44-9C173E1C8E7C): 0
LogDevObjectVersion:   Dev-Physics (78F01B33-EBEA-4F98-B9B4-84EACCB95AA2): 0
LogDevObjectVersion:   Dev-Platform (6631380F-2D4D-43E0-8009-CF276956A95A): 0
LogDevObjectVersion:   Dev-Rendering (12F88B9F-8875-4AFC-A67C-D90C383ABD29): 19
LogDevObjectVersion:   Dev-Sequencer (7B5AE74C-D270-4C10-A958-57980B212A5A): 4
LogDevObjectVersion:   Dev-VR (D7296918-1DD6-4BDD-9DE2-64A83CC13884): 0
LogDevObjectVersion:   Dev-LoadTimes (C2A15278-BFE7-4AFE-6C17-90FF531DF755): 1
LogDevObjectVersion:   Private-Geometry (6EACA3D4-40EC-4CC1-B786-8BED09428FC5): 1
LogDevObjectVersion:   Dev-AnimPhys (29E575DD-E0A3-4627-9D10-D276232CDCEA): 7
LogInit: Compiled (64-bit): Sep 22 2017 13:47:16
LogInit: Compiled with Visual C++: 19.00.24215.01
LogInit: Build Configuration: Development
LogInit: Branch Name: ++UE4+Release-4.17
LogInit: Command line: -EpicPortal 
LogInit: Base directory: C:/Program Files/Epic Games/UE_4.17/Engine/Binaries/Win64/
LogInit: Installed Engine Build: 1
LogInit: Presizing for max 8388607 objects, including 0 objects not considered by GC, pre-allocating 0 bytes for permanent pool.
LogInit: Object subsystem initialized
[2017.10.30-19.03.16:840][  0]LogInit: Selected Device Profile: [Windows]
[2017.10.30-19.03.16:840][  0]LogInit: Applying CVar settings loaded from the selected device profile: [Windows]
[2017.10.30-19.03.16:849][  0]LogInit: Computer: WFX484D7EDA9A40
[2017.10.30-19.03.16:849][  0]LogInit: User: tiang
[2017.10.30-19.03.16:849][  0]LogInit: CPU Page size=4096, Cores=6
[2017.10.30-19.03.16:849][  0]LogInit: High frequency timer resolution =3.507502 MHz
[2017.10.30-19.03.16:849][  0]LogMemory: Memory total: Physical=31.9GB (32GB approx)
[2017.10.30-19.03.16:849][  0]LogMemory: Platform Memory Stats for Windows
[2017.10.30-19.03.16:849][  0]LogMemory: Process Physical Memory: 284.30 MB used, 284.30 MB peak
[2017.10.30-19.03.16:849][  0]LogMemory: Process Virtual Memory: 283.15 MB used, 283.15 MB peak
[2017.10.30-19.03.16:849][  0]LogMemory: Physical Memory: 10093.18 MB used,  22596.87 MB free, 32690.05 MB total
[2017.10.30-19.03.16:849][  0]LogMemory: Virtual Memory: 704.12 MB used,  22596.87 MB free, 134217728.00 MB total
[2017.10.30-19.03.17:083][  0]LogInit: Using OS detected language (en-US).
[2017.10.30-19.03.17:083][  0]LogInit: Using OS detected locale (en-US).
[2017.10.30-19.03.17:091][  0]LogTextLocalizationManager: No specific localization for 'en-US' exists, so the 'en' localization will be used.
[2017.10.30-19.03.17:727][  0]LogD3D11RHI: D3D11 adapters:
[2017.10.30-19.03.17:761][  0]LogD3D11RHI:    0. 'NVIDIA GeForce GTX 1080' (Feature Level 11_0)
[2017.10.30-19.03.17:761][  0]LogD3D11RHI:       8086/0/16345 MB DedicatedVideo/DedicatedSystem/SharedSystem, Outputs:1, VendorId:0x10de
[2017.10.30-19.03.17:762][  0]LogD3D11RHI:    1. 'Microsoft Basic Render Driver' (Feature Level 11_0)
[2017.10.30-19.03.17:762][  0]LogD3D11RHI:       0/0/16345 MB DedicatedVideo/DedicatedSystem/SharedSystem, Outputs:0, VendorId:0x1414
[2017.10.30-19.03.17:762][  0]LogD3D11RHI: Chosen D3D11 Adapter: 0
[2017.10.30-19.03.17:768][  0]LogD3D11RHI: Creating new Direct3DDevice
[2017.10.30-19.03.17:768][  0]LogD3D11RHI:     GPU DeviceId: 0x1b80 (for the marketing name, search the web for "GPU Device Id")
[2017.10.30-19.03.17:768][  0]LogWindows: EnumDisplayDevices:
[2017.10.30-19.03.17:768][  0]LogWindows:    0. 'NVIDIA GeForce GTX 1080' (P:1 D:1)
[2017.10.30-19.03.17:769][  0]LogWindows:    1. 'NVIDIA GeForce GTX 1080' (P:0 D:0)
[2017.10.30-19.03.17:769][  0]LogWindows:    2. 'NVIDIA GeForce GTX 1080' (P:0 D:0)
[2017.10.30-19.03.17:769][  0]LogWindows:    3. 'NVIDIA GeForce GTX 1080' (P:0 D:0)
[2017.10.30-19.03.17:769][  0]LogWindows: DebugString: FoundDriverCount:4 
[2017.10.30-19.03.17:769][  0]LogD3D11RHI:     Adapter Name: NVIDIA GeForce GTX 1080
[2017.10.30-19.03.17:769][  0]LogD3D11RHI:   Driver Version: 387.92 (internal:23.21.13.8792, unified:387.92)
[2017.10.30-19.03.17:769][  0]LogD3D11RHI:      Driver Date: 10-6-2017
[2017.10.30-19.03.17:769][  0]LogRHI: Texture pool is 1361 MB (70% of 1945 MB)
[2017.10.30-19.03.17:792][  0]LogD3D11RHI: Async texture creation enabled
[2017.10.30-19.03.17:802][  0]LogD3D11RHI: GPU Timing Frequency: 1000.000000 (Debug: 2 1)
[2017.10.30-19.03.17:844][  0]LogShaderCompilers: Guid format shader working directory is -20 characters bigger than the processId version (../../../../../../Users/tian.g/Documents/Unreal Projects/MyProject/Intermediate/Shaders/WorkingDirectory/10876/).
[2017.10.30-19.03.17:844][  0]LogShaderCompilers: Cleaned the shader compiler working directory 'C:/Users/tian.g/AppData/Local/Temp/UnrealShaderWorkingDir/A791E8AD40D88BD4DFF3799FA8A43D1A/'.
[2017.10.30-19.03.17:844][  0]LogShaderCompilers: Display: Using Local Shader Compiler.
[2017.10.30-19.03.18:797][  0]LogTemp: Display: Loaded TP AllDesktopTargetPlatform
[2017.10.30-19.03.18:858][  0]LogTemp: Display: Loaded TP MacClientTargetPlatform
[2017.10.30-19.03.18:919][  0]LogTemp: Display: Loaded TP MacNoEditorTargetPlatform
[2017.10.30-19.03.18:980][  0]LogTemp: Display: Loaded TP MacServerTargetPlatform
[2017.10.30-19.03.19:040][  0]LogTemp: Display: Loaded TP MacTargetPlatform
[2017.10.30-19.03.19:106][  0]LogTemp: Display: Loaded TP WindowsClientTargetPlatform
[2017.10.30-19.03.19:172][  0]LogTemp: Display: Loaded TP WindowsNoEditorTargetPlatform
[2017.10.30-19.03.19:238][  0]LogTemp: Display: Loaded TP WindowsServerTargetPlatform
[2017.10.30-19.03.19:299][  0]LogTemp: Display: Loaded TP WindowsTargetPlatform
[2017.10.30-19.03.19:367][  0]LogTemp: Display: Loaded TP AndroidTargetPlatform
[2017.10.30-19.03.19:432][  0]LogTemp: Display: Loaded TP Android_ASTCTargetPlatform
[2017.10.30-19.03.19:497][  0]LogTemp: Display: Loaded TP Android_ATCTargetPlatform
[2017.10.30-19.03.19:558][  0]LogTemp: Display: Loaded TP Android_DXTTargetPlatform
[2017.10.30-19.03.19:623][  0]LogTemp: Display: Loaded TP Android_ETC1TargetPlatform
[2017.10.30-19.03.19:681][  0]LogTemp: Display: Loaded TP Android_ETC2TargetPlatform
[2017.10.30-19.03.19:812][  0]LogTemp: Display: Loaded TP Android_MultiTargetPlatform
[2017.10.30-19.03.19:812][  0]LogTemp: Display: Loaded TP Android_PVRTCTargetPlatform
[2017.10.30-19.03.19:871][  0]LogTemp: Display: Loaded TP HTML5TargetPlatform
[2017.10.30-19.03.19:977][  0]LogTemp: Display: Loaded TP IOSTargetPlatform
[2017.10.30-19.03.20:019][  0]LogTemp: Display: Loaded TP TVOSTargetPlatform
[2017.10.30-19.03.20:085][  0]LogTemp: Display: Loaded TP LinuxClientTargetPlatform
[2017.10.30-19.03.20:149][  0]LogTemp: Display: Loaded TP LinuxNoEditorTargetPlatform
[2017.10.30-19.03.20:207][  0]LogTemp: Display: Loaded TP LinuxServerTargetPlatform
[2017.10.30-19.03.20:272][  0]LogTemp: Display: Loaded TP LinuxTargetPlatform
[2017.10.30-19.03.20:272][  0]LogTargetPlatformManager: Display: Building Assets For Windows
[2017.10.30-19.03.20:888][  0]LogDerivedDataCache: Display: Max Cache Size: 512 MB
[2017.10.30-19.03.20:999][  0]LogDerivedDataCache: Loaded boot cache 0.11s 106MB C:/Users/tian.g/AppData/Local/UnrealEngine/4.17/DerivedDataCache/Boot.ddc.
[2017.10.30-19.03.21:000][  0]LogDerivedDataCache: Display: Loaded Boot cache: C:/Users/tian.g/AppData/Local/UnrealEngine/4.17/DerivedDataCache/Boot.ddc
[2017.10.30-19.03.21:000][  0]LogDerivedDataCache: FDerivedDataBackendGraph:  Pak pak cache file ../../../../../../Users/tian.g/Documents/Unreal Projects/MyProject/DerivedDataCache/DDC.ddp not found, will not use a pak cache.
[2017.10.30-19.03.21:000][  0]LogDerivedDataCache: Unable to find inner node Pak for hierarchical cache Hierarchy.
[2017.10.30-19.03.21:000][  0]LogDerivedDataCache: FDerivedDataBackendGraph:  CompressedPak pak cache file ../../../../../../Users/tian.g/Documents/Unreal Projects/MyProject/DerivedDataCache/Compressed.ddp not found, will not use a pak cache.
[2017.10.30-19.03.21:000][  0]LogDerivedDataCache: Unable to find inner node CompressedPak for hierarchical cache Hierarchy.
[2017.10.30-19.03.21:014][  0]LogDerivedDataCache: Display: Pak cache opened for reading ../../../Engine/DerivedDataCache/Compressed.ddp.
[2017.10.30-19.03.21:026][  0]LogDerivedDataCache: Using Local data cache path C:/Users/tian.g/AppData/Local/UnrealEngine/Common/DerivedDataCache: Writable
[2017.10.30-19.03.21:035][  0]LogMaterial: Verifying Global Shaders for PCD3D_SM5
[2017.10.30-19.03.21:036][  0]LogSlate: Using Freetype 2.6.0
[2017.10.30-19.03.21:038][  0]LogSlate: SlateFontCache - WITH_FREETYPE: 1, WITH_HARFBUZZ: 1
[2017.10.30-19.03.21:038][  0]LogSlate: SlateFontCache - WITH_FREETYPE: 1, WITH_HARFBUZZ: 1
[2017.10.30-19.03.21:292][  0]LogAssetRegistry: FAssetRegistry took 0.0250 seconds to start up
[2017.10.30-19.03.21:409][  0]LogInit: Selected Device Profile: [Windows]
[2017.10.30-19.03.21:551][  0]LogContentStreaming: Texture pool size is 0.00 MB
[2017.10.30-19.03.21:942][  0]LogSimplygon: Simplygon DLL not present - disabling.
[2017.10.30-19.03.21:999][  0]LogMeshReduction: Using SimplygonSwarm for distributed automatic mesh merging
[2017.10.30-19.03.21:999][  0]LogMeshReduction: Using QuadricMeshReduction for automatic static mesh reduction
[2017.10.30-19.03.21:999][  0]LogMeshReduction: No automatic skeletal mesh reduction module available
[2017.10.30-19.03.21:999][  0]LogMeshReduction: No automatic mesh merging module available
[2017.10.30-19.03.21:999][  0]LogMeshMerging: No automatic mesh merging module available
[2017.10.30-19.03.22:346][  0]LogNetVersion: MyProject , NetCL: 3573198, EngineNetVer: 2, GameNetVer: 0 (Checksum: 3113362612)
[2017.10.30-19.03.22:565][  0]LogPackageLocalizationCache: Processed 5 localized package path(s) for 2 prioritized culture(s) in 0.035379 seconds
[2017.10.30-19.03.22:570][  0]LogUObjectArray: 35825 objects as part of root set at end of initial load.
[2017.10.30-19.03.22:570][  0]LogUObjectAllocator: 7529104 out of 0 bytes used by permanent object pool.
[2017.10.30-19.03.22:570][  0]LogUObjectArray: CloseDisregardForGC: 0/0 objects in disregard for GC pool
[2017.10.30-19.03.22:652][  0]LogInit: WinSock: version 1.1 (2.2), MaxSocks=32767, MaxUdp=65467
[2017.10.30-19.03.25:736][  0]LogTcpMessaging: Initializing TcpMessaging bridge
[2017.10.30-19.03.25:788][  0]LogUdpMessaging: Initializing bridge on interface 0.0.0.0:0 to multicast group 230.0.0.1:6666.
[2017.10.30-19.03.26:613][  0]LogMaterial: Uniform references updated for custom material expression Custom.
[2017.10.30-19.03.27:115][  0]SourceControl: Source control is disabled
[2017.10.30-19.03.27:116][  0]SourceControl: Source control is disabled
[2017.10.30-19.03.27:199][  0]SourceControl: Source control is disabled
[2017.10.30-19.03.27:269][  0]SourceControl: Source control is disabled
[2017.10.30-19.03.28:078][  0]LogAndroidPermission: UAndroidPermissionCallbackProxy::GetInstance
[2017.10.30-19.03.28:406][  0]LogOcInput: OculusInput pre-init called
[2017.10.30-19.03.28:743][  0]LogEngine: Initializing Engine...
[2017.10.30-19.03.28:773][  0]LogHMD: Failed to initialize OpenVR with code 126
[2017.10.30-19.03.28:992][  0]LogStats: UGameplayTagsManager::ConstructGameplayTagTree: Construct from data asset -  0.000 s
[2017.10.30-19.03.28:993][  0]LogStats: UGameplayTagsManager::ConstructGameplayTagTree: GameplayTagTreeChangedEvent.Broadcast -  0.000 s
[2017.10.30-19.03.29:171][  0]LogAIModule: Creating AISystem for world Untitled
[2017.10.30-19.03.29:182][  0]LogInit: XAudio2 using 'Speakers / Headphones (Realtek High Definition Audio)' : 2 channels at 48 kHz using 32 bits per sample (channel mask 0x3)
[2017.10.30-19.03.29:202][  0]LogInit: FAudioDevice initialized.
[2017.10.30-19.03.29:280][  0]LogDerivedDataCache: Saved boot cache 0.08s 106MB C:/Users/tian.g/AppData/Local/UnrealEngine/4.17/DerivedDataCache/Boot.ddc.
[2017.10.30-19.03.29:298][  0]LogInit: Texture streaming: Enabled
[2017.10.30-19.03.29:473][  0]LogEngineSessionManager: EngineSessionManager initialized
[2017.10.30-19.03.29:765][  0]LogInit: Transaction tracking system initialized
[2017.10.30-19.03.30:181][  0]BlueprintLog: New page: Editor Load
[2017.10.30-19.03.31:419][  0]LocalizationService: Localization service is disabled
[2017.10.30-19.03.32:358][  0]LogConsoleResponse: Display: 
[2017.10.30-19.03.32:570][  0]LogCook: Display: Max memory allowance for cook 16384mb min free memory 0mb
[2017.10.30-19.03.32:570][  0]LogCook: Display: Mobile HDR setting 1
[2017.10.30-19.03.32:570][  0]LogGameplayTags: Display: UGameplayTagsManager::DoneAddingNativeTags. DelegateIsBound: 0
[2017.10.30-19.03.33:271][  0]LogFileCache: Scanning file cache for directory 'C:/Users/tian.g/Documents/Unreal Projects/MyProject/Content/' took 0.01s
[2017.10.30-19.03.34:002][  0]SourceControl: Source control is disabled
[2017.10.30-19.03.34:002][  0]Cmd: MAP LOAD FILE="../../../../../../Users/tian.g/Documents/Unreal Projects/MyProject/Content/VirtualRealityBP/Maps/StartupMap.umap" TEMPLATE=0 SHOWPROGRESS=1 FEATURELEVEL=3
[2017.10.30-19.03.34:014][  0]LightingResults: New page: Lighting Build
[2017.10.30-19.03.34:065][  0]MapCheck: New page: Map Check
[2017.10.30-19.03.34:065][  0]LightingResults: New page: Lighting Build
[2017.10.30-19.03.34:204][  0]LogAIModule: Creating AISystem for world StartupMap
[2017.10.30-19.03.34:219][  0]LogEditorServer: Finished looking for orphan Actors (0.000 secs)
[2017.10.30-19.03.34:234][  0]Cmd: MAP CHECKDEP NOCLEARLOG
[2017.10.30-19.03.34:297][  0]MapCheck: Map check complete: 0 Error(s), 0 Warning(s), took 63.138ms to complete.
[2017.10.30-19.03.34:297][  0]LogFileHelpers: Loading map 'StartupMap' took 0.295
[2017.10.30-19.03.34:480][  0]LogCollectionManager: Loaded 0 collections in 0.001642 seconds
[2017.10.30-19.03.34:578][  0]LogFileCache: Scanning file cache for directory 'C:/Users/tian.g/Documents/Unreal Projects/MyProject/Saved/Collections/' took 0.01s
[2017.10.30-19.03.34:578][  0]LogFileCache: Scanning file cache for directory 'C:/Users/tian.g/Documents/Unreal Projects/MyProject/Content/Developers/tiang/Collections/' took 0.01s
[2017.10.30-19.03.34:578][  0]LogFileCache: Scanning file cache for directory 'C:/Users/tian.g/Documents/Unreal Projects/MyProject/Content/Collections/' took 0.01s
[2017.10.30-19.03.34:578][  0]LogCollectionManager: Rebuilt the GUID cache for 0 collections in 0.000000 seconds
[2017.10.30-19.03.34:587][  0]LogContentBrowser: Native class hierarchy populated in 0.0089 seconds. Added 2386 classes and 500 folders.
[2017.10.30-19.03.34:669][  0]LogContentBrowser: Native class hierarchy updated for 'WidgetCarousel' in 0.0006 seconds. Added 0 classes and 0 folders.
[2017.10.30-19.03.34:784][  0]LogContentBrowser: Native class hierarchy updated for 'AddContentDialog' in 0.0006 seconds. Added 0 classes and 0 folders.
[2017.10.30-19.03.34:853][  0]LogContentBrowser: Native class hierarchy updated for 'SceneOutliner' in 0.0008 seconds. Added 1 classes and 2 folders.
[2017.10.30-19.03.34:898][  0]LogSlate: Took 0.000232 seconds to synchronously load lazily loaded font '../../../Engine/Content/Slate/Fonts/Roboto-Regular.ttf' (155K)
[2017.10.30-19.03.34:899][  0]LogSlate: Took 0.000160 seconds to synchronously load lazily loaded font '../../../Engine/Content/Slate/Fonts/Roboto-Bold.ttf' (160K)
[2017.10.30-19.03.34:909][  0]LogSlate: Took 0.003005 seconds to synchronously load lazily loaded font '../../../Engine/Content/Editor/Slate/Fonts/FontAwesome.ttf' (139K)
[2017.10.30-19.03.35:012][  0]LogRenderer: Reallocating scene render targets to support 1208x576 Format 26 NumSamples 1 (Frame:1).
[2017.10.30-19.03.35:213][  0]LogContentBrowser: Native class hierarchy updated for 'HierarchicalLODOutliner' in 0.0006 seconds. Added 1 classes and 2 folders.
[2017.10.30-19.03.35:213][  0]LogLoad: (Engine Initialization) Total time: 20.42 seconds
[2017.10.30-19.03.35:213][  0]LogLoad: (Engine Initialization) Total Blueprint compile time: 0.00 seconds
[2017.10.30-19.03.35:213][  0]LogExternalProfiler: Found external profiler: VSPerf
[2017.10.30-19.03.35:213][  0]LogExternalProfiler: Using external profiler: VSPerf
[2017.10.30-19.03.35:223][  0]LogWindowsTextInputMethodSystem: Display: IME system now deactivated.
[2017.10.30-19.03.35:243][  0]LogContentStreaming: Texture pool size now 1000 MB
[2017.10.30-19.03.35:280][  0]LogSlate: Took 0.000955 seconds to synchronously load lazily loaded font '../../../Engine/Content/Slate/Fonts/Roboto-Light.ttf' (159K)
[2017.10.30-19.03.35:316][  1]LogAssetRegistry: Asset discovery search completed in 14.0458 seconds
[2017.10.30-19.03.35:317][  1]LogCollectionManager: Rebuilt the object cache for 0 collections in 0.000001 seconds (found 0 objects)
[2017.10.30-19.03.35:317][  1]LogCollectionManager: Fixed up redirectors for 0 collections in 0.000034 seconds (updated 0 objects)
[2017.10.30-19.03.45:546][210]Cmd: MAP LOAD FILE="../../../../../../Users/tian.g/Documents/Unreal Projects/MyProject/Content/VirtualRealityBP/Maps/MotionControllerMap.umap" TEMPLATE=0 SHOWPROGRESS=1 FEATURELEVEL=3
[2017.10.30-19.03.45:552][210]LogSlate: Took 0.000176 seconds to synchronously load lazily loaded font '../../../Engine/Content/Slate/Fonts/Roboto-Light.ttf' (159K)
[2017.10.30-19.03.45:559][210]LightingResults: New page: Lighting Build
[2017.10.30-19.03.45:560][210]LoadErrors: New page: Loading map: MotionControllerMap.umap
[2017.10.30-19.03.45:562][210]MapCheck: New page: Map Check
[2017.10.30-19.03.45:562][210]LightingResults: New page: Lighting Build
[2017.10.30-19.03.46:068][210]LogAIModule: Creating AISystem for world MotionControllerMap
[2017.10.30-19.03.46:104][210]LogEditorServer: Finished looking for orphan Actors (0.000 secs)
[2017.10.30-19.03.46:139][210]Cmd: MAP CHECKDEP NOCLEARLOG
[2017.10.30-19.03.46:207][210]MapCheck: Map check complete: 0 Error(s), 0 Warning(s), took 68.551ms to complete.
[2017.10.30-19.03.46:207][210]LogFileHelpers: Loading map 'MotionControllerMap' took 0.663
[2017.10.30-19.03.56:259][393]LogContentBrowser: Native class hierarchy updated for 'TextureEditor' in 0.0007 seconds. Added 1 classes and 2 folders.
[2017.10.30-19.11.41:987][811]LogEditorViewport: Clicking on Actor (LMB): BP_Sky_Sphere_C (SkySphereBlueprint)
[2017.10.30-19.11.50:423][786]Cmd: DELETE
[2017.10.30-19.11.50:423][786]Cmd: ACTOR DELETE
[2017.10.30-19.11.50:432][786]LogEditorActor: Deleted Actor: Brush
[2017.10.30-19.11.50:461][786]LogEditorActor: Deleted 1 Actors (0.035 secs)
[2017.10.30-19.11.51:359][888]Cmd: DELETE
[2017.10.30-19.11.51:359][888]Cmd: ACTOR DELETE
[2017.10.30-19.11.51:359][888]LogEditorActor: Deleted Actor: Brush
[2017.10.30-19.11.51:380][888]LogEditorActor: Deleted 1 Actors (0.021 secs)
[2017.10.30-19.11.52:220][984]Cmd: DELETE
[2017.10.30-19.11.52:220][984]Cmd: ACTOR DELETE
[2017.10.30-19.11.52:220][984]LogEditorActor: Deleted Actor: Brush
[2017.10.30-19.11.52:242][984]LogEditorActor: Deleted 1 Actors (0.022 secs)
[2017.10.30-19.11.53:305][106]Cmd: DELETE
[2017.10.30-19.11.53:305][106]Cmd: ACTOR DELETE
[2017.10.30-19.11.53:305][106]LogEditorActor: Deleted Actor: Brush
[2017.10.30-19.11.53:326][106]LogEditorActor: Deleted 1 Actors (0.021 secs)
[2017.10.30-19.11.54:451][240]LogEditorViewport: Clicking on Actor (LMB): NavMeshBoundsVolume (NavMeshBoundsVolume)
[2017.10.30-19.11.54:972][294]LogEditorViewport: Clicking on Actor (LMB): PostProcessVolume (PostProcessVolume)
[2017.10.30-19.11.58:004][641]Cmd: DELETE
[2017.10.30-19.11.58:004][641]Cmd: ACTOR DELETE
[2017.10.30-19.11.58:004][641]LogEditorActor: Deleted Actor: Brush
[2017.10.30-19.11.58:024][641]LogEditorActor: Deleted 1 Actors (0.020 secs)
[2017.10.30-19.12.03:292][267]Cmd: DELETE
[2017.10.30-19.12.03:292][267]Cmd: ACTOR DELETE
[2017.10.30-19.12.03:292][267]LogEditorActor: Deleted Actor: Brush
[2017.10.30-19.12.03:313][267]LogEditorActor: Deleted 1 Actors (0.022 secs)
[2017.10.30-19.12.05:412][505]LogEditorViewport: Clicking on Actor (LMB): NavModifierVolume (NavModifierVolume3)
[2017.10.30-19.12.05:864][552]Cmd: DELETE
[2017.10.30-19.12.05:864][552]Cmd: ACTOR DELETE
[2017.10.30-19.12.05:864][552]LogEditorActor: Deleted Actor: NavModifierVolume
[2017.10.30-19.12.05:878][552]LogEditorActor: Deleted 1 Actors (0.014 secs)
[2017.10.30-19.12.07:607][759]LogEditorViewport: Clicking on Actor (LMB): NavModifierVolume (NavModifierVolume4)
[2017.10.30-19.12.08:027][805]Cmd: DELETE
[2017.10.30-19.12.08:027][805]Cmd: ACTOR DELETE
[2017.10.30-19.12.08:028][805]LogEditorActor: Deleted Actor: NavModifierVolume
[2017.10.30-19.12.08:042][805]LogEditorActor: Deleted 1 Actors (0.014 secs)
[2017.10.30-19.12.10:704][123]LogEditorViewport: Clicking on Actor (LMB): StaticMeshActor (EditorCube14)
[2017.10.30-19.12.11:037][155]Cmd: DELETE
[2017.10.30-19.12.11:037][155]Cmd: ACTOR DELETE
[2017.10.30-19.12.11:038][155]LogEditorActor: Deleted Actor: StaticMeshActor
[2017.10.30-19.12.11:051][155]LogEditorActor: Deleted 1 Actors (0.014 secs)
[2017.10.30-19.12.11:439][201]LogEditorViewport: Clicking on Actor (LMB): StaticMeshActor (EditorCube13)
[2017.10.30-19.12.11:638][220]Cmd: DELETE
[2017.10.30-19.12.11:638][220]Cmd: ACTOR DELETE
[2017.10.30-19.12.11:638][220]LogEditorActor: Deleted Actor: StaticMeshActor
[2017.10.30-19.12.11:652][220]LogEditorActor: Deleted 1 Actors (0.014 secs)
[2017.10.30-19.12.12:248][291]LogEditorViewport: Clicking on Actor (LMB): NavModifierVolume (NavModifierVolume11)
[2017.10.30-19.12.12:624][331]Cmd: DELETE
[2017.10.30-19.12.12:624][331]Cmd: ACTOR DELETE
[2017.10.30-19.12.12:625][331]LogEditorActor: Deleted Actor: NavModifierVolume
[2017.10.30-19.12.12:639][331]LogEditorActor: Deleted 1 Actors (0.014 secs)
[2017.10.30-19.12.13:100][385]LogEditorViewport: Clicking on Actor (LMB): StaticMeshActor (EditorCube12)
[2017.10.30-19.12.13:254][398]Cmd: DELETE
[2017.10.30-19.12.13:254][398]Cmd: ACTOR DELETE
[2017.10.30-19.12.13:254][398]LogEditorActor: Deleted Actor: StaticMeshActor
[2017.10.30-19.12.13:269][398]LogEditorActor: Deleted 1 Actors (0.014 secs)
[2017.10.30-19.12.14:010][487]LogEditorViewport: Clicking on Actor (LMB): StaticMeshActor (EditorCube11)
[2017.10.30-19.12.14:125][496]Cmd: DELETE
[2017.10.30-19.12.14:125][496]Cmd: ACTOR DELETE
[2017.10.30-19.12.14:126][496]LogEditorActor: Deleted Actor: StaticMeshActor
[2017.10.30-19.12.14:140][496]LogEditorActor: Deleted 1 Actors (0.014 secs)
[2017.10.30-19.12.14:685][561]LogEditorViewport: Clicking on Actor (LMB): StaticMeshActor (EditorCube10)
[2017.10.30-19.12.14:851][576]Cmd: DELETE
[2017.10.30-19.12.14:851][576]Cmd: ACTOR DELETE
[2017.10.30-19.12.14:851][576]LogEditorActor: Deleted Actor: StaticMeshActor
[2017.10.30-19.12.14:865][576]LogEditorActor: Deleted 1 Actors (0.014 secs)
[2017.10.30-19.12.15:344][633]LogEditorViewport: Clicking on Actor (LMB): StaticMeshActor (EditorCube9)
[2017.10.30-19.12.15:477][644]Cmd: DELETE
[2017.10.30-19.12.15:477][644]Cmd: ACTOR DELETE
[2017.10.30-19.12.15:477][644]LogEditorActor: Deleted Actor: StaticMeshActor
[2017.10.30-19.12.15:491][644]LogEditorActor: Deleted 1 Actors (0.014 secs)
[2017.10.30-19.12.15:928][696]LogEditorViewport: Clicking on Actor (LMB): StaticMeshActor (EditorCube8)
[2017.10.30-19.12.16:035][704]Cmd: DELETE
[2017.10.30-19.12.16:035][704]Cmd: ACTOR DELETE
[2017.10.30-19.12.16:036][704]LogEditorActor: Deleted Actor: StaticMeshActor
[2017.10.30-19.12.16:050][704]LogEditorActor: Deleted 1 Actors (0.014 secs)
[2017.10.30-19.12.16:770][790]LogEditorViewport: Clicking on Actor (LMB): NavModifierVolume (NavModifierVolume9)
[2017.10.30-19.12.17:114][826]Cmd: DELETE
[2017.10.30-19.12.17:114][826]Cmd: ACTOR DELETE
[2017.10.30-19.12.17:114][826]LogEditorActor: Deleted Actor: NavModifierVolume
[2017.10.30-19.12.17:128][826]LogEditorActor: Deleted 1 Actors (0.014 secs)
[2017.10.30-19.12.18:049][936]LogEditorViewport: Clicking on Actor (LMB): NavModifierVolume (NavModifierVolume2)
[2017.10.30-19.12.18:220][952]Cmd: DELETE
[2017.10.30-19.12.18:220][952]Cmd: ACTOR DELETE
[2017.10.30-19.12.18:220][952]LogEditorActor: Deleted Actor: NavModifierVolume
[2017.10.30-19.12.18:234][952]LogEditorActor: Deleted 1 Actors (0.014 secs)
[2017.10.30-19.12.19:447][ 97]LogEditorViewport: Clicking on Actor (LMB): NavModifierVolume (NavModifierVolume10)
[2017.10.30-19.12.19:626][114]Cmd: DELETE
[2017.10.30-19.12.19:626][114]Cmd: ACTOR DELETE
[2017.10.30-19.12.19:626][114]LogEditorActor: Deleted Actor: NavModifierVolume
[2017.10.30-19.12.19:640][114]LogEditorActor: Deleted 1 Actors (0.014 secs)
[2017.10.30-19.12.20:561][224]LogEditorViewport: Clicking on Actor (LMB): NavModifierVolume (NavModifierVolume13)
[2017.10.30-19.12.20:723][239]Cmd: DELETE
[2017.10.30-19.12.20:723][239]Cmd: ACTOR DELETE
[2017.10.30-19.12.20:723][239]LogEditorActor: Deleted Actor: NavModifierVolume
[2017.10.30-19.12.20:737][239]LogEditorActor: Deleted 1 Actors (0.014 secs)
[2017.10.30-19.12.21:875][375]LogEditorViewport: Clicking on Actor (LMB): StaticMeshActor (EditorCube15)
[2017.10.30-19.12.21:945][378]Cmd: DELETE
[2017.10.30-19.12.21:945][378]Cmd: ACTOR DELETE
[2017.10.30-19.12.21:946][378]LogEditorActor: Deleted Actor: StaticMeshActor
[2017.10.30-19.12.21:960][378]LogEditorActor: Deleted 1 Actors (0.014 secs)
[2017.10.30-19.12.22:367][427]LogEditorViewport: Clicking on Actor (LMB): StaticMeshActor (EditorCube17)
[2017.10.30-19.12.22:424][429]Cmd: DELETE
[2017.10.30-19.12.22:424][429]Cmd: ACTOR DELETE
[2017.10.30-19.12.22:424][429]LogEditorActor: Deleted Actor: StaticMeshActor
[2017.10.30-19.12.22:438][429]LogEditorActor: Deleted 1 Actors (0.014 secs)
[2017.10.30-19.12.22:825][475]LogEditorViewport: Clicking on Actor (LMB): StaticMeshActor (EditorCube16)
[2017.10.30-19.12.22:890][478]Cmd: DELETE
[2017.10.30-19.12.22:890][478]Cmd: ACTOR DELETE
[2017.10.30-19.12.22:890][478]LogEditorActor: Deleted Actor: StaticMeshActor
[2017.10.30-19.12.22:904][478]LogEditorActor: Deleted 1 Actors (0.014 secs)
[2017.10.30-19.12.24:128][625]LogEditorViewport: Clicking on Actor (LMB): NavModifierVolume (NavModifierVolume)
[2017.10.30-19.12.24:247][634]Cmd: DELETE
[2017.10.30-19.12.24:247][634]Cmd: ACTOR DELETE
[2017.10.30-19.12.24:247][634]LogEditorActor: Deleted Actor: NavModifierVolume
[2017.10.30-19.12.24:261][634]LogEditorActor: Deleted 1 Actors (0.014 secs)
[2017.10.30-19.12.24:916][712]LogEditorViewport: Clicking on Actor (LMB): StaticMeshActor (EditorCube21)
[2017.10.30-19.12.24:939][712]Cmd: DELETE
[2017.10.30-19.12.24:939][712]Cmd: ACTOR DELETE
[2017.10.30-19.12.24:940][712]LogEditorActor: Deleted Actor: StaticMeshActor
[2017.10.30-19.12.24:954][712]LogEditorActor: Deleted 1 Actors (0.014 secs)
[2017.10.30-19.12.25:400][765]LogEditorViewport: Clicking on Actor (LMB): StaticMeshActor (EditorCube20)
[2017.10.30-19.12.25:564][779]Cmd: DELETE
[2017.10.30-19.12.25:564][779]Cmd: ACTOR DELETE
[2017.10.30-19.12.25:564][779]LogEditorActor: Deleted Actor: StaticMeshActor
[2017.10.30-19.12.25:578][779]LogEditorActor: Deleted 1 Actors (0.014 secs)
[2017.10.30-19.12.26:057][836]LogEditorViewport: Clicking on Actor (LMB): StaticMeshActor (EditorCube19)
[2017.10.30-19.12.26:123][839]Cmd: DELETE
[2017.10.30-19.12.26:123][839]Cmd: ACTOR DELETE
[2017.10.30-19.12.26:123][839]LogEditorActor: Deleted Actor: StaticMeshActor
[2017.10.30-19.12.26:137][839]LogEditorActor: Deleted 1 Actors (0.014 secs)
[2017.10.30-19.12.27:116][956]LogEditorViewport: Clicking on Actor (LMB): NavModifierVolume (NavModifierVolume5)
[2017.10.30-19.12.27:493][996]Cmd: DELETE
[2017.10.30-19.12.27:493][996]Cmd: ACTOR DELETE
[2017.10.30-19.12.27:493][996]LogEditorActor: Deleted Actor: NavModifierVolume
[2017.10.30-19.12.27:507][996]LogEditorActor: Deleted 1 Actors (0.014 secs)
[2017.10.30-19.12.28:062][ 62]LogEditorViewport: Clicking on Actor (LMB): StaticMeshActor (EditorCube18)
[2017.10.30-19.12.28:416][ 99]Cmd: DELETE
[2017.10.30-19.12.28:416][ 99]Cmd: ACTOR DELETE
[2017.10.30-19.12.28:416][ 99]LogEditorActor: Deleted Actor: StaticMeshActor
[2017.10.30-19.12.28:430][ 99]LogEditorActor: Deleted 1 Actors (0.014 secs)
[2017.10.30-19.12.29:067][175]LogEditorViewport: Clicking on Actor (LMB): NavModifierVolume (NavModifierVolume7)
[2017.10.30-19.12.29:277][195]Cmd: DELETE
[2017.10.30-19.12.29:277][195]Cmd: ACTOR DELETE
[2017.10.30-19.12.29:278][195]LogEditorActor: Deleted Actor: NavModifierVolume
[2017.10.30-19.12.29:292][195]LogEditorActor: Deleted 1 Actors (0.014 secs)
[2017.10.30-19.12.32:212][545]LogEditorViewport: Clicking on Actor (LMB): NavModifierVolume (NavModifierVolume6)
[2017.10.30-19.12.32:357][558]Cmd: DELETE
[2017.10.30-19.12.32:357][558]Cmd: ACTOR DELETE
[2017.10.30-19.12.32:357][558]LogEditorActor: Deleted Actor: NavModifierVolume
[2017.10.30-19.12.32:371][558]LogEditorActor: Deleted 1 Actors (0.014 secs)
[2017.10.30-19.12.37:550][176]LogEditorViewport: Clicking on Actor (LMB): NavModifierVolume (NavModifierVolume12)
[2017.10.30-19.12.40:032][469]LogEditorViewport: Clicking on Actor (LMB): BP_Sky_Sphere_C (SkySphereBlueprint)
[2017.10.30-19.12.41:153][599]LogEditorViewport: Clicking on Actor (LMB): BP_Sky_Sphere_C (SkySphereBlueprint)
[2017.10.30-19.12.41:707][664]LogEditorViewport: Clicking on Actor (LMB): PostProcessVolume (PostProcessVolume)
[2017.10.30-19.13.36:352][177]LogSlate: Took 0.000255 seconds to synchronously load lazily loaded font '../../../Engine/Content/Slate/Fonts/Roboto-Light.ttf' (159K)
[2017.10.30-19.13.45:433][251]LogSavePackage: Save=73.18ms
[2017.10.30-19.13.45:433][251]LogSavePackage: Moving '../../../../../../Users/tian.g/Documents/Unreal Projects/MyProject/Saved/MotionControllerMap_Auto1D950C27D497E22CA892B55905A98F116.tmp' to '../../../../../../Users/tian.g/Documents/Unreal Projects/MyProject/Saved/Autosaves/Game/VirtualRealityBP/Maps/MotionControllerMap_Auto1.umap'
[2017.10.30-19.13.45:435][251]LogSavePackage: Display: Finished SavePackage ../../../../../../Users/tian.g/Documents/Unreal Projects/MyProject/Saved/Autosaves/Game/VirtualRealityBP/Maps/MotionControllerMap_Auto1.umap
[2017.10.30-19.13.45:437][251]LogFileHelpers: Editor autosave (incl. sublevels) for '/Game/VirtualRealityBP/Maps/MotionControllerMap' took 0.105
[2017.10.30-19.13.45:437][251]LogFileHelpers: Editor autosave (incl. sublevels) for all levels took 0.105
[2017.10.30-19.14.08:304][985]LogMaterial: Missing cached shader map for material Material_0, compiling. 
[2017.10.30-19.14.08:306][985]LogMaterial: Warning: Failed to compile Material /Engine/Transient.Material_0 for platform PCD3D_SM5, Default Material will be used in game.
[2017.10.30-19.14.08:306][985]LogMaterial: Warning: 	Only transparent or postprocess materials can read from scene depth.
[2017.10.30-19.14.21:464][514]LogContentBrowser: Native class hierarchy updated for 'BlueprintGraph' in 0.0010 seconds. Added 113 classes and 0 folders.
[2017.10.30-19.14.22:039][514]LogSlate: Took 0.000145 seconds to synchronously load lazily loaded font '../../../Engine/Content/Slate/Fonts/Roboto-Regular.ttf' (155K)
[2017.10.30-19.14.22:115][514]LogSlate: Took 0.001239 seconds to synchronously load lazily loaded font '../../../Engine/Content/Editor/Slate/Fonts/Roboto-BoldCondensed.ttf' (158K)
[2017.10.30-19.14.23:485][617]LogSlate: Took 0.001407 seconds to synchronously load lazily loaded font '../../../Engine/Content/Editor/Slate/Fonts/Roboto-Italic.ttf' (157K)
[2017.10.30-19.24.29:023][654]LogEditorViewport: Clicking on Actor (LMB): TextRenderActor (TextRenderActor)
[2017.10.30-19.24.31:008][887]Cmd: DELETE
[2017.10.30-19.24.31:008][887]Cmd: ACTOR DELETE
[2017.10.30-19.24.31:008][887]LogEditorActor: Deleted Actor: TextRenderActor
[2017.10.30-19.24.31:041][887]LogEditorActor: Deleted 1 Actors (0.033 secs)
[2017.10.30-19.24.32:348][ 39]Cmd: DELETE
[2017.10.30-19.24.32:348][ 39]Cmd: ACTOR DELETE
[2017.10.30-19.24.32:349][ 39]LogEditorActor: Deleted Actor: Brush
[2017.10.30-19.24.32:371][ 39]LogEditorActor: Deleted 1 Actors (0.023 secs)
[2017.10.30-19.24.33:796][208]Cmd: TRANSACTION UNDO
[2017.10.30-19.24.33:797][208]LogEditorTransaction: Undo Delete Actors
[2017.10.30-19.24.34:693][306]LogEditorViewport: Clicking on Actor (LMB): TextRenderActor (TextRenderActor2)
[2017.10.30-19.24.35:842][440]Cmd: DELETE
[2017.10.30-19.24.35:842][440]Cmd: ACTOR DELETE
[2017.10.30-19.24.35:843][440]LogEditorActor: Deleted Actor: TextRenderActor
[2017.10.30-19.24.35:861][440]LogEditorActor: Deleted 1 Actors (0.019 secs)
[2017.10.30-19.25.06:834][138]LogEditorViewport: Clicking on Actor (LMB): BP_PickupCube_C (EditorCube37)
[2017.10.30-19.25.10:912][616]Cmd: DELETE
[2017.10.30-19.25.10:912][616]Cmd: ACTOR DELETE
[2017.10.30-19.25.10:912][616]LogEditorActor: Deleted Actor: Brush
[2017.10.30-19.25.10:935][616]LogEditorActor: Deleted 1 Actors (0.023 secs)
[2017.10.30-19.25.13:511][923]LogEditorViewport: Clicking on Actor (LMB): NavModifierVolume (NavModifierVolume8)
[2017.10.30-19.25.14:311][ 14]Cmd: DELETE
[2017.10.30-19.25.14:311][ 14]Cmd: ACTOR DELETE
[2017.10.30-19.25.14:311][ 14]LogEditorActor: Deleted Actor: NavModifierVolume
[2017.10.30-19.25.14:330][ 14]LogEditorActor: Deleted 1 Actors (0.019 secs)
[2017.10.30-19.25.14:922][ 85]LogEditorViewport: Clicking on Actor (LMB): BP_PickupCube_C (EditorCube40)
[2017.10.30-19.25.15:067][ 98]Cmd: DELETE
[2017.10.30-19.25.15:067][ 98]Cmd: ACTOR DELETE
[2017.10.30-19.25.15:067][ 98]LogEditorActor: Deleted Actor: BP_PickupCube_C
[2017.10.30-19.25.15:086][ 98]LogEditorActor: Deleted 1 Actors (0.019 secs)
[2017.10.30-19.25.16:886][305]LogEditorViewport: Clicking on Actor (LMB): TextRenderActor (TextRenderActor3)
[2017.10.30-19.25.17:449][369]Cmd: DELETE
[2017.10.30-19.25.17:449][369]Cmd: ACTOR DELETE
[2017.10.30-19.25.17:449][369]LogEditorActor: Deleted Actor: TextRenderActor
[2017.10.30-19.25.17:468][369]LogEditorActor: Deleted 1 Actors (0.019 secs)
[2017.10.30-19.25.17:996][432]LogEditorViewport: Clicking on Actor (LMB): BP_PickupCube_C (EditorCube39)
[2017.10.30-19.25.18:060][435]Cmd: DELETE
[2017.10.30-19.25.18:060][435]Cmd: ACTOR DELETE
[2017.10.30-19.25.18:061][435]LogEditorActor: Deleted Actor: BP_PickupCube_C
[2017.10.30-19.25.18:081][435]LogEditorActor: Deleted 1 Actors (0.020 secs)
[2017.10.30-19.25.18:550][491]LogEditorViewport: Clicking on Actor (LMB): BP_PickupCube_C (EditorCube38)
[2017.10.30-19.25.18:653][499]Cmd: DELETE
[2017.10.30-19.25.18:653][499]Cmd: ACTOR DELETE
[2017.10.30-19.25.18:653][499]LogEditorActor: Deleted Actor: BP_PickupCube_C
[2017.10.30-19.25.18:672][499]LogEditorActor: Deleted 1 Actors (0.019 secs)
[2017.10.30-19.25.19:117][552]LogEditorViewport: Clicking on Actor (LMB): BP_PickupCube_C (EditorCube26)
[2017.10.30-19.25.19:194][557]Cmd: DELETE
[2017.10.30-19.25.19:194][557]Cmd: ACTOR DELETE
[2017.10.30-19.25.19:194][557]LogEditorActor: Deleted Actor: BP_PickupCube_C
[2017.10.30-19.25.19:214][557]LogEditorActor: Deleted 1 Actors (0.020 secs)
[2017.10.30-19.25.19:575][600]LogEditorViewport: Clicking on Actor (LMB): BP_PickupCube_C (EditorCube30)
[2017.10.30-19.25.19:636][603]Cmd: DELETE
[2017.10.30-19.25.19:636][603]Cmd: ACTOR DELETE
[2017.10.30-19.25.19:636][603]LogEditorActor: Deleted Actor: BP_PickupCube_C
[2017.10.30-19.25.19:656][603]LogEditorActor: Deleted 1 Actors (0.020 secs)
[2017.10.30-19.25.20:050][650]LogEditorViewport: Clicking on Actor (LMB): BP_PickupCube_C (EditorCube27)
[2017.10.30-19.25.20:095][651]Cmd: DELETE
[2017.10.30-19.25.20:095][651]Cmd: ACTOR DELETE
[2017.10.30-19.25.20:095][651]LogEditorActor: Deleted Actor: BP_PickupCube_C
[2017.10.30-19.25.20:115][651]LogEditorActor: Deleted 1 Actors (0.020 secs)
[2017.10.30-19.25.20:468][693]LogEditorViewport: Clicking on Actor (LMB): BP_PickupCube_C (EditorCube31)
[2017.10.30-19.25.20:512][694]Cmd: DELETE
[2017.10.30-19.25.20:512][694]Cmd: ACTOR DELETE
[2017.10.30-19.25.20:512][694]LogEditorActor: Deleted Actor: BP_PickupCube_C
[2017.10.30-19.25.20:532][694]LogEditorActor: Deleted 1 Actors (0.020 secs)
[2017.10.30-19.25.20:818][728]LogEditorViewport: Clicking on Actor (LMB): BP_PickupCube_C (EditorCube33)
[2017.10.30-19.25.20:890][732]Cmd: DELETE
[2017.10.30-19.25.20:890][732]Cmd: ACTOR DELETE
[2017.10.30-19.25.20:890][732]LogEditorActor: Deleted Actor: BP_PickupCube_C
[2017.10.30-19.25.20:908][732]LogEditorActor: Deleted 1 Actors (0.018 secs)
[2017.10.30-19.25.21:253][773]LogEditorViewport: Clicking on Actor (LMB): BP_PickupCube_C (BP_PickupCube)
[2017.10.30-19.25.21:330][778]Cmd: DELETE
[2017.10.30-19.25.21:330][778]Cmd: ACTOR DELETE
[2017.10.30-19.25.21:331][778]LogEditorActor: Deleted Actor: BP_PickupCube_C
[2017.10.30-19.25.21:350][778]LogEditorActor: Deleted 1 Actors (0.020 secs)
[2017.10.30-19.25.21:694][819]LogEditorViewport: Clicking on Actor (LMB): BP_PickupCube_C (EditorCube36)
[2017.10.30-19.25.21:755][822]Cmd: DELETE
[2017.10.30-19.25.21:755][822]Cmd: ACTOR DELETE
[2017.10.30-19.25.21:755][822]LogEditorActor: Deleted Actor: BP_PickupCube_C
[2017.10.30-19.25.21:774][822]LogEditorActor: Deleted 1 Actors (0.020 secs)
[2017.10.30-19.25.22:144][866]LogEditorViewport: Clicking on Actor (LMB): BP_PickupCube_C (EditorCube34)
[2017.10.30-19.25.22:188][867]Cmd: DELETE
[2017.10.30-19.25.22:188][867]Cmd: ACTOR DELETE
[2017.10.30-19.25.22:188][867]LogEditorActor: Deleted Actor: BP_PickupCube_C
[2017.10.30-19.25.22:207][867]LogEditorActor: Deleted 1 Actors (0.019 secs)
[2017.10.30-19.25.22:559][909]LogEditorViewport: Clicking on Actor (LMB): BP_PickupCube_C (EditorCube29)
[2017.10.30-19.25.22:581][909]Cmd: DELETE
[2017.10.30-19.25.22:581][909]Cmd: ACTOR DELETE
[2017.10.30-19.25.22:582][909]LogEditorActor: Deleted Actor: BP_PickupCube_C
[2017.10.30-19.25.22:600][909]LogEditorActor: Deleted 1 Actors (0.019 secs)
[2017.10.30-19.25.22:945][950]LogEditorViewport: Clicking on Actor (LMB): BP_PickupCube_C (EditorCube25)
[2017.10.30-19.25.22:991][951]Cmd: DELETE
[2017.10.30-19.25.22:991][951]Cmd: ACTOR DELETE
[2017.10.30-19.25.22:992][951]LogEditorActor: Deleted Actor: BP_PickupCube_C
[2017.10.30-19.25.23:011][951]LogEditorActor: Deleted 1 Actors (0.019 secs)
[2017.10.30-19.25.23:380][995]LogEditorViewport: Clicking on Actor (LMB): BP_PickupCube_C (EditorCube24)
[2017.10.30-19.25.23:402][995]Cmd: DELETE
[2017.10.30-19.25.23:402][995]Cmd: ACTOR DELETE
[2017.10.30-19.25.23:402][995]LogEditorActor: Deleted Actor: BP_PickupCube_C
[2017.10.30-19.25.23:421][995]LogEditorActor: Deleted 1 Actors (0.019 secs)
[2017.10.30-19.25.23:766][ 36]LogEditorViewport: Clicking on Actor (LMB): BP_PickupCube_C (EditorCube28)
[2017.10.30-19.25.23:828][ 39]Cmd: DELETE
[2017.10.30-19.25.23:828][ 39]Cmd: ACTOR DELETE
[2017.10.30-19.25.23:828][ 39]LogEditorActor: Deleted Actor: BP_PickupCube_C
[2017.10.30-19.25.23:848][ 39]LogEditorActor: Deleted 1 Actors (0.019 secs)
[2017.10.30-19.25.24:175][ 78]LogEditorViewport: Clicking on Actor (LMB): BP_PickupCube_C (EditorCube32)
[2017.10.30-19.25.24:243][ 82]Cmd: DELETE
[2017.10.30-19.25.24:243][ 82]Cmd: ACTOR DELETE
[2017.10.30-19.25.24:243][ 82]LogEditorActor: Deleted Actor: BP_PickupCube_C
[2017.10.30-19.25.24:262][ 82]LogEditorActor: Deleted 1 Actors (0.020 secs)
[2017.10.30-19.25.24:648][128]LogEditorViewport: Clicking on Actor (LMB): BP_PickupCube_C (EditorCube23)
[2017.10.30-19.25.24:671][128]Cmd: DELETE
[2017.10.30-19.25.24:671][128]Cmd: ACTOR DELETE
[2017.10.30-19.25.24:671][128]LogEditorActor: Deleted Actor: BP_PickupCube_C
[2017.10.30-19.25.24:690][128]LogEditorActor: Deleted 1 Actors (0.019 secs)
[2017.10.30-19.25.34:881][337]LogEditorViewport: Clicking on Actor (LMB): BP_PickupCube_C (EditorCube37)
[2017.10.30-19.26.30:192][ 23]LogSavePackage: Save=41.44ms
[2017.10.30-19.26.30:192][ 23]LogSavePackage: Moving '../../../../../../Users/tian.g/Documents/Unreal Projects/MyProject/Saved/MotionControllerMap_Auto25738B4BB4625E3128DE9BC9E1B9348AC.tmp' to '../../../../../../Users/tian.g/Documents/Unreal Projects/MyProject/Saved/Autosaves/Game/VirtualRealityBP/Maps/MotionControllerMap_Auto2.umap'
[2017.10.30-19.26.30:195][ 23]LogSavePackage: Display: Finished SavePackage ../../../../../../Users/tian.g/Documents/Unreal Projects/MyProject/Saved/Autosaves/Game/VirtualRealityBP/Maps/MotionControllerMap_Auto2.umap
[2017.10.30-19.26.30:196][ 23]LogFileHelpers: Editor autosave (incl. sublevels) for '/Game/VirtualRealityBP/Maps/MotionControllerMap' took 0.070
[2017.10.30-19.26.30:196][ 23]LogFileHelpers: Editor autosave (incl. sublevels) for all levels took 0.070
[2017.10.30-19.31.07:122][193]LogSavePackage: Save=43.75ms
[2017.10.30-19.31.07:122][193]LogSavePackage: Moving '../../../../../../Users/tian.g/Documents/Unreal Projects/MyProject/Saved/MotionControllerMap34FCA73A47B1F68BF0F1BF90776A86EF.tmp' to '../../../../../../Users/tian.g/Documents/Unreal Projects/MyProject/Content/VirtualRealityBP/Maps/MotionControllerMap.umap'
[2017.10.30-19.31.07:134][193]LogSavePackage: Display: Finished SavePackage ../../../../../../Users/tian.g/Documents/Unreal Projects/MyProject/Content/VirtualRealityBP/Maps/MotionControllerMap.umap
[2017.10.30-19.31.07:148][193]LogFileHelpers: Saving map 'MotionControllerMap' took 0.192
[2017.10.30-19.31.07:261][193]LogWindowsTextInputMethodSystem: Display: IME system now deactivated.
[2017.10.30-19.31.07:397][194]Cmd: QUIT_EDITOR
[2017.10.30-19.31.07:423][194]LogExit: Preparing to exit.
[2017.10.30-19.31.08:569][194]LogDirectoryWatcher: A directory notification failed for 'C:/Users/tian.g/Documents/Unreal Projects/MyProject/Content/', and we were unable to create a new request.
[2017.10.30-19.31.08:606][194]LogExit: Editor shut down
[2017.10.30-19.31.08:611][194]LogExit: Transaction tracking system shut down
[2017.10.30-19.31.08:777][194]LogDirectoryWatcher: A directory notification for '../../../Engine/Content/' was aborted.
[2017.10.30-19.31.08:777][194]LogDirectoryWatcher: A directory notification for '../../../../../../Users/tian.g/Documents/Unreal Projects/MyProject/Content/' was aborted.
[2017.10.30-19.31.08:777][194]LogDirectoryWatcher: A directory notification for '../../../Engine/Plugins/2D/Paper2D/Content/' was aborted.
[2017.10.30-19.31.08:777][194]LogDirectoryWatcher: A directory notification for '../../../Engine/Plugins/Runtime/Oculus/OculusVR/Content/' was aborted.
[2017.10.30-19.31.08:777][194]LogDirectoryWatcher: A directory notification for '../../../Engine/Plugins/Runtime/Steam/SteamVR/Content/' was aborted.
[2017.10.30-19.31.08:869][194]LogExit: Object subsystem successfully closed.
[2017.10.30-19.31.08:903][194]LogD3D11RHI: Shutdown
[2017.10.30-19.31.08:903][194]LogD3D11RHI: CleanupD3DDevice
[2017.10.30-19.31.09:022][194]LogD3D11RHI: ~FD3D11DynamicRHI
[2017.10.30-19.31.09:054][194]LogModuleManager: Shutting down and abandoning module BlueprintGraph (538)
[2017.10.30-19.31.09:054][194]LogModuleManager: Shutting down and abandoning module BlueprintProfiler (536)
[2017.10.30-19.31.09:054][194]LogModuleManager: Shutting down and abandoning module PortalProxies (534)
[2017.10.30-19.31.09:054][194]LogModuleManager: Shutting down and abandoning module TextureEditor (532)
[2017.10.30-19.31.09:054][194]LogModuleManager: Shutting down and abandoning module HierarchicalLODOutliner (530)
[2017.10.30-19.31.09:054][194]LogModuleManager: Shutting down and abandoning module SceneOutliner (528)
[2017.10.30-19.31.09:054][194]LogModuleManager: Shutting down and abandoning module AddContentDialog (526)
[2017.10.30-19.31.09:055][194]LogDirectoryWatcher: A directory notification for 'C:/Program Files/Epic Games/UE_4.17/FeaturePacks/' was aborted.
[2017.10.30-19.31.09:056][194]LogModuleManager: Shutting down and abandoning module WidgetCarousel (525)
[2017.10.30-19.31.09:056][194]LogModuleManager: Shutting down and abandoning module EditorWidgets (522)
[2017.10.30-19.31.09:056][194]LogModuleManager: Shutting down and abandoning module CollectionManager (520)
[2017.10.30-19.31.09:056][194]LogDirectoryWatcher: A directory notification for 'C:/Users/tian.g/Documents/Unreal Projects/MyProject/Content/Collections/' was aborted.
[2017.10.30-19.31.09:056][194]LogDirectoryWatcher: A directory notification for 'C:/Users/tian.g/Documents/Unreal Projects/MyProject/Content/Developers/tiang/Collections/' was aborted.
[2017.10.30-19.31.09:056][194]LogDirectoryWatcher: A directory notification for 'C:/Users/tian.g/Documents/Unreal Projects/MyProject/Saved/Collections/' was aborted.
[2017.10.30-19.31.09:056][194]LogModuleManager: Shutting down and abandoning module StatsViewer (518)
[2017.10.30-19.31.09:056][194]LogModuleManager: Shutting down and abandoning module FoliageEdit (516)
[2017.10.30-19.31.09:056][194]LogModuleManager: Shutting down and abandoning module LandscapeEditor (514)
[2017.10.30-19.31.09:056][194]LogModuleManager: Shutting down and abandoning module MeshPaintMode (512)
[2017.10.30-19.31.09:056][194]LogModuleManager: Shutting down and abandoning module SceneDepthPickerMode (510)
[2017.10.30-19.31.09:056][194]LogModuleManager: Shutting down and abandoning module ActorPickerMode (508)
[2017.10.30-19.31.09:056][194]LogModuleManager: Shutting down and abandoning module GeometryMode (506)
[2017.10.30-19.31.09:056][194]LogModuleManager: Shutting down and abandoning module TextureAlignMode (504)
[2017.10.30-19.31.09:056][194]LogModuleManager: Shutting down and abandoning module BspMode (502)
[2017.10.30-19.31.09:056][194]LogModuleManager: Shutting down and abandoning module PIEPreviewDeviceProfileSelector (500)
[2017.10.30-19.31.09:056][194]LogModuleManager: Shutting down and abandoning module HardwareSurvey (498)
[2017.10.30-19.31.09:056][194]LogModuleManager: Shutting down and abandoning module SequenceRecorderSections (496)
[2017.10.30-19.31.09:056][194]LogModuleManager: Shutting down and abandoning module AutomationWorker (494)
[2017.10.30-19.31.09:056][194]LogModuleManager: Shutting down and abandoning module MatineeToLevelSequence (492)
[2017.10.30-19.31.09:056][194]LogModuleManager: Shutting down and abandoning module LevelSequenceEditor (490)
[2017.10.30-19.31.09:056][194]LogModuleManager: Shutting down and abandoning module PlacementMode (489)
[2017.10.30-19.31.09:057][194]LogModuleManager: Shutting down and abandoning module WmfMediaFactory (486)
[2017.10.30-19.31.09:057][194]LogModuleManager: Shutting down and abandoning module WmfMediaEditor (484)
[2017.10.30-19.31.09:057][194]LogModuleManager: Shutting down and abandoning module AvfMediaFactory (482)
[2017.10.30-19.31.09:057][194]LogModuleManager: Shutting down and abandoning module AvfMediaEditor (480)
[2017.10.30-19.31.09:057][194]LogModuleManager: Shutting down and abandoning module AndroidMediaFactory (478)
[2017.10.30-19.31.09:057][194]LogModuleManager: Shutting down and abandoning module Media (477)
[2017.10.30-19.31.09:057][194]LogModuleManager: Shutting down and abandoning module AndroidMediaEditor (474)
[2017.10.30-19.31.09:057][194]LogModuleManager: Shutting down and abandoning module CharacterAI (472)
[2017.10.30-19.31.09:057][194]LogModuleManager: Shutting down and abandoning module AudioCapture (470)
[2017.10.30-19.31.09:057][194]LogModuleManager: Shutting down and abandoning module SequenceRecorder (469)
[2017.10.30-19.31.09:057][194]LogModuleManager: Shutting down and abandoning module SmartSnapping (466)
[2017.10.30-19.31.09:057][194]LogModuleManager: Shutting down and abandoning module SessionServices (464)
[2017.10.30-19.31.09:057][194]LogModuleManager: Shutting down and abandoning module ViewportSnapping (462)
[2017.10.30-19.31.09:057][194]LogModuleManager: Shutting down and abandoning module ViewportInteraction (460)
[2017.10.30-19.31.09:057][194]LogModuleManager: Shutting down and abandoning module ClothPainter (458)
[2017.10.30-19.31.09:057][194]LogModuleManager: Shutting down and abandoning module LogVisualizer (456)
[2017.10.30-19.31.09:057][194]LogModuleManager: Shutting down and abandoning module IntroTutorials (454)
[2017.10.30-19.31.09:057][194]LogModuleManager: Shutting down and abandoning module GameProjectGeneration (453)
[2017.10.30-19.31.09:057][194]LogModuleManager: Shutting down and abandoning module IOSPlatformEditor (450)
[2017.10.30-19.31.09:057][194]LogModuleManager: Shutting down and abandoning module HTML5PlatformEditor (448)
[2017.10.30-19.31.09:057][194]LogModuleManager: Shutting down and abandoning module AndroidPlatformEditor (446)
[2017.10.30-19.31.09:057][194]LogModuleManager: Shutting down and abandoning module AndroidDeviceDetection (445)
[2017.10.30-19.31.09:746][194]LogModuleManager: Shutting down and abandoning module WindowsPlatformEditor (442)
[2017.10.30-19.31.09:746][194]LogModuleManager: Shutting down and abandoning module IOSRuntimeSettings (440)
[2017.10.30-19.31.09:746][194]LogModuleManager: Shutting down and abandoning module AndroidRuntimeSettings (438)
[2017.10.30-19.31.09:746][194]LogModuleManager: Shutting down and abandoning module InputBindingEditor (436)
[2017.10.30-19.31.09:746][194]LogModuleManager: Shutting down and abandoning module MergeActors (434)
[2017.10.30-19.31.09:746][194]LogModuleManager: Shutting down and abandoning module SizeMap (432)
[2017.10.30-19.31.09:746][194]LogModuleManager: Shutting down and abandoning module TreeMap (430)
[2017.10.30-19.31.09:746][194]LogModuleManager: Shutting down and abandoning module ReferenceViewer (428)
[2017.10.30-19.31.09:746][194]LogModuleManager: Shutting down and abandoning module LocalizationDashboard (426)
[2017.10.30-19.31.09:746][194]LogModuleManager: Shutting down and abandoning module LocalizationService (425)
[2017.10.30-19.31.09:746][194]LogModuleManager: Shutting down and abandoning module HardwareTargeting (422)
[2017.10.30-19.31.09:746][194]LogModuleManager: Shutting down and abandoning module DeviceProfileEditor (420)
[2017.10.30-19.31.09:746][194]LogModuleManager: Shutting down and abandoning module UndoHistory (418)
[2017.10.30-19.31.09:746][194]LogModuleManager: Shutting down and abandoning module XmlParser (416)
[2017.10.30-19.31.09:746][194]LogModuleManager: Shutting down and abandoning module Blutility (414)
[2017.10.30-19.31.09:746][194]LogModuleManager: Shutting down and abandoning module ProjectSettingsViewer (412)
[2017.10.30-19.31.09:746][194]LogModuleManager: Shutting down and abandoning module ProjectTargetPlatformEditor (411)
[2017.10.30-19.31.09:746][194]LogModuleManager: Shutting down and abandoning module EditorSettingsViewer (408)
[2017.10.30-19.31.09:746][194]LogModuleManager: Shutting down and abandoning module SettingsEditor (406)
[2017.10.30-19.31.09:746][194]LogModuleManager: Shutting down and abandoning module ProjectLauncher (404)
[2017.10.30-19.31.09:746][194]LogModuleManager: Shutting down and abandoning module SessionFrontend (402)
[2017.10.30-19.31.09:746][194]LogModuleManager: Shutting down and abandoning module ProfilerClient (400)
[2017.10.30-19.31.09:746][194]LogModuleManager: Shutting down and abandoning module DeviceManager (398)
[2017.10.30-19.31.09:746][194]LogModuleManager: Shutting down and abandoning module TargetDeviceServices (397)
[2017.10.30-19.31.09:811][194]LogModuleManager: Shutting down and abandoning module AutomationController (394)
[2017.10.30-19.31.09:811][194]LogModuleManager: Shutting down and abandoning module AutomationWindow (392)
[2017.10.30-19.31.09:811][194]LogModuleManager: Shutting down and abandoning module Layers (390)
[2017.10.30-19.31.09:811][194]LogModuleManager: Shutting down and abandoning module ComponentVisualizers (388)
[2017.10.30-19.31.09:811][194]LogModuleManager: Shutting down and abandoning module DetailCustomizations (386)
[2017.10.30-19.31.09:811][194]LogModuleManager: Shutting down and abandoning module PackagesDialog (384)
[2017.10.30-19.31.09:811][194]LogModuleManager: Shutting down and abandoning module Persona (382)
[2017.10.30-19.31.09:811][194]LogModuleManager: Shutting down and abandoning module AdvancedPreviewScene (381)
[2017.10.30-19.31.09:811][194]LogModuleManager: Shutting down and abandoning module AnimGraph (379)
[2017.10.30-19.31.09:811][194]LogModuleManager: Shutting down and abandoning module Kismet (376)
[2017.10.30-19.31.09:819][194]LogModuleManager: Shutting down and abandoning module ClassViewer (374)
[2017.10.30-19.31.09:820][194]LogModuleManager: Shutting down and abandoning module Toolbox (372)
[2017.10.30-19.31.09:820][194]LogModuleManager: Shutting down and abandoning module ModuleUI (370)
[2017.10.30-19.31.09:820][194]LogModuleManager: Shutting down and abandoning module MovieSceneTools (368)
[2017.10.30-19.31.09:820][194]LogModuleManager: Shutting down and abandoning module OutputLog (366)
[2017.10.30-19.31.09:820][194]LogModuleManager: Shutting down and abandoning module GammaUI (364)
[2017.10.30-19.31.09:820][194]LogModuleManager: Shutting down and abandoning module Documentation (362)
[2017.10.30-19.31.09:820][194]LogModuleManager: Shutting down and abandoning module MovieSceneTracks (360)
[2017.10.30-19.31.09:820][194]LogModuleManager: Shutting down and abandoning module MovieScene (358)
[2017.10.30-19.31.09:820][194]LogModuleManager: Shutting down and abandoning module Niagara (356)
[2017.10.30-19.31.09:820][194]LogModuleManager: Shutting down and abandoning module NiagaraEditor (355)
[2017.10.30-19.31.09:820][194]LogModuleManager: Shutting down and abandoning module StreamingPauseRendering (352)
[2017.10.30-19.31.09:820][194]LogModuleManager: Shutting down and abandoning module LauncherPlatform (350)
[2017.10.30-19.31.09:820][194]LogModuleManager: Shutting down and abandoning module AnalyticsET (348)
[2017.10.30-19.31.09:820][194]LogModuleManager: Shutting down and abandoning module PortalServices (346)
[2017.10.30-19.31.09:820][194]LogModuleManager: Shutting down and abandoning module PortalRpc (344)
[2017.10.30-19.31.09:820][194]LogModuleManager: Shutting down and abandoning module MessagingRpc (342)
[2017.10.30-19.31.09:820][194]LogModuleManager: Shutting down and abandoning module AIModule (340)
[2017.10.30-19.31.09:820][194]LogModuleManager: Shutting down and abandoning module GameplayDebugger (339)
[2017.10.30-19.31.09:820][194]LogModuleManager: Shutting down and abandoning module AITestSuite (337)
[2017.10.30-19.31.09:820][194]LogModuleManager: Shutting down and abandoning module ProfilerService (334)
[2017.10.30-19.31.10:055][194]LogModuleManager: Shutting down and abandoning module TaskGraph (332)
[2017.10.30-19.31.10:055][194]LogModuleManager: Shutting down and abandoning module SteamVRController (330)
[2017.10.30-19.31.10:055][194]LogModuleManager: Shutting down and abandoning module ProceduralMeshComponentEditor (328)
[2017.10.30-19.31.10:055][194]LogModuleManager: Shutting down and abandoning module ProceduralMeshComponent (326)
[2017.10.30-19.31.10:055][194]LogModuleManager: Shutting down and abandoning module OculusInput (324)
[2017.10.30-19.31.10:055][194]LogModuleManager: Shutting down and abandoning module MobilePatchingUtils (322)
[2017.10.30-19.31.10:055][194]LogModuleManager: Shutting down and abandoning module CustomMeshComponent (320)
[2017.10.30-19.31.10:055][194]LogModuleManager: Shutting down and abandoning module CableComponent (318)
[2017.10.30-19.31.10:055][194]LogModuleManager: Shutting down and abandoning module ArchVisCharacter (316)
[2017.10.30-19.31.10:055][194]LogModuleManager: Shutting down and abandoning module AndroidPermission (314)
[2017.10.30-19.31.10:055][194]LogModuleManager: Shutting down and abandoning module MediaPlayerEditor (310)
[2017.10.30-19.31.10:055][194]LogModuleManager: Shutting down and abandoning module HTML5Networking (308)
[2017.10.30-19.31.10:055][194]LogModuleManager: Shutting down and abandoning module AlembicImporter (306)
[2017.10.30-19.31.10:055][194]LogModuleManager: Shutting down and abandoning module AlembicLibrary (305)
[2017.10.30-19.31.10:055][194]LogModuleManager: Shutting down and abandoning module GeometryCache (304)
[2017.10.30-19.31.10:055][194]LogModuleManager: Shutting down and abandoning module GeometryCacheEd (303)
[2017.10.30-19.31.10:055][194]LogModuleManager: Shutting down and abandoning module SpeedTreeImporter (298)
[2017.10.30-19.31.10:055][194]LogModuleManager: Shutting down and abandoning module PluginBrowser (296)
[2017.10.30-19.31.10:055][194]LogModuleManager: Shutting down and abandoning module MobileLauncherProfileWizard (294)
[2017.10.30-19.31.10:055][194]LogModuleManager: Shutting down and abandoning module VisualStudioSourceCodeAccess (292)
[2017.10.30-19.31.10:055][194]LogModuleManager: Shutting down and abandoning module DesktopPlatform (291)
[2017.10.30-19.31.10:055][194]LogModuleManager: Shutting down and abandoning module UObjectPlugin (288)
[2017.10.30-19.31.10:055][194]LogModuleManager: Shutting down and abandoning module SubversionSourceControl (286)
[2017.10.30-19.31.10:056][194]LogModuleManager: Shutting down and abandoning module PerforceSourceControl (284)
[2017.10.30-19.31.10:056][194]LogModuleManager: Shutting down and abandoning module GitSourceControl (282)
[2017.10.30-19.31.10:056][194]LogModuleManager: Shutting down and abandoning module SourceControl (281)
[2017.10.30-19.31.10:056][194]LogModuleManager: Shutting down and abandoning module LightPropagationVolumeEditor (278)
[2017.10.30-19.31.10:056][194]LogModuleManager: Shutting down and abandoning module PaperTiledImporter (276)
[2017.10.30-19.31.10:056][194]LogModuleManager: Shutting down and abandoning module PaperSpriteSheetImporter (274)
[2017.10.30-19.31.10:056][194]LogModuleManager: Shutting down and abandoning module Paper2DEditor (272)
[2017.10.30-19.31.10:056][194]LogModuleManager: Shutting down and abandoning module MeshPaint (271)
[2017.10.30-19.31.10:056][194]LogModuleManager: Shutting down and abandoning module LevelEditor (269)
[2017.10.30-19.31.10:057][194]LogModuleManager: Shutting down and abandoning module PixelInspectorModule (268)
[2017.10.30-19.31.10:057][194]LogModuleManager: Shutting down and abandoning module MainFrame (266)
[2017.10.30-19.31.10:057][194]LogModuleManager: Shutting down and abandoning module HotReload (265)
[2017.10.30-19.31.10:057][194]LogModuleManager: Shutting down and abandoning module RuntimePhysXCooking (260)
[2017.10.30-19.31.10:057][194]LogModuleManager: Shutting down and abandoning module PhysXVehiclesEditor (258)
[2017.10.30-19.31.10:057][194]LogModuleManager: Shutting down and abandoning module PhysXVehicles (256)
[2017.10.30-19.31.10:057][194]LogModuleManager: Shutting down and abandoning module OculusEditor (254)
[2017.10.30-19.31.10:057][194]LogModuleManager: Shutting down and abandoning module LocationServicesBPLibrary (252)
[2017.10.30-19.31.10:057][194]LogModuleManager: Shutting down and abandoning module ImmediatePhysicsEditor (250)
[2017.10.30-19.31.10:057][194]LogModuleManager: Shutting down and abandoning module ImmediatePhysics (248)
[2017.10.30-19.31.10:057][194]LogModuleManager: Shutting down and abandoning module UdpMessaging (246)
[2017.10.30-19.31.10:158][194]LogModuleManager: Shutting down and abandoning module TcpMessaging (244)
[2017.10.30-19.31.10:259][194]LogModuleManager: Shutting down and abandoning module GameplayTagsEditor (242)
[2017.10.30-19.31.10:259][194]LogModuleManager: Shutting down and abandoning module FacialAnimationEditor (240)
[2017.10.30-19.31.10:259][194]LogModuleManager: Shutting down and abandoning module FacialAnimation (238)
[2017.10.30-19.31.10:259][194]LogModuleManager: Shutting down and abandoning module AssetManagerEditor (236)
[2017.10.30-19.31.10:259][194]LogModuleManager: Shutting down and abandoning module GraphEditor (235)
[2017.10.30-19.31.10:259][194]LogModuleManager: Shutting down and abandoning module ContentBrowser (233)
[2017.10.30-19.31.10:260][194]LogModuleManager: Shutting down and abandoning module LightPropagationVolumeRuntime (230)
[2017.10.30-19.31.10:260][194]LogModuleManager: Shutting down and abandoning module Paper2D (228)
[2017.10.30-19.31.10:260][194]LogModuleManager: Shutting down and abandoning module WindowsMoviePlayer (226)
[2017.10.30-19.31.10:260][194]LogModuleManager: Shutting down and abandoning module WmfMedia (224)
[2017.10.30-19.31.10:260][194]LogModuleManager: Shutting down and abandoning module PacketHandler (222)
[2017.10.30-19.31.10:260][194]LogModuleManager: Shutting down and abandoning module ClothingSystemEditor (220)
[2017.10.30-19.31.10:260][194]LogModuleManager: Shutting down and abandoning module ClothingSystemRuntime (218)
[2017.10.30-19.31.10:260][194]LogModuleManager: Shutting down and abandoning module Overlay (216)
[2017.10.30-19.31.10:260][194]LogModuleManager: Shutting down and abandoning module OverlayEditor (215)
[2017.10.30-19.31.10:260][194]LogModuleManager: Shutting down and abandoning module MediaAssets (212)
[2017.10.30-19.31.10:260][194]LogModuleManager: Shutting down and abandoning module VREditor (210)
[2017.10.30-19.31.10:260][194]LogModuleManager: Shutting down and abandoning module StringTableEditor (208)
[2017.10.30-19.31.10:260][194]LogModuleManager: Shutting down and abandoning module GameplayTasksEditor (206)
[2017.10.30-19.31.10:260][194]LogModuleManager: Shutting down and abandoning module BehaviorTreeEditor (204)
[2017.10.30-19.31.10:261][194]LogModuleManager: Shutting down and abandoning module FunctionalTesting (202)
[2017.10.30-19.31.10:261][194]LogModuleManager: Shutting down and abandoning module CollisionAnalyzer (200)
[2017.10.30-19.31.10:261][194]LogModuleManager: Shutting down and abandoning module WorkspaceMenuStructure (199)
[2017.10.30-19.31.10:261][194]LogModuleManager: Shutting down and abandoning module UMG (196)
[2017.10.30-19.31.10:261][194]LogModuleManager: Shutting down and abandoning module UMGEditor (195)
[2017.10.30-19.31.10:261][194]LogModuleManager: Shutting down and abandoning module Sequencer (194)
[2017.10.30-19.31.10:261][194]LogModuleManager: Shutting down and abandoning module MessageLog (191)
[2017.10.30-19.31.10:261][194]LogModuleManager: Shutting down and abandoning module SlateReflector (186)
[2017.10.30-19.31.10:261][194]LogModuleManager: Shutting down and abandoning module Slate (184)
[2017.10.30-19.31.10:261][194]LogModuleManager: Shutting down and abandoning module EditorStyle (182)
[2017.10.30-19.31.10:264][194]LogModuleManager: Shutting down and abandoning module MRMesh (180)
[2017.10.30-19.31.10:264][194]LogModuleManager: Shutting down and abandoning module SourceCodeAccess (178)
[2017.10.30-19.31.10:264][194]LogModuleManager: Shutting down and abandoning module HeadMountedDisplay (176)
[2017.10.30-19.31.10:264][194]LogModuleManager: Shutting down and abandoning module XAudio2 (174)
[2017.10.30-19.31.10:264][194]LogModuleManager: Shutting down and abandoning module Networking (172)
[2017.10.30-19.31.10:264][194]LogModuleManager: Shutting down and abandoning module Core (168)
[2017.10.30-19.31.10:264][194]LogModuleManager: Shutting down and abandoning module KismetCompiler (164)
[2017.10.30-19.31.10:264][194]LogModuleManager: Shutting down and abandoning module LevelSequence (162)
[2017.10.30-19.31.10:264][194]LogModuleManager: Shutting down and abandoning module MeshUtilities (160)
[2017.10.30-19.31.10:264][194]LogModuleManager: Shutting down and abandoning module MeshMergeUtilities (159)
[2017.10.30-19.31.10:264][194]LogModuleManager: Shutting down and abandoning module MeshReductionInterface (158)
[2017.10.30-19.31.10:264][194]LogModuleManager: Shutting down and abandoning module SimplygonSwarm (157)
[2017.10.30-19.31.10:264][194]LogModuleManager: Shutting down and abandoning module SimplygonMeshReduction (155)
[2017.10.30-19.31.10:264][194]LogModuleManager: Shutting down and abandoning module QuadricMeshReduction (153)
[2017.10.30-19.31.10:264][194]LogModuleManager: Shutting down and abandoning module MaterialBaking (149)
[2017.10.30-19.31.10:264][194]LogModuleManager: Shutting down and abandoning module DirectoryWatcher (146)
[2017.10.30-19.31.10:265][194]LogModuleManager: Shutting down and abandoning module DerivedDataCache (144)
[2017.10.30-19.31.10:327][194]LogDerivedDataCache: Shutdown
[2017.10.30-19.31.10:328][194]LogModuleManager: Shutting down and abandoning module TargetPlatform (142)
[2017.10.30-19.31.10:328][194]LogModuleManager: Shutting down and abandoning module VulkanShaderFormat (141)
[2017.10.30-19.31.10:328][194]LogModuleManager: Shutting down and abandoning module ShaderFormatVectorVM (139)
[2017.10.30-19.31.10:328][194]LogModuleManager: Shutting down and abandoning module ShaderFormatOpenGL (137)
[2017.10.30-19.31.10:328][194]LogModuleManager: Shutting down and abandoning module ShaderFormatD3D (135)
[2017.10.30-19.31.10:328][194]LogModuleManager: Shutting down and abandoning module MetalShaderFormat (133)
[2017.10.30-19.31.10:328][194]LogModuleManager: Shutting down and abandoning module TextureFormatUncompressed (131)
[2017.10.30-19.31.10:328][194]LogModuleManager: Shutting down and abandoning module TextureFormatPVR (129)
[2017.10.30-19.31.10:328][194]LogModuleManager: Shutting down and abandoning module TextureFormatDXT (127)
[2017.10.30-19.31.10:328][194]LogModuleManager: Shutting down and abandoning module TextureFormatIntelISPCTexComp (125)
[2017.10.30-19.31.10:328][194]LogModuleManager: Shutting down and abandoning module TextureFormatASTC (123)
[2017.10.30-19.31.10:328][194]LogModuleManager: Shutting down and abandoning module ImageWrapper (122)
[2017.10.30-19.31.10:328][194]LogModuleManager: Shutting down and abandoning module TextureFormatAndroid (119)
[2017.10.30-19.31.10:328][194]LogModuleManager: Shutting down and abandoning module AudioFormatOpus (117)
[2017.10.30-19.31.10:328][194]LogModuleManager: Shutting down and abandoning module AudioFormatOgg (115)
[2017.10.30-19.31.10:328][194]LogModuleManager: Shutting down and abandoning module AudioFormatADPCM (113)
[2017.10.30-19.31.10:328][194]LogModuleManager: Shutting down and abandoning module LinuxTargetPlatform (111)
[2017.10.30-19.31.10:328][194]LogModuleManager: Shutting down and abandoning module LinuxServerTargetPlatform (109)
[2017.10.30-19.31.10:328][194]LogModuleManager: Shutting down and abandoning module LinuxNoEditorTargetPlatform (107)
[2017.10.30-19.31.10:328][194]LogModuleManager: Shutting down and abandoning module LinuxClientTargetPlatform (105)
[2017.10.30-19.31.10:328][194]LogModuleManager: Shutting down and abandoning module TVOSTargetPlatform (103)
[2017.10.30-19.31.10:328][194]LogModuleManager: Shutting down and abandoning module Messaging (101)
[2017.10.30-19.31.10:328][194]LogModuleManager: Shutting down and abandoning module IOSTargetPlatform (99)
[2017.10.30-19.31.10:328][194]LogModuleManager: Shutting down and abandoning module HTML5TargetPlatform (97)
[2017.10.30-19.31.10:328][194]LogModuleManager: Shutting down and abandoning module Android_PVRTCTargetPlatform (95)
[2017.10.30-19.31.10:328][194]LogModuleManager: Shutting down and abandoning module Android_MultiTargetPlatform (93)
[2017.10.30-19.31.10:328][194]LogModuleManager: Shutting down and abandoning module Android_ETC2TargetPlatform (91)
[2017.10.30-19.31.10:328][194]LogModuleManager: Shutting down and abandoning module Android_ETC1TargetPlatform (89)
[2017.10.30-19.31.10:328][194]LogModuleManager: Shutting down and abandoning module Android_DXTTargetPlatform (87)
[2017.10.30-19.31.10:328][194]LogModuleManager: Shutting down and abandoning module Android_ATCTargetPlatform (85)
[2017.10.30-19.31.10:328][194]LogModuleManager: Shutting down and abandoning module Android_ASTCTargetPlatform (83)
[2017.10.30-19.31.10:328][194]LogModuleManager: Shutting down and abandoning module AndroidTargetPlatform (81)
[2017.10.30-19.31.10:328][194]LogModuleManager: Shutting down and abandoning module WindowsTargetPlatform (79)
[2017.10.30-19.31.10:328][194]LogModuleManager: Shutting down and abandoning module WindowsServerTargetPlatform (77)
[2017.10.30-19.31.10:328][194]LogModuleManager: Shutting down and abandoning module WindowsNoEditorTargetPlatform (75)
[2017.10.30-19.31.10:328][194]LogModuleManager: Shutting down and abandoning module WindowsClientTargetPlatform (73)
[2017.10.30-19.31.10:328][194]LogModuleManager: Shutting down and abandoning module MacTargetPlatform (71)
[2017.10.30-19.31.10:328][194]LogModuleManager: Shutting down and abandoning module MacServerTargetPlatform (69)
[2017.10.30-19.31.10:328][194]LogModuleManager: Shutting down and abandoning module MacNoEditorTargetPlatform (67)
[2017.10.30-19.31.10:328][194]LogModuleManager: Shutting down and abandoning module MacClientTargetPlatform (65)
[2017.10.30-19.31.10:328][194]LogModuleManager: Shutting down and abandoning module AllDesktopTargetPlatform (63)
[2017.10.30-19.31.10:328][194]LogModuleManager: Shutting down and abandoning module InputCore (60)
[2017.10.30-19.31.10:328][194]LogModuleManager: Shutting down and abandoning module Settings (58)
[2017.10.30-19.31.10:328][194]LogModuleManager: Shutting down and abandoning module PhysXCooking (56)
[2017.10.30-19.31.10:328][194]LogModuleManager: Shutting down and abandoning module SteamVR (54)
[2017.10.30-19.31.10:328][194]LogModuleManager: Shutting down and abandoning module OculusHMD (52)
[2017.10.30-19.31.10:328][194]LogModuleManager: Shutting down and abandoning module ExampleDeviceProfileSelector (50)
[2017.10.30-19.31.10:328][194]LogModuleManager: Shutting down and abandoning module OnlineBlueprintSupport (48)
[2017.10.30-19.31.10:328][194]LogModuleManager: Shutting down and abandoning module OnlineSubsystem (44)
[2017.10.30-19.31.10:329][194]LogOnline: Display: Unloading online subsystem: NULL
[2017.10.30-19.31.10:329][194]LogModuleManager: Shutting down and abandoning module XMPP (43)
[2017.10.30-19.31.10:329][194]LogModuleManager: Shutting down and abandoning module HTTP (41)
[2017.10.30-19.31.10:329][194]LogHttp: Display: Http module shutting down, but needs to wait on 1 outstanding Http requests:
[2017.10.30-19.31.10:329][194]LogHttp: Display: 	verb=[POST] url=[https://datarouter.ol.epicgames.com/datarouter/api/v1/public/data?SessionID=%7B21FBB115-412C-660D-B2CE-F9A3A1B024CE%7D&AppID=UEEditor.Rocket.Release&AppVersion=4.17.2-3658906%2B%2B%2BUE4%2BRelease-4.17&UserID=d8b05f744577207a63b22b91cd640c42%7Cf84f3eabe1e7448c9610f45c3d3b91e3%7Ccb0d41b2-df92-44f0-8c18-24869cf7c3ff&AppEnvironment=datacollector-binary&UploadType=eteventstream] status=Processing
[2017.10.30-19.31.10:355][194]LogModuleManager: Shutting down and abandoning module SSL (40)
[2017.10.30-19.31.10:356][194]LogModuleManager: Shutting down and abandoning module AnimationModifiers (36)
[2017.10.30-19.31.10:357][194]LogModuleManager: Shutting down and abandoning module PropertyEditor (35)
[2017.10.30-19.31.10:357][194]LogModuleManager: Shutting down and abandoning module AudioEditor (32)
[2017.10.30-19.31.10:357][194]LogModuleManager: Shutting down and abandoning module TextureCompressor (30)
[2017.10.30-19.31.10:357][194]LogModuleManager: Shutting down and abandoning module ShaderCore (28)
[2017.10.30-19.31.10:357][194]LogModuleManager: Shutting down and abandoning module Landscape (26)
[2017.10.30-19.31.10:357][194]LogModuleManager: Shutting down and abandoning module SlateRHIRenderer (24)
[2017.10.30-19.31.10:358][194]LogModuleManager: Shutting down and abandoning module OpenGLDrv (22)
[2017.10.30-19.31.10:358][194]LogModuleManager: Shutting down and abandoning module D3D11RHI (20)
[2017.10.30-19.31.10:358][194]LogModuleManager: Shutting down and abandoning module AnimGraphRuntime (18)
[2017.10.30-19.31.10:358][194]LogModuleManager: Shutting down and abandoning module Renderer (16)
[2017.10.30-19.31.10:358][194]LogModuleManager: Shutting down and abandoning module Engine (14)
[2017.10.30-19.31.10:358][194]LogModuleManager: Shutting down and abandoning module CoreUObject (12)
[2017.10.30-19.31.10:358][194]LogModuleManager: Shutting down and abandoning module NetworkFile (10)
[2017.10.30-19.31.10:358][194]LogModuleManager: Shutting down and abandoning module CookedIterativeFile (8)
[2017.10.30-19.31.10:358][194]LogModuleManager: Shutting down and abandoning module StreamingFile (6)
[2017.10.30-19.31.10:358][194]LogModuleManager: Shutting down and abandoning module SandboxFile (4)
[2017.10.30-19.31.10:358][194]LogModuleManager: Shutting down and abandoning module PakFile (2)
[2017.10.30-19.31.10:367][194]LogExit: Exiting.
[2017.10.30-19.31.10:374][194]Log file closed, 10/30/17 15:31:10
