Log file open, 12/11/17 13:30:12
LogWindows: Failed to load 'aqProf.dll' (GetLastError=126)
LogWindows: File 'aqProf.dll' does not exist
LogWindows: Failed to load 'VtuneApi.dll' (GetLastError=126)
LogWindows: File 'VtuneApi.dll' does not exist
LogWindows: Failed to load 'VtuneApi32e.dll' (GetLastError=126)
LogWindows: File 'VtuneApi32e.dll' does not exist
LogInit: Display: Running engine for game: MyProject
LogPlatformFile: Not using cached read wrapper
LogInit: Display: RandInit(-1584515287) SRandInit(-1584515287).
LogTaskGraph: Started task graph with 5 named threads and 20 total threads with 3 sets of task threads.
LogStats: Stats thread started at 0.231404
LogD3D11RHI: Aftermath initialized
LogPluginManager: Mounting plugin Paper2D
LogPluginManager: Mounting plugin LightPropagationVolume
LogPluginManager: Mounting plugin CodeLiteSourceCodeAccess
LogPluginManager: Mounting plugin GitSourceControl
LogPluginManager: Mounting plugin KDevelopSourceCodeAccess
LogPluginManager: Mounting plugin NullSourceCodeAccess
LogPluginManager: Mounting plugin PerforceSourceControl
LogPluginManager: Mounting plugin SubversionSourceControl
LogPluginManager: Mounting plugin UObjectPlugin
LogPluginManager: Mounting plugin VisualStudioSourceCodeAccess
LogPluginManager: Mounting plugin XCodeSourceCodeAccess
LogPluginManager: Mounting plugin AssetManagerEditor
LogPluginManager: Mounting plugin AudioCapture
LogPluginManager: Mounting plugin FacialAnimation
LogPluginManager: Mounting plugin GameplayTagsEditor
LogPluginManager: Mounting plugin MobileLauncherProfileWizard
LogPluginManager: Mounting plugin PluginBrowser
LogPluginManager: Mounting plugin SpeedTreeImporter
LogPluginManager: Mounting plugin AlembicImporter
LogPluginManager: Mounting plugin CharacterAI
LogPluginManager: Mounting plugin HTML5Networking
LogPluginManager: Mounting plugin AndroidMedia
LogPluginManager: Mounting plugin AvfMedia
LogPluginManager: Mounting plugin MediaPlayerEditor
LogPluginManager: Mounting plugin WmfMedia
LogPluginManager: Mounting plugin TcpMessaging
LogPluginManager: Mounting plugin UdpMessaging
LogPluginManager: Mounting plugin LevelSequenceEditor
LogPluginManager: Mounting plugin MatineeToLevelSequence
LogPluginManager: Mounting plugin OnlineSubsystemGooglePlay
LogPluginManager: Mounting plugin OnlineSubsystemIOS
LogPluginManager: Mounting plugin OnlineSubsystem
LogPluginManager: Mounting plugin OnlineSubsystemNull
LogPluginManager: Mounting plugin OnlineSubsystemUtils
LogPluginManager: Mounting plugin AndroidDeviceProfileSelector
LogPluginManager: Mounting plugin AndroidMoviePlayer
LogPluginManager: Mounting plugin AndroidPermission
LogPluginManager: Mounting plugin AppleMoviePlayer
LogPluginManager: Mounting plugin ArchVisCharacter
LogPluginManager: Mounting plugin CableComponent
LogPluginManager: Mounting plugin CustomMeshComponent
LogPluginManager: Mounting plugin ExampleDeviceProfileSelector
LogPluginManager: Mounting plugin GoogleCloudMessaging
LogPluginManager: Mounting plugin ImmediatePhysics
LogPluginManager: Mounting plugin IOSDeviceProfileSelector
LogPluginManager: Mounting plugin LinuxDeviceProfileSelector
LogPluginManager: Mounting plugin LocationServicesBPLibrary
LogPluginManager: Mounting plugin MobilePatchingUtils
LogPluginManager: Mounting plugin OculusVR
LogPluginManager: Mounting plugin PhysXVehicles
LogPluginManager: Mounting plugin ProceduralMeshComponent
LogPluginManager: Mounting plugin RuntimePhysXCooking
LogPluginManager: Mounting plugin SteamVR
LogPluginManager: Mounting plugin WindowsMoviePlayer
LogInit: Using libcurl 7.47.1
LogInit:  - built for x86_64-pc-win32
LogInit:  - supports SSL with OpenSSL/1.0.2g
LogInit:  - supports HTTP deflate (compression) using libz 1.2.8
LogInit:  - other features:
LogInit:      CURL_VERSION_SSL
LogInit:      CURL_VERSION_LIBZ
LogInit:      CURL_VERSION_IPV6
LogInit:      CURL_VERSION_ASYNCHDNS
LogInit:      CURL_VERSION_LARGEFILE
LogInit:      CURL_VERSION_IDN
LogInit:  CurlRequestOptions (configurable via config and command line):
LogInit:  - bVerifyPeer = false  - Libcurl will NOT verify peer certificate
LogInit:  - bUseHttpProxy = false  - Libcurl will NOT use HTTP proxy
LogInit:  - bDontReuseConnections = false  - Libcurl will reuse connections
LogInit:  - CertBundlePath = nullptr  - Libcurl will use whatever was configured at build time.
LogHMD: Failed initializing OVRPlugin 1.15.0
LogInit: Build: ++UE4+Release-4.17-CL-3658906
LogInit: Engine Version: 4.17.2-3658906+++UE4+Release-4.17
LogInit: Compatible Engine Version: 4.17.0-3573198+++UE4+Release-4.17
LogInit: Net CL: 3573198
LogDevObjectVersion: Number of dev versions registered: 16
LogDevObjectVersion:   Dev-Blueprints (B0D832E4-1F89-4F0D-ACCF-7EB736FD4AA2): 10
LogDevObjectVersion:   Dev-Build (E1C64328-A22C-4D53-A36C-8E866417BD8C): 0
LogDevObjectVersion:   Dev-Core (375EC13C-06E4-48FB-B500-84F0262A717E): 2
LogDevObjectVersion:   Dev-Editor (E4B068ED-F494-42E9-A231-DA0B2E46BB41): 20
LogDevObjectVersion:   Dev-Framework (CFFC743F-43B0-4480-9391-14DF171D2073): 28
LogDevObjectVersion:   Dev-Mobile (B02B49B5-BB20-44E9-A304-32B752E40360): 0
LogDevObjectVersion:   Dev-Networking (A4E4105C-59A1-49B5-A7C5-40C4547EDFEE): 0
LogDevObjectVersion:   Dev-Online (39C831C9-5AE6-47DC-9A44-9C173E1C8E7C): 0
LogDevObjectVersion:   Dev-Physics (78F01B33-EBEA-4F98-B9B4-84EACCB95AA2): 0
LogDevObjectVersion:   Dev-Platform (6631380F-2D4D-43E0-8009-CF276956A95A): 0
LogDevObjectVersion:   Dev-Rendering (12F88B9F-8875-4AFC-A67C-D90C383ABD29): 19
LogDevObjectVersion:   Dev-Sequencer (7B5AE74C-D270-4C10-A958-57980B212A5A): 4
LogDevObjectVersion:   Dev-VR (D7296918-1DD6-4BDD-9DE2-64A83CC13884): 0
LogDevObjectVersion:   Dev-LoadTimes (C2A15278-BFE7-4AFE-6C17-90FF531DF755): 1
LogDevObjectVersion:   Private-Geometry (6EACA3D4-40EC-4CC1-B786-8BED09428FC5): 1
LogDevObjectVersion:   Dev-AnimPhys (29E575DD-E0A3-4627-9D10-D276232CDCEA): 7
LogInit: Compiled (64-bit): Sep 22 2017 13:47:16
LogInit: Compiled with Visual C++: 19.00.24215.01
LogInit: Build Configuration: Development
LogInit: Branch Name: ++UE4+Release-4.17
LogInit: Command line: -EpicPortal 
LogInit: Base directory: C:/Program Files/Epic Games/UE_4.17/Engine/Binaries/Win64/
LogInit: Installed Engine Build: 1
LogInit: Presizing for max 8388607 objects, including 0 objects not considered by GC, pre-allocating 0 bytes for permanent pool.
LogInit: Object subsystem initialized
[2017.12.11-18.30.13:358][  0]LogInit: Selected Device Profile: [Windows]
[2017.12.11-18.30.13:358][  0]LogInit: Applying CVar settings loaded from the selected device profile: [Windows]
[2017.12.11-18.30.13:368][  0]LogInit: Computer: WFX484D7EDA9A40
[2017.12.11-18.30.13:368][  0]LogInit: User: tiang
[2017.12.11-18.30.13:368][  0]LogInit: CPU Page size=4096, Cores=6
[2017.12.11-18.30.13:368][  0]LogInit: High frequency timer resolution =3.507503 MHz
[2017.12.11-18.30.13:369][  0]LogMemory: Memory total: Physical=31.9GB (32GB approx)
[2017.12.11-18.30.13:369][  0]LogMemory: Platform Memory Stats for Windows
[2017.12.11-18.30.13:369][  0]LogMemory: Process Physical Memory: 284.86 MB used, 284.86 MB peak
[2017.12.11-18.30.13:369][  0]LogMemory: Process Virtual Memory: 283.00 MB used, 283.00 MB peak
[2017.12.11-18.30.13:369][  0]LogMemory: Physical Memory: 10739.48 MB used,  21950.57 MB free, 32690.05 MB total
[2017.12.11-18.30.13:369][  0]LogMemory: Virtual Memory: 712.11 MB used,  21950.57 MB free, 134217728.00 MB total
[2017.12.11-18.30.13:564][  0]LogInit: Using OS detected language (en-US).
[2017.12.11-18.30.13:564][  0]LogInit: Using OS detected locale (en-US).
[2017.12.11-18.30.13:567][  0]LogTextLocalizationManager: No specific localization for 'en-US' exists, so the 'en' localization will be used.
[2017.12.11-18.30.14:172][  0]LogD3D11RHI: D3D11 adapters:
[2017.12.11-18.30.14:200][  0]LogD3D11RHI:    0. 'NVIDIA GeForce GTX 1080' (Feature Level 11_0)
[2017.12.11-18.30.14:200][  0]LogD3D11RHI:       8086/0/16345 MB DedicatedVideo/DedicatedSystem/SharedSystem, Outputs:1, VendorId:0x10de
[2017.12.11-18.30.14:202][  0]LogD3D11RHI:    1. 'Microsoft Basic Render Driver' (Feature Level 11_0)
[2017.12.11-18.30.14:202][  0]LogD3D11RHI:       0/0/16345 MB DedicatedVideo/DedicatedSystem/SharedSystem, Outputs:0, VendorId:0x1414
[2017.12.11-18.30.14:202][  0]LogD3D11RHI: Chosen D3D11 Adapter: 0
[2017.12.11-18.30.14:210][  0]LogD3D11RHI: Creating new Direct3DDevice
[2017.12.11-18.30.14:210][  0]LogD3D11RHI:     GPU DeviceId: 0x1b80 (for the marketing name, search the web for "GPU Device Id")
[2017.12.11-18.30.14:210][  0]LogWindows: EnumDisplayDevices:
[2017.12.11-18.30.14:210][  0]LogWindows:    0. 'NVIDIA GeForce GTX 1080' (P:1 D:1)
[2017.12.11-18.30.14:210][  0]LogWindows:    1. 'NVIDIA GeForce GTX 1080' (P:0 D:0)
[2017.12.11-18.30.14:211][  0]LogWindows:    2. 'NVIDIA GeForce GTX 1080' (P:0 D:0)
[2017.12.11-18.30.14:211][  0]LogWindows:    3. 'NVIDIA GeForce GTX 1080' (P:0 D:0)
[2017.12.11-18.30.14:211][  0]LogWindows: DebugString: FoundDriverCount:4 
[2017.12.11-18.30.14:211][  0]LogD3D11RHI:     Adapter Name: NVIDIA GeForce GTX 1080
[2017.12.11-18.30.14:211][  0]LogD3D11RHI:   Driver Version: 388.31 (internal:23.21.13.8831, unified:388.31)
[2017.12.11-18.30.14:211][  0]LogD3D11RHI:      Driver Date: 11-14-2017
[2017.12.11-18.30.14:211][  0]LogRHI: Texture pool is 1361 MB (70% of 1945 MB)
[2017.12.11-18.30.14:236][  0]LogD3D11RHI: Async texture creation enabled
[2017.12.11-18.30.14:246][  0]LogD3D11RHI: GPU Timing Frequency: 1000.000000 (Debug: 2 1)
[2017.12.11-18.30.14:289][  0]LogShaderCompilers: Guid format shader working directory is -43 characters bigger than the processId version (../../../../../../Users/tian.g/Desktop/Beat-It-DorianAI-Battle (1)/Beat-It-DorianAI-Battle/Intermediate/Shaders/WorkingDirectory/5600/).
[2017.12.11-18.30.14:289][  0]LogShaderCompilers: Cleaned the shader compiler working directory 'C:/Users/tian.g/AppData/Local/Temp/UnrealShaderWorkingDir/8DCC3C9E43A4CFCB70BFF9B40318B5C3/'.
[2017.12.11-18.30.14:289][  0]LogShaderCompilers: Display: Using Local Shader Compiler.
[2017.12.11-18.30.15:151][  0]LogTemp: Display: Loaded TP AllDesktopTargetPlatform
[2017.12.11-18.30.15:202][  0]LogTemp: Display: Loaded TP MacClientTargetPlatform
[2017.12.11-18.30.15:257][  0]LogTemp: Display: Loaded TP MacNoEditorTargetPlatform
[2017.12.11-18.30.15:310][  0]LogTemp: Display: Loaded TP MacServerTargetPlatform
[2017.12.11-18.30.15:365][  0]LogTemp: Display: Loaded TP MacTargetPlatform
[2017.12.11-18.30.15:417][  0]LogTemp: Display: Loaded TP WindowsClientTargetPlatform
[2017.12.11-18.30.15:470][  0]LogTemp: Display: Loaded TP WindowsNoEditorTargetPlatform
[2017.12.11-18.30.15:521][  0]LogTemp: Display: Loaded TP WindowsServerTargetPlatform
[2017.12.11-18.30.15:568][  0]LogTemp: Display: Loaded TP WindowsTargetPlatform
[2017.12.11-18.30.15:618][  0]LogTemp: Display: Loaded TP AndroidTargetPlatform
[2017.12.11-18.30.15:669][  0]LogTemp: Display: Loaded TP Android_ASTCTargetPlatform
[2017.12.11-18.30.15:721][  0]LogTemp: Display: Loaded TP Android_ATCTargetPlatform
[2017.12.11-18.30.15:774][  0]LogTemp: Display: Loaded TP Android_DXTTargetPlatform
[2017.12.11-18.30.15:827][  0]LogTemp: Display: Loaded TP Android_ETC1TargetPlatform
[2017.12.11-18.30.15:878][  0]LogTemp: Display: Loaded TP Android_ETC2TargetPlatform
[2017.12.11-18.30.15:977][  0]LogTemp: Display: Loaded TP Android_MultiTargetPlatform
[2017.12.11-18.30.15:977][  0]LogTemp: Display: Loaded TP Android_PVRTCTargetPlatform
[2017.12.11-18.30.16:020][  0]LogTemp: Display: Loaded TP HTML5TargetPlatform
[2017.12.11-18.30.16:114][  0]LogTemp: Display: Loaded TP IOSTargetPlatform
[2017.12.11-18.30.16:143][  0]LogTemp: Display: Loaded TP TVOSTargetPlatform
[2017.12.11-18.30.16:192][  0]LogTemp: Display: Loaded TP LinuxClientTargetPlatform
[2017.12.11-18.30.16:244][  0]LogTemp: Display: Loaded TP LinuxNoEditorTargetPlatform
[2017.12.11-18.30.16:294][  0]LogTemp: Display: Loaded TP LinuxServerTargetPlatform
[2017.12.11-18.30.16:343][  0]LogTemp: Display: Loaded TP LinuxTargetPlatform
[2017.12.11-18.30.16:343][  0]LogTargetPlatformManager: Display: Building Assets For Windows
[2017.12.11-18.30.16:835][  0]LogDerivedDataCache: Display: Max Cache Size: 512 MB
[2017.12.11-18.30.16:939][  0]LogDerivedDataCache: Loaded boot cache 0.10s 93MB C:/Users/tian.g/AppData/Local/UnrealEngine/4.17/DerivedDataCache/Boot.ddc.
[2017.12.11-18.30.16:939][  0]LogDerivedDataCache: Display: Loaded Boot cache: C:/Users/tian.g/AppData/Local/UnrealEngine/4.17/DerivedDataCache/Boot.ddc
[2017.12.11-18.30.16:939][  0]LogDerivedDataCache: FDerivedDataBackendGraph:  Pak pak cache file ../../../../../../Users/tian.g/Desktop/Beat-It-DorianAI-Battle (1)/Beat-It-DorianAI-Battle/DerivedDataCache/DDC.ddp not found, will not use a pak cache.
[2017.12.11-18.30.16:939][  0]LogDerivedDataCache: Unable to find inner node Pak for hierarchical cache Hierarchy.
[2017.12.11-18.30.16:940][  0]LogDerivedDataCache: FDerivedDataBackendGraph:  CompressedPak pak cache file ../../../../../../Users/tian.g/Desktop/Beat-It-DorianAI-Battle (1)/Beat-It-DorianAI-Battle/DerivedDataCache/Compressed.ddp not found, will not use a pak cache.
[2017.12.11-18.30.16:940][  0]LogDerivedDataCache: Unable to find inner node CompressedPak for hierarchical cache Hierarchy.
[2017.12.11-18.30.16:954][  0]LogDerivedDataCache: Display: Pak cache opened for reading ../../../Engine/DerivedDataCache/Compressed.ddp.
[2017.12.11-18.30.16:966][  0]LogDerivedDataCache: Using Local data cache path C:/Users/tian.g/AppData/Local/UnrealEngine/Common/DerivedDataCache: Writable
[2017.12.11-18.30.16:975][  0]LogMaterial: Verifying Global Shaders for PCD3D_SM5
[2017.12.11-18.30.16:975][  0]LogSlate: Using Freetype 2.6.0
[2017.12.11-18.30.16:976][  0]LogSlate: SlateFontCache - WITH_FREETYPE: 1, WITH_HARFBUZZ: 1
[2017.12.11-18.30.16:976][  0]LogSlate: SlateFontCache - WITH_FREETYPE: 1, WITH_HARFBUZZ: 1
[2017.12.11-18.30.17:224][  0]LogAssetRegistry: FAssetRegistry took 0.0255 seconds to start up
[2017.12.11-18.30.17:335][  0]LogInit: Selected Device Profile: [Windows]
[2017.12.11-18.30.17:720][  0]LogPackageName: Warning: String asset reference "S_ClothTarps_03.SM.Mesh.S_ClothTarps_03" is in short form, which is unsupported and -- even if valid -- resolving it will be really slow.
[2017.12.11-18.30.17:720][  0]LogPackageName: Warning: Please consider resaving package in order to speed-up loading.
[2017.12.11-18.30.17:720][  0]LogPackageName: SearchForPackageOnDisk took   0.074s, but failed to resolve S_ClothTarps_03.
[2017.12.11-18.30.17:720][  0]LogPackageName: Warning: String asset reference "S_ClothTarps_03.SM.Mesh.S_ClothTarps_03" could not be resolved.
[2017.12.11-18.30.17:720][  0]LogSimplygon: Simplygon DLL not present - disabling.
[2017.12.11-18.30.17:764][  0]LogMeshReduction: Using SimplygonSwarm for distributed automatic mesh merging
[2017.12.11-18.30.17:764][  0]LogMeshReduction: Using QuadricMeshReduction for automatic static mesh reduction
[2017.12.11-18.30.17:765][  0]LogMeshReduction: No automatic skeletal mesh reduction module available
[2017.12.11-18.30.17:765][  0]LogMeshReduction: No automatic mesh merging module available
[2017.12.11-18.30.17:765][  0]LogMeshMerging: No automatic mesh merging module available
[2017.12.11-18.30.17:766][  0]LogContentStreaming: Texture pool size is 0.00 MB
[2017.12.11-18.30.18:184][  0]LogNetVersion: MyProject , NetCL: 3573198, EngineNetVer: 2, GameNetVer: 0 (Checksum: 3113362612)
[2017.12.11-18.30.18:386][  0]LogPackageLocalizationCache: Processed 5 localized package path(s) for 2 prioritized culture(s) in 0.035859 seconds
[2017.12.11-18.30.18:391][  0]LogUObjectArray: 35825 objects as part of root set at end of initial load.
[2017.12.11-18.30.18:391][  0]LogUObjectAllocator: 7529104 out of 0 bytes used by permanent object pool.
[2017.12.11-18.30.18:391][  0]LogUObjectArray: CloseDisregardForGC: 0/0 objects in disregard for GC pool
[2017.12.11-18.30.18:479][  0]LogInit: WinSock: version 1.1 (2.2), MaxSocks=32767, MaxUdp=65467
[2017.12.11-18.30.21:185][  0]LogTcpMessaging: Initializing TcpMessaging bridge
[2017.12.11-18.30.21:225][  0]LogUdpMessaging: Initializing bridge on interface 0.0.0.0:0 to multicast group 230.0.0.1:6666.
[2017.12.11-18.30.21:890][  0]LogMaterial: Uniform references updated for custom material expression Custom.
[2017.12.11-18.30.22:307][  0]SourceControl: Source control is disabled
[2017.12.11-18.30.22:307][  0]SourceControl: Source control is disabled
[2017.12.11-18.30.22:358][  0]SourceControl: Source control is disabled
[2017.12.11-18.30.22:407][  0]SourceControl: Source control is disabled
[2017.12.11-18.30.23:012][  0]LogAndroidPermission: UAndroidPermissionCallbackProxy::GetInstance
[2017.12.11-18.30.23:266][  0]LogOcInput: OculusInput pre-init called
[2017.12.11-18.30.23:541][  0]LogEngine: Initializing Engine...
[2017.12.11-18.30.23:571][  0]LogHMD: Failed to initialize OpenVR with code 117
[2017.12.11-18.30.23:786][  0]LogStats: UGameplayTagsManager::ConstructGameplayTagTree: Construct from data asset -  0.000 s
[2017.12.11-18.30.23:787][  0]LogStats: UGameplayTagsManager::ConstructGameplayTagTree: GameplayTagTreeChangedEvent.Broadcast -  0.000 s
[2017.12.11-18.30.23:930][  0]LogAIModule: Creating AISystem for world Untitled
[2017.12.11-18.30.23:947][  0]LogInit: XAudio2 using 'Speakers / Headphones (Realtek High Definition Audio)' : 2 channels at 48 kHz using 32 bits per sample (channel mask 0x3)
[2017.12.11-18.30.23:971][  0]LogInit: FAudioDevice initialized.
[2017.12.11-18.30.24:035][  0]LogDerivedDataCache: Saved boot cache 0.06s 93MB C:/Users/tian.g/AppData/Local/UnrealEngine/4.17/DerivedDataCache/Boot.ddc.
[2017.12.11-18.30.24:042][  0]LogInit: Texture streaming: Enabled
[2017.12.11-18.30.24:169][  0]LogEngineSessionManager: EngineSessionManager initialized
[2017.12.11-18.30.24:423][  0]LogInit: Transaction tracking system initialized
[2017.12.11-18.30.24:778][  0]BlueprintLog: New page: Editor Load
[2017.12.11-18.30.25:758][  0]LocalizationService: Localization service is disabled
[2017.12.11-18.30.26:607][  0]LogConsoleResponse: Display: 
[2017.12.11-18.30.26:792][  0]LogCook: Display: Max memory allowance for cook 16384mb min free memory 0mb
[2017.12.11-18.30.26:792][  0]LogCook: Display: Mobile HDR setting 1
[2017.12.11-18.30.26:792][  0]LogGameplayTags: Display: UGameplayTagsManager::DoneAddingNativeTags. DelegateIsBound: 0
[2017.12.11-18.30.27:955][  0]LogFileCache: Scanning file cache for directory 'C:/Users/tian.g/Desktop/Beat-It-DorianAI-Battle (1)/Beat-It-DorianAI-Battle/Content/' took 0.02s
[2017.12.11-18.30.28:009][  0]SourceControl: Source control is disabled
[2017.12.11-18.30.28:012][  0]LightingResults: New page: Lighting Build
[2017.12.11-18.30.28:063][  0]MapCheck: New page: Map Check
[2017.12.11-18.30.28:063][  0]LightingResults: New page: Lighting Build
[2017.12.11-18.30.28:637][  0]LogBlueprint: Warning: [Compiler MotionControllerPawn] InputAction Event references unknown Action 'TeleportRight' for  InputAction TeleportRight
[2017.12.11-18.30.28:637][  0]LogBlueprint: Warning: [Compiler MotionControllerPawn] InputAction Event references unknown Action 'TeleportLeft' for  InputAction TeleportLeft
[2017.12.11-18.30.28:646][  0]LogBlueprint: Warning: [Compiler MotionControllerPawn] [0017.15] Compile of MotionControllerPawn successful, but with 2 Warning(s) [in 22 ms] (/Game/VirtualRealityBP/Blueprints/MotionControllerPawn.MotionControllerPawn)
[2017.12.11-18.30.29:431][  0]LogAIModule: Creating AISystem for world MotionControllerMap
[2017.12.11-18.30.29:452][  0]LogEditorServer: Finished looking for orphan Actors (0.000 secs)
[2017.12.11-18.30.29:475][  0]Cmd: MAP CHECKDEP NOCLEARLOG
[2017.12.11-18.30.29:546][  0]MapCheck: Map check complete: 0 Error(s), 0 Warning(s), took 70.911ms to complete.
[2017.12.11-18.30.29:546][  0]LogFileHelpers: Loading map 'MotionControllerMap' took 1.537
[2017.12.11-18.30.29:702][  0]LogCollectionManager: Loaded 0 collections in 0.001446 seconds
[2017.12.11-18.30.29:794][  0]LogFileCache: Scanning file cache for directory 'C:/Users/tian.g/Desktop/Beat-It-DorianAI-Battle (1)/Beat-It-DorianAI-Battle/Saved/Collections/' took 0.01s
[2017.12.11-18.30.29:794][  0]LogFileCache: Scanning file cache for directory 'C:/Users/tian.g/Desktop/Beat-It-DorianAI-Battle (1)/Beat-It-DorianAI-Battle/Content/Developers/tiang/Collections/' took 0.01s
[2017.12.11-18.30.29:794][  0]LogFileCache: Scanning file cache for directory 'C:/Users/tian.g/Desktop/Beat-It-DorianAI-Battle (1)/Beat-It-DorianAI-Battle/Content/Collections/' took 0.01s
[2017.12.11-18.30.29:794][  0]LogCollectionManager: Rebuilt the GUID cache for 0 collections in 0.000000 seconds
[2017.12.11-18.30.29:806][  0]LogContentBrowser: Native class hierarchy populated in 0.0116 seconds. Added 2386 classes and 500 folders.
[2017.12.11-18.30.29:885][  0]LogContentBrowser: Native class hierarchy updated for 'WidgetCarousel' in 0.0006 seconds. Added 0 classes and 0 folders.
[2017.12.11-18.30.29:924][  0]LogContentBrowser: Native class hierarchy updated for 'AddContentDialog' in 0.0006 seconds. Added 0 classes and 0 folders.
[2017.12.11-18.30.29:975][  0]LogContentBrowser: Native class hierarchy updated for 'SceneOutliner' in 0.0008 seconds. Added 1 classes and 2 folders.
[2017.12.11-18.30.30:053][  0]LogSlate: Took 0.000243 seconds to synchronously load lazily loaded font '../../../Engine/Content/Slate/Fonts/Roboto-Regular.ttf' (155K)
[2017.12.11-18.30.30:056][  0]LogSlate: Took 0.000186 seconds to synchronously load lazily loaded font '../../../Engine/Content/Slate/Fonts/Roboto-Bold.ttf' (160K)
[2017.12.11-18.30.30:060][  0]LogSlate: Took 0.000221 seconds to synchronously load lazily loaded font '../../../Engine/Content/Editor/Slate/Fonts/FontAwesome.ttf' (139K)
[2017.12.11-18.30.30:150][  0]LogRenderer: Reallocating scene render targets to support 1240x688 Format 10 NumSamples 1 (Frame:1).
[2017.12.11-18.30.30:202][  0]LogSlate: Took 0.000189 seconds to synchronously load lazily loaded font '../../../Engine/Content/Slate/Fonts/Roboto-Light.ttf' (159K)
[2017.12.11-18.30.30:354][  0]LogContentBrowser: Native class hierarchy updated for 'HierarchicalLODOutliner' in 0.0008 seconds. Added 1 classes and 2 folders.
[2017.12.11-18.30.30:354][  0]LogLoad: (Engine Initialization) Total time: 18.85 seconds
[2017.12.11-18.30.30:354][  0]LogLoad: (Engine Initialization) Total Blueprint compile time: 0.00 seconds
[2017.12.11-18.30.30:354][  0]LogExternalProfiler: Found external profiler: VSPerf
[2017.12.11-18.30.30:354][  0]LogExternalProfiler: Using external profiler: VSPerf
[2017.12.11-18.30.30:364][  0]LogWindowsTextInputMethodSystem: Display: IME system now deactivated.
[2017.12.11-18.30.30:388][  0]LogContentStreaming: Texture pool size now 1000 MB
[2017.12.11-18.30.30:444][  1]LogAssetRegistry: Asset discovery search completed in 13.2422 seconds
[2017.12.11-18.30.30:447][  1]LogCollectionManager: Rebuilt the object cache for 0 collections in 0.000001 seconds (found 0 objects)
[2017.12.11-18.30.30:447][  1]LogCollectionManager: Fixed up redirectors for 0 collections in 0.000059 seconds (updated 0 objects)
[2017.12.11-18.31.46:062][945]LogEditorViewport: Clicking on Actor (LMB): Cylinder2_Blueprint_C (Cylinder2_Blueprint3)
[2017.12.11-18.31.49:632][365]LogEditorViewport: Clicking on Actor (LMB): Cylinder6_Blueprint_C (Cylinder6_Blueprint3)
[2017.12.11-18.31.50:447][458]LogEditorViewport: Clicking on Actor (LMB): Cylinder2_Blueprint_C (Cylinder2_Blueprint3)
[2017.12.11-18.31.51:544][585]LogEditorViewport: Clicking on Actor (LMB): Cylinder6_Blueprint_C (Cylinder6_Blueprint3)
[2017.12.11-18.31.58:959][466]LogSlate: Took 0.000151 seconds to synchronously load lazily loaded font '../../../Engine/Content/Slate/Fonts/Roboto-Light.ttf' (159K)
[2017.12.11-18.31.59:291][466]LogContentBrowser: Native class hierarchy updated for 'BlueprintGraph' in 0.0010 seconds. Added 113 classes and 0 folders.
[2017.12.11-18.31.59:916][466]LogSlate: Took 0.000213 seconds to synchronously load lazily loaded font '../../../Engine/Content/Editor/Slate/Fonts/Roboto-BoldCondensed.ttf' (158K)
[2017.12.11-18.31.59:971][467]LogSlate: Took 0.000224 seconds to synchronously load lazily loaded font '../../../Engine/Content/Editor/Slate/Fonts/Roboto-Italic.ttf' (157K)
[2017.12.11-18.32.13:769][652]LogEditorViewport: Clicking on Actor (LMB): Cylinder2_Blueprint_C (Cylinder2_Blueprint3)
[2017.12.11-18.32.19:416][151]LogActorComponent: UnregisterComponent: (/Engine/Transient.EditorFloorComp) Not registered. Aborting.
[2017.12.11-18.32.20:840][312]LogEditorViewport: Clicking on Actor (LMB): Cylinder6_Blueprint_C (Cylinder6_Blueprint3)
[2017.12.11-18.33.38:599][563]LogEditorViewport: Clicking on Actor (LMB): Cylinder2_Blueprint_C (Cylinder2_Blueprint)
[2017.12.11-18.34.25:572][882]LogFactory: FactoryCreateFile: SoundWave with ReimportSoundFactory (0 0 ../../../../../../Users/tian.g/Desktop/DrumpSound.wav)
[2017.12.11-18.34.25:575][882]LogAudioDerivedData: Display: Building compressed audio format OGG wave DrumpSound...
[2017.12.11-18.34.25:592][882]LogAudioDerivedData: Updated SoundWave->RawPCMDataSize during cooking SoundWave /Game/DrumpSound.DrumpSound.
[2017.12.11-18.34.29:417][187]LogSlate: Took 0.000187 seconds to synchronously load lazily loaded font '../../../Engine/Content/Slate/Fonts/Roboto-Light.ttf' (159K)
[2017.12.11-18.34.38:808][164]Cmd: OBJ SAVEPACKAGE PACKAGE="/Game/Cylinder2_Blueprint" FILE="../../../../../../Users/tian.g/Desktop/Beat-It-DorianAI-Battle (1)/Beat-It-DorianAI-Battle/Content/Cylinder2_Blueprint.uasset" SILENT=true
[2017.12.11-18.34.38:845][164]LogSavePackage: Save=20.34ms
[2017.12.11-18.34.38:845][164]LogSavePackage: Moving '../../../../../../Users/tian.g/Desktop/Beat-It-DorianAI-Battle (1)/Beat-It-DorianAI-Battle/Saved/Cylinder2_BlueprintEF1BD6F24EEF47E3816822AC70C6B332.tmp' to '../../../../../../Users/tian.g/Desktop/Beat-It-DorianAI-Battle (1)/Beat-It-DorianAI-Battle/Content/Cylinder2_Blueprint.uasset'
[2017.12.11-18.34.38:847][164]LogSavePackage: Display: Finished SavePackage ../../../../../../Users/tian.g/Desktop/Beat-It-DorianAI-Battle (1)/Beat-It-DorianAI-Battle/Content/Cylinder2_Blueprint.uasset
[2017.12.11-18.34.42:571][551]LogActorComponent: UnregisterComponent: (/Engine/Transient.EditorFloorComp) Not registered. Aborting.
[2017.12.11-18.34.43:378][639]LogEditorViewport: Clicking Background
[2017.12.11-18.34.44:727][798]LogEditorViewport: Clicking on Actor (LMB): Cylinder2_Blueprint_C (Cylinder2_Blueprint3)
[2017.12.11-18.34.47:132][ 78]LogEditorViewport: Clicking on Actor (double click): Cylinder2_Blueprint_C (Cylinder2_Blueprint3)
[2017.12.11-18.34.52:755][657]LogEditorViewport: Clicking on Actor (LMB): Cylinder2_Blueprint_C (Cylinder2_Blueprint2)
[2017.12.11-18.34.59:319][341]LogTemp: Repeating last play command: Selected Viewport
[2017.12.11-18.34.59:369][341]LogPackageName: Warning: String asset reference "S_ClothTarps_03.SM.Mesh.S_ClothTarps_03" is in short form, which is unsupported and -- even if valid -- resolving it will be really slow.
[2017.12.11-18.34.59:369][341]LogPackageName: Warning: Please consider resaving package in order to speed-up loading.
[2017.12.11-18.34.59:445][341]LogPackageName: SearchForPackageOnDisk took   0.076s, but failed to resolve S_ClothTarps_03.
[2017.12.11-18.34.59:445][341]LogPackageName: Warning: String asset reference "S_ClothTarps_03.SM.Mesh.S_ClothTarps_03" could not be resolved.
[2017.12.11-18.34.59:551][341]LogBlueprintUserMessages: Early PlayInEditor Detection: Level '/Game/VirtualRealityBP/Maps/MotionControllerMap.MotionControllerMap:PersistentLevel' has LevelScriptBlueprint '/Game/VirtualRealityBP/Maps/MotionControllerMap.MotionControllerMap:PersistentLevel.MotionControllerMap' with GeneratedClass '/Game/VirtualRealityBP/Maps/MotionControllerMap.MotionControllerMap_C' with ClassGeneratedBy '/Game/VirtualRealityBP/Maps/MotionControllerMap.MotionControllerMap:PersistentLevel.MotionControllerMap'
[2017.12.11-18.34.59:551][341]BlueprintLog: New page: Pre-Play auto-recompile
[2017.12.11-18.34.59:553][341]LogPlayLevel: [PlayLevel] Compiling Cylinder2_Blueprint before play...
[2017.12.11-18.35.00:018][341]LogPlayLevel: PlayLevel: Blueprint regeneration took 466 ms (1 blueprints)
[2017.12.11-18.35.00:019][341]PIE: New page: PIE session: MotionControllerMap (Dec 11, 2017, 8:35:00 AM)
[2017.12.11-18.35.00:019][341]LogPlayLevel: Creating play world package: /Game/VirtualRealityBP/Maps/UEDPIE_0_MotionControllerMap
[2017.12.11-18.35.00:038][341]LogPlayLevel: PIE: StaticDuplicateObject took: (0.019249s)
[2017.12.11-18.35.00:038][341]LogAIModule: Creating AISystem for world MotionControllerMap
[2017.12.11-18.35.00:039][341]LogPlayLevel: PIE: World Init took: (0.000651s)
[2017.12.11-18.35.00:039][341]LogPlayLevel: PIE: Created PIE world by copying editor world from /Game/VirtualRealityBP/Maps/MotionControllerMap.MotionControllerMap to /Game/VirtualRealityBP/Maps/UEDPIE_0_MotionControllerMap.MotionControllerMap (0.020204s)
[2017.12.11-18.35.00:071][341]LogInit: XAudio2 using 'Speakers / Headphones (Realtek High Definition Audio)' : 2 channels at 48 kHz using 32 bits per sample (channel mask 0x3)
[2017.12.11-18.35.00:088][341]LogInit: FAudioDevice initialized.
[2017.12.11-18.35.00:129][341]LogLoad: Game class is 'MOBA_AI_GameMode_C'
[2017.12.11-18.35.00:135][341]LogWorld: Bringing World /Game/VirtualRealityBP/Maps/UEDPIE_0_MotionControllerMap.MotionControllerMap up for play (max tick rate 0) at 2017.12.11-13.35.00
[2017.12.11-18.35.00:136][341]LogWorld: Bringing up level for play took: 0.005413
[2017.12.11-18.35.00:184][341]LogContentBrowser: Native class hierarchy updated for 'MovieSceneCapture' in 0.0007 seconds. Added 11 classes and 0 folders.
[2017.12.11-18.35.00:184][341]LogGameMode: Display: Match State Changed from EnteringMap to WaitingToStart
[2017.12.11-18.35.00:184][341]LogGameState: Match State Changed from EnteringMap to WaitingToStart
[2017.12.11-18.35.00:184][341]LogGameMode: Display: Match State Changed from WaitingToStart to InProgress
[2017.12.11-18.35.00:188][341]LogGameState: Match State Changed from WaitingToStart to InProgress
[2017.12.11-18.35.00:188][341]PIE: Play in editor start time for /Game/VirtualRealityBP/Maps/UEDPIE_0_MotionControllerMap 0.014
[2017.12.11-18.35.00:188][341]LogBlueprintUserMessages: Late PlayInEditor Detection: Level '/Game/VirtualRealityBP/Maps/MotionControllerMap.MotionControllerMap:PersistentLevel' has LevelScriptBlueprint '/Game/VirtualRealityBP/Maps/MotionControllerMap.MotionControllerMap:PersistentLevel.MotionControllerMap' with GeneratedClass '/Game/VirtualRealityBP/Maps/MotionControllerMap.MotionControllerMap_C' with ClassGeneratedBy '/Game/VirtualRealityBP/Maps/MotionControllerMap.MotionControllerMap:PersistentLevel.MotionControllerMap'
[2017.12.11-18.35.12:228][775]LogBlueprintUserMessages: Early EndPlayMap Detection: Level '/Game/VirtualRealityBP/Maps/MotionControllerMap.MotionControllerMap:PersistentLevel' has LevelScriptBlueprint '/Game/VirtualRealityBP/Maps/MotionControllerMap.MotionControllerMap:PersistentLevel.MotionControllerMap' with GeneratedClass '/Game/VirtualRealityBP/Maps/MotionControllerMap.MotionControllerMap_C' with ClassGeneratedBy '/Game/VirtualRealityBP/Maps/MotionControllerMap.MotionControllerMap:PersistentLevel.MotionControllerMap'
[2017.12.11-18.35.12:279][775]LogBlueprintUserMessages: Late EndPlayMap Detection: Level '/Game/VirtualRealityBP/Maps/MotionControllerMap.MotionControllerMap:PersistentLevel' has LevelScriptBlueprint '/Game/VirtualRealityBP/Maps/MotionControllerMap.MotionControllerMap:PersistentLevel.MotionControllerMap' with GeneratedClass '/Game/VirtualRealityBP/Maps/MotionControllerMap.MotionControllerMap_C' with ClassGeneratedBy '/Game/VirtualRealityBP/Maps/MotionControllerMap.MotionControllerMap:PersistentLevel.MotionControllerMap'
[2017.12.11-18.35.29:704][428]MapCheck: New page: Map Check
[2017.12.11-18.35.29:715][428]Cmd: MAP REBUILD ALLVISIBLE
[2017.12.11-18.35.29:715][428]LogEditorServer: Rebuildmap Clear paths rebuilt
[2017.12.11-18.35.29:819][428]LightingResults: New page: Lighting Build - Dec 11, 2017, 8:35:29 AM
[2017.12.11-18.35.29:859][428]LogSwarmInterface: [OpenConnection] Registering TCP channel ...
[2017.12.11-18.35.29:909][428]LogSwarmInterface: [OpenConnection] Connecting to agent ...
[2017.12.11-18.35.29:920][428]LogSwarmInterface: [TryOpenConnection] Testing the Agent
[2017.12.11-18.35.30:930][428]LogSwarmInterface: [TryOpenConnection] Opening Connection to Agent
[2017.12.11-18.35.30:930][428]LogSwarmInterface: [TryOpenConnection] Local Process ID is 5600
[2017.12.11-18.35.32:245][428]LogStaticLightingSystem: Running Lightmass w/ ImmediateImport mode ENABLED
[2017.12.11-18.35.32:245][428]LogStaticLightingSystem: Running Lightmass w/ ImmediateProcess mode ENABLED
[2017.12.11-18.35.32:245][428]LogStaticLightingSystem: Running Lightmass w/ Sorting mode ENABLED
[2017.12.11-18.35.32:245][428]LogStaticLightingSystem: Running Lightmass w/ Mapping paddings ENABLED
[2017.12.11-18.35.32:245][428]LogStaticLightingSystem: Running Lightmass w/ Mapping debug paddings DISABLED
[2017.12.11-18.35.32:457][428]LogEditorBuildUtils: Build time 0:02
[2017.12.11-18.35.32:524][429]LogMaterial: Missing cached shader map for material FLightmassMaterialRenderer NewMaterial, compiling. 
[2017.12.11-18.35.32:533][429]LogMaterial: Missing cached shader map for material FLightmassMaterialRenderer NewMaterial, compiling. 
[2017.12.11-18.35.32:575][430]LogMaterial: Missing cached shader map for material FLightmassMaterialRenderer NewMaterial1, compiling. 
[2017.12.11-18.35.32:585][430]LogMaterial: Missing cached shader map for material FLightmassMaterialRenderer NewMaterial1, compiling. 
[2017.12.11-18.35.32:620][431]LogMaterial: Missing cached shader map for material FLightmassMaterialRenderer NewMaterial2, compiling. 
[2017.12.11-18.35.32:632][431]LogMaterial: Missing cached shader map for material FLightmassMaterialRenderer NewMaterial2, compiling. 
[2017.12.11-18.35.44:702][ 39]Job is a success!
[2017.12.11-18.35.45:827][ 40]LogTexture: Display: Building textures: HQ_Lightmap1_1 (AutoDXT, 2048X2048)
[2017.12.11-18.35.45:827][ 40]LogTexture: Display: Building textures: LQ_Lightmap_1_1 (DXT1, 2048X2048)
[2017.12.11-18.35.45:827][ 40]LogTexture: Display: Building textures: HQ_Lightmap1_2 (AutoDXT, 1024X1024)
[2017.12.11-18.35.45:827][ 40]LogTexture: Display: Building textures: LQ_Lightmap_1_2 (DXT1, 1024X1024)
[2017.12.11-18.35.45:827][ 40]LogTexture: Display: Building textures: HQ_Lightmap1_3 (AutoDXT, 512X512)
[2017.12.11-18.35.45:827][ 40]LogTexture: Display: Building textures: LQ_Lightmap_1_3 (DXT1, 512X512)
[2017.12.11-18.35.45:827][ 40]LogTexture: Display: Building textures: HQ_Lightmap1_4 (AutoDXT, 64X64)
[2017.12.11-18.35.45:827][ 40]LogTexture: Display: Building textures: LQ_Lightmap_1_4 (DXT1, 64X64)
[2017.12.11-18.35.46:027][ 40]LogTexture: Display: Building textures: ShadowMapTexture2D_5 (BGRA8, 64X64)
[2017.12.11-18.35.46:027][ 40]LogTexture: Display: Building textures: ShadowMapTexture2D_7 (G8, 32X32)
[2017.12.11-18.35.46:097][ 40]LogTexture: Display: Building textures: ShadowMapTexture2D_4 (BGRA8, 1024X1024)
[2017.12.11-18.35.46:097][ 40]LogTexture: Display: Building textures: ShadowMapTexture2D_3 (BGRA8, 1024X1024)
[2017.12.11-18.35.46:139][ 40]Lightmass on WFX484D7EDA9A40: 11.4 sec total, 124 ms importing, 17 ms setup, 3.07 sec photons, 8.14 sec processing, 0 ms extra exporting [167/167 mappings]. Threads: 1:29 min total, 17.7 sec processing.
[2017.12.11-18.35.46:149][ 40]LogStaticLightingSystem: Illumination: 16.3 sec (881 ms encoding lightmaps, 266 ms encoding shadowmaps)
[2017.12.11-18.35.46:149][ 40]LogStaticLightingSystem: Lightmap texture memory:  10.5 MB (2.5 MB streaming, 8.0 MB non-streaming), 8 textures
[2017.12.11-18.35.46:149][ 40]LogStaticLightingSystem: Shadowmap texture memory: 10.7 MB (5.4 MB streaming, 5.3 MB non-streaming), 4 textures
[2017.12.11-18.35.46:258][ 40]DumpUnbuiltLightIteractions
[2017.12.11-18.35.46:258][ 40]Lights with unbuilt interactions: 0
[2017.12.11-18.35.46:258][ 40]
[2017.12.11-18.35.46:258][ 40]Primitives with unbuilt interactions: 0
[2017.12.11-18.35.46:265][ 41]Cmd: MAP CHECK NOTIFYRESULTS
[2017.12.11-18.35.46:266][ 41]MapCheck: New page: MotionControllerMap - Dec 11, 2017, 8:35:46 AM
[2017.12.11-18.35.46:266][ 41]MapCheck: Warning: tower_polySurface21_2 SkeletalMeshActor 'No_SkeletalMesh' casts shadow but has no PhysicsAsset assigned.  The shadow will be low res and inefficient 
[2017.12.11-18.35.46:266][ 41]MapCheck: Warning: tower_polySurface21_2 Skeletal mesh actor has NULL SkeletalMesh property 
[2017.12.11-18.35.46:266][ 41]MapCheck: Warning: tower_pPlane1_5 SkeletalMeshActor 'No_SkeletalMesh' casts shadow but has no PhysicsAsset assigned.  The shadow will be low res and inefficient 
[2017.12.11-18.35.46:266][ 41]MapCheck: Warning: tower_pPlane1_5 Skeletal mesh actor has NULL SkeletalMesh property 
[2017.12.11-18.35.46:266][ 41]MapCheck: Warning: tower_pPlane2_5 SkeletalMeshActor '/Game/Model/tower.tower_pPlane1' casts shadow but has no PhysicsAsset assigned.  The shadow will be low res and inefficient 
[2017.12.11-18.35.46:268][ 41]MapCheck: Warning: Asset_1_4x_Sprite2_5 'Asset_1_4x_Sprite' has simple collision but is being scaled non-uniformly - collision creation will fail 
[2017.12.11-18.35.46:268][ 41]MapCheck: Warning: Asset_1_4x_Sprite_2 'bluecassssle_4x_Sprite' has simple collision but is being scaled non-uniformly - collision creation will fail 
[2017.12.11-18.35.46:268][ 41]MapCheck: Warning: Asset_2_4x_Sprite_8 'Asset_2_4x_Sprite' has simple collision but is being scaled non-uniformly - collision creation will fail 
[2017.12.11-18.35.46:268][ 41]MapCheck: Warning: Asset_3_4x_Sprite_11 'Asset_3_4x_Sprite' has simple collision but is being scaled non-uniformly - collision creation will fail 
[2017.12.11-18.35.46:268][ 41]MapCheck: Warning: chanlage_Sprite_14 'chanlage_Sprite' has simple collision but is being scaled non-uniformly - collision creation will fail 
[2017.12.11-18.35.46:397][ 41]MapCheck: Map check complete: 0 Error(s), 10 Warning(s), took 131.752ms to complete.
[2017.12.11-18.36.03:768][586]LogSavePackage: Save=343.02ms
[2017.12.11-18.36.03:769][586]LogSavePackage: Moving '../../../../../../Users/tian.g/Desktop/Beat-It-DorianAI-Battle (1)/Beat-It-DorianAI-Battle/Saved/MotionControllerMapEB9062D24264881B0D6F8CBD7C9ACDE1.tmp' to '../../../../../../Users/tian.g/Desktop/Beat-It-DorianAI-Battle (1)/Beat-It-DorianAI-Battle/Content/VirtualRealityBP/Maps/MotionControllerMap.umap'
[2017.12.11-18.36.03:771][586]LogSavePackage: Display: Finished SavePackage ../../../../../../Users/tian.g/Desktop/Beat-It-DorianAI-Battle (1)/Beat-It-DorianAI-Battle/Content/VirtualRealityBP/Maps/MotionControllerMap.umap
[2017.12.11-18.36.03:792][586]LogFileHelpers: Saving map 'MotionControllerMap' took 0.469
[2017.12.11-18.36.04:134][586]LogSavePackage: Save=329.04ms
[2017.12.11-18.36.04:134][586]LogSavePackage: Moving '../../../../../../Users/tian.g/Desktop/Beat-It-DorianAI-Battle (1)/Beat-It-DorianAI-Battle/Saved/MotionControllerMap_BuiltDataE81DC4CF492F2367A860CF90DDB3C344.tmp' to '../../../../../../Users/tian.g/Desktop/Beat-It-DorianAI-Battle (1)/Beat-It-DorianAI-Battle/Content/VirtualRealityBP/Maps/MotionControllerMap_BuiltData.uasset'
[2017.12.11-18.36.04:137][586]LogSavePackage: Display: Finished SavePackage ../../../../../../Users/tian.g/Desktop/Beat-It-DorianAI-Battle (1)/Beat-It-DorianAI-Battle/Content/VirtualRealityBP/Maps/MotionControllerMap_BuiltData.uasset
[2017.12.11-18.36.04:143][586]Cmd: OBJ SAVEPACKAGE PACKAGE="/Game/DrumpSound" FILE="../../../../../../Users/tian.g/Desktop/Beat-It-DorianAI-Battle (1)/Beat-It-DorianAI-Battle/Content/DrumpSound.uasset" SILENT=true
[2017.12.11-18.36.04:148][586]LogSavePackage: Save=4.11ms
[2017.12.11-18.36.04:148][586]LogSavePackage: Moving '../../../../../../Users/tian.g/Desktop/Beat-It-DorianAI-Battle (1)/Beat-It-DorianAI-Battle/Saved/DrumpSoundABC4470543316C75D683B1AA7C524C86.tmp' to '../../../../../../Users/tian.g/Desktop/Beat-It-DorianAI-Battle (1)/Beat-It-DorianAI-Battle/Content/DrumpSound.uasset'
[2017.12.11-18.36.04:150][586]LogSavePackage: Display: Finished SavePackage ../../../../../../Users/tian.g/Desktop/Beat-It-DorianAI-Battle (1)/Beat-It-DorianAI-Battle/Content/DrumpSound.uasset
[2017.12.11-18.36.29:686][461]Cmd: SELECT NONE
[2017.12.11-18.36.51:124][ 19]LogEditorViewport: Clicking on Actor (LMB): Landscape (Landscape)
[2017.12.11-18.36.53:400][271]LogTexture: Display: Building textures: Texture2D_2 (G8, 128X128)
[2017.12.11-18.37.01:860][278]Cmd: SELECT NONE
[2017.12.11-18.37.02:434][346]Cmd: SELECT NONE
[2017.12.11-18.38.27:833][424]LogEditorViewport: Clicking on Actor (LMB): Emitter (P_Explosion)
[2017.12.11-18.38.30:434][723]LogEditorViewport: Clicking on Actor (LMB): Emitter (P_Explosion)
[2017.12.11-18.38.32:789][  0]Cmd: DELETE
[2017.12.11-18.38.32:790][  0]Cmd: ACTOR DELETE
[2017.12.11-18.38.32:790][  0]LogEditorActor: Deleted Actor: Emitter
[2017.12.11-18.38.32:812][  0]LogEditorActor: Deleted 1 Actors (0.022 secs)
[2017.12.11-18.38.45:763][486]Cmd: DELETE
[2017.12.11-18.38.45:763][486]Cmd: ACTOR DELETE
[2017.12.11-18.38.45:764][486]LogEditorActor: Deleted Actor: Emitter
[2017.12.11-18.38.45:784][486]LogEditorActor: Deleted 1 Actors (0.021 secs)
[2017.12.11-18.38.49:716][908]LogEditorViewport: Clicking on Actor (LMB): Emitter (P_Fire)
[2017.12.11-18.39.12:828][435]LogEditorViewport: Clicking on Actor (LMB): Emitter (P_Steam_Lit)
[2017.12.11-18.39.20:940][302]LogEditorViewport: Clicking on Actor (LMB): Emitter (P_Sparks)
[2017.12.11-18.39.28:572][185]LogEditorViewport: Clicking on Actor (LMB): Emitter (P_Smoke)
[2017.12.11-18.39.35:283][976]LogEditorViewport: Clicking on Actor (LMB): Emitter (P_Smoke)
[2017.12.11-18.39.38:809][349]LogEditorViewport: Clicking on Actor (LMB): Emitter (P_Fire)
[2017.12.11-18.39.39:537][432]LogEditorViewport: Clicking on Actor (LMB): Emitter (P_Smoke)
[2017.12.11-18.39.42:101][733]LogEditorViewport: Clicking on Actor (CTRL LMB): Emitter (P_Smoke)
[2017.12.11-18.39.44:267][981]LogEditorViewport: Clicking on Actor (LMB): Emitter (P_Smoke)
[2017.12.11-18.39.47:471][308]LogEditorViewport: Clicking on Actor (CTRL LMB): Emitter (P_Fire)
[2017.12.11-18.39.49:700][569]LogEditorViewport: Clicking on Actor (LMB): Emitter (P_Smoke)
[2017.12.11-18.39.50:793][696]LogEditorViewport: Clicking on Actor (CTRL LMB): Emitter (P_Fire)
[2017.12.11-18.39.53:124][967]Cmd: EDIT COPY
[2017.12.11-18.39.57:343][438]Cmd: EDIT PASTE
[2017.12.11-18.40.00:183][776]Cmd: EDIT PASTE
[2017.12.11-18.40.03:623][179]Cmd: EDIT PASTE
[2017.12.11-18.40.09:237][842]Cmd: EDIT PASTE
[2017.12.11-18.40.12:393][210]Cmd: EDIT PASTE
[2017.12.11-18.40.16:529][691]Cmd: EDIT PASTE
[2017.12.11-18.40.21:516][275]Cmd: EDIT PASTE
[2017.12.11-18.40.29:109][166]LogEditorViewport: Clicking on Actor (LMB): Emitter (P_Steam_Lit)
[2017.12.11-18.40.29:694][230]Cmd: EDIT PASTE
[2017.12.11-18.40.35:010][811]LogEditorViewport: Clicking on Actor (LMB): Emitter (P_Steam_Lit)
[2017.12.11-18.40.35:813][897]Cmd: EDIT COPY
[2017.12.11-18.40.36:151][932]Cmd: EDIT PASTE
[2017.12.11-18.40.39:317][269]Cmd: EDIT PASTE
[2017.12.11-18.40.43:251][681]Cmd: EDIT PASTE
[2017.12.11-18.40.47:049][ 82]LogEditorViewport: Clicking on Actor (LMB): Emitter (P_Sparks)
[2017.12.11-18.40.48:477][235]Cmd: EDIT PASTE
[2017.12.11-18.40.53:929][802]LogEditorViewport: Clicking on Actor (LMB): Emitter (P_Sparks)
[2017.12.11-18.40.54:408][850]Cmd: EDIT PASTE
[2017.12.11-18.41.02:062][668]LogEditorViewport: Clicking on Actor (LMB): Emitter (P_Sparks)
[2017.12.11-18.41.02:855][751]Cmd: EDIT COPY
[2017.12.11-18.41.03:873][862]Cmd: EDIT PASTE
[2017.12.11-18.41.06:889][176]Cmd: EDIT PASTE
[2017.12.11-18.41.08:982][393]Cmd: EDIT PASTE
[2017.12.11-18.41.12:704][782]Cmd: EDIT PASTE
[2017.12.11-18.41.16:048][138]Cmd: EDIT PASTE
[2017.12.11-18.41.25:889][169]LogTemp: Repeating last play command: Selected Viewport
[2017.12.11-18.41.25:904][169]LogBlueprintUserMessages: Early PlayInEditor Detection: Level '/Game/VirtualRealityBP/Maps/MotionControllerMap.MotionControllerMap:PersistentLevel' has LevelScriptBlueprint '/Game/VirtualRealityBP/Maps/MotionControllerMap.MotionControllerMap:PersistentLevel.MotionControllerMap' with GeneratedClass '/Game/VirtualRealityBP/Maps/MotionControllerMap.MotionControllerMap_C' with ClassGeneratedBy '/Game/VirtualRealityBP/Maps/MotionControllerMap.MotionControllerMap:PersistentLevel.MotionControllerMap'
[2017.12.11-18.41.25:904][169]LogPlayLevel: PlayLevel: No blueprints needed recompiling
[2017.12.11-18.41.25:905][169]PIE: New page: PIE session: MotionControllerMap (Dec 11, 2017, 8:41:25 AM)
[2017.12.11-18.41.25:905][169]LogPlayLevel: Creating play world package: /Game/VirtualRealityBP/Maps/UEDPIE_0_MotionControllerMap
[2017.12.11-18.41.25:923][169]LogPlayLevel: PIE: StaticDuplicateObject took: (0.018224s)
[2017.12.11-18.41.25:924][169]LogAIModule: Creating AISystem for world MotionControllerMap
[2017.12.11-18.41.25:924][169]LogPlayLevel: PIE: World Init took: (0.000826s)
[2017.12.11-18.41.25:924][169]LogPlayLevel: PIE: Created PIE world by copying editor world from /Game/VirtualRealityBP/Maps/MotionControllerMap.MotionControllerMap to /Game/VirtualRealityBP/Maps/UEDPIE_0_MotionControllerMap.MotionControllerMap (0.019404s)
[2017.12.11-18.41.25:957][169]LogInit: XAudio2 using 'Speakers / Headphones (Realtek High Definition Audio)' : 2 channels at 48 kHz using 32 bits per sample (channel mask 0x3)
[2017.12.11-18.41.25:974][169]LogInit: FAudioDevice initialized.
[2017.12.11-18.41.26:004][169]LogLoad: Game class is 'MOBA_AI_GameMode_C'
[2017.12.11-18.41.26:010][169]LogWorld: Bringing World /Game/VirtualRealityBP/Maps/UEDPIE_0_MotionControllerMap.MotionControllerMap up for play (max tick rate 0) at 2017.12.11-13.41.26
[2017.12.11-18.41.26:012][169]LogWorld: Bringing up level for play took: 0.007081
[2017.12.11-18.41.26:013][169]LogGameMode: Display: Match State Changed from EnteringMap to WaitingToStart
[2017.12.11-18.41.26:013][169]LogGameState: Match State Changed from EnteringMap to WaitingToStart
[2017.12.11-18.41.26:013][169]LogGameMode: Display: Match State Changed from WaitingToStart to InProgress
[2017.12.11-18.41.26:015][169]LogGameState: Match State Changed from WaitingToStart to InProgress
[2017.12.11-18.41.26:016][169]PIE: Play in editor start time for /Game/VirtualRealityBP/Maps/UEDPIE_0_MotionControllerMap -0.155
[2017.12.11-18.41.26:016][169]LogBlueprintUserMessages: Late PlayInEditor Detection: Level '/Game/VirtualRealityBP/Maps/MotionControllerMap.MotionControllerMap:PersistentLevel' has LevelScriptBlueprint '/Game/VirtualRealityBP/Maps/MotionControllerMap.MotionControllerMap:PersistentLevel.MotionControllerMap' with GeneratedClass '/Game/VirtualRealityBP/Maps/MotionControllerMap.MotionControllerMap_C' with ClassGeneratedBy '/Game/VirtualRealityBP/Maps/MotionControllerMap.MotionControllerMap:PersistentLevel.MotionControllerMap'
[2017.12.11-18.41.29:187][545]LogBlueprintUserMessages: Early EndPlayMap Detection: Level '/Game/VirtualRealityBP/Maps/MotionControllerMap.MotionControllerMap:PersistentLevel' has LevelScriptBlueprint '/Game/VirtualRealityBP/Maps/MotionControllerMap.MotionControllerMap:PersistentLevel.MotionControllerMap' with GeneratedClass '/Game/VirtualRealityBP/Maps/MotionControllerMap.MotionControllerMap_C' with ClassGeneratedBy '/Game/VirtualRealityBP/Maps/MotionControllerMap.MotionControllerMap:PersistentLevel.MotionControllerMap'
[2017.12.11-18.41.29:231][545]LogBlueprintUserMessages: Late EndPlayMap Detection: Level '/Game/VirtualRealityBP/Maps/MotionControllerMap.MotionControllerMap:PersistentLevel' has LevelScriptBlueprint '/Game/VirtualRealityBP/Maps/MotionControllerMap.MotionControllerMap:PersistentLevel.MotionControllerMap' with GeneratedClass '/Game/VirtualRealityBP/Maps/MotionControllerMap.MotionControllerMap_C' with ClassGeneratedBy '/Game/VirtualRealityBP/Maps/MotionControllerMap.MotionControllerMap:PersistentLevel.MotionControllerMap'
[2017.12.11-18.41.31:503][809]LogTemp: Repeating last play command: Selected Viewport
[2017.12.11-18.41.31:516][809]LogBlueprintUserMessages: Early PlayInEditor Detection: Level '/Game/VirtualRealityBP/Maps/MotionControllerMap.MotionControllerMap:PersistentLevel' has LevelScriptBlueprint '/Game/VirtualRealityBP/Maps/MotionControllerMap.MotionControllerMap:PersistentLevel.MotionControllerMap' with GeneratedClass '/Game/VirtualRealityBP/Maps/MotionControllerMap.MotionControllerMap_C' with ClassGeneratedBy '/Game/VirtualRealityBP/Maps/MotionControllerMap.MotionControllerMap:PersistentLevel.MotionControllerMap'
[2017.12.11-18.41.31:516][809]LogPlayLevel: PlayLevel: No blueprints needed recompiling
[2017.12.11-18.41.31:516][809]PIE: New page: PIE session: MotionControllerMap (Dec 11, 2017, 8:41:31 AM)
[2017.12.11-18.41.31:517][809]LogPlayLevel: Creating play world package: /Game/VirtualRealityBP/Maps/UEDPIE_0_MotionControllerMap
[2017.12.11-18.41.31:532][809]LogPlayLevel: PIE: StaticDuplicateObject took: (0.015385s)
[2017.12.11-18.41.31:533][809]LogAIModule: Creating AISystem for world MotionControllerMap
[2017.12.11-18.41.31:533][809]LogPlayLevel: PIE: World Init took: (0.000740s)
[2017.12.11-18.41.31:533][809]LogPlayLevel: PIE: Created PIE world by copying editor world from /Game/VirtualRealityBP/Maps/MotionControllerMap.MotionControllerMap to /Game/VirtualRealityBP/Maps/UEDPIE_0_MotionControllerMap.MotionControllerMap (0.016453s)
[2017.12.11-18.41.31:567][809]LogInit: XAudio2 using 'Speakers / Headphones (Realtek High Definition Audio)' : 2 channels at 48 kHz using 32 bits per sample (channel mask 0x3)
[2017.12.11-18.41.31:583][809]LogInit: FAudioDevice initialized.
[2017.12.11-18.41.31:617][809]LogLoad: Game class is 'MOBA_AI_GameMode_C'
[2017.12.11-18.41.31:622][809]LogWorld: Bringing World /Game/VirtualRealityBP/Maps/UEDPIE_0_MotionControllerMap.MotionControllerMap up for play (max tick rate 0) at 2017.12.11-13.41.31
[2017.12.11-18.41.31:625][809]LogWorld: Bringing up level for play took: 0.006949
[2017.12.11-18.41.31:625][809]LogGameMode: Display: Match State Changed from EnteringMap to WaitingToStart
[2017.12.11-18.41.31:625][809]LogGameState: Match State Changed from EnteringMap to WaitingToStart
[2017.12.11-18.41.31:625][809]LogGameMode: Display: Match State Changed from WaitingToStart to InProgress
[2017.12.11-18.41.31:628][809]LogGameState: Match State Changed from WaitingToStart to InProgress
[2017.12.11-18.41.31:628][809]PIE: Play in editor start time for /Game/VirtualRealityBP/Maps/UEDPIE_0_MotionControllerMap -0.543
[2017.12.11-18.41.31:628][809]LogBlueprintUserMessages: Late PlayInEditor Detection: Level '/Game/VirtualRealityBP/Maps/MotionControllerMap.MotionControllerMap:PersistentLevel' has LevelScriptBlueprint '/Game/VirtualRealityBP/Maps/MotionControllerMap.MotionControllerMap:PersistentLevel.MotionControllerMap' with GeneratedClass '/Game/VirtualRealityBP/Maps/MotionControllerMap.MotionControllerMap_C' with ClassGeneratedBy '/Game/VirtualRealityBP/Maps/MotionControllerMap.MotionControllerMap:PersistentLevel.MotionControllerMap'
[2017.12.11-18.41.32:467][905]LogScriptCore: Warning: Script Msg: Attempted to access index 0 from array 'Waypoints' of length 0 in '/Game/MOBA_Minion_AI/Units/Minion.Minion_C'!
[2017.12.11-18.41.32:467][905]LogScript: Warning: Accessed None trying to read property CallFunc_Array_Get_Item
	Minion_AICON_C /Game/VirtualRealityBP/Maps/UEDPIE_0_MotionControllerMap.MotionControllerMap:PersistentLevel.Minion_AICON_C_0
	Function /Game/MOBA_Minion_AI/AI/Minion_AICON.Minion_AICON_C:ExecuteUbergraph_Minion_AICON:0CA5
[2017.12.11-18.41.32:467][905]PIE: Error: Blueprint Runtime Error: Accessed None trying to read property CallFunc_Array_Get_Item from function: 'ExecuteUbergraph_Minion_AICON' from node: Set Value as Vector in graph: EventGraph in object: Minion_AICON with description: Accessed None trying to read property CallFunc_Array_Get_Item
[2017.12.11-18.41.32:467][905]LogScriptCore: Warning: Script Msg: Attempted to access index 0 from array 'Waypoints' of length 0 in '/Game/MOBA_Minion_AI/Units/Minion.Minion_C'!
[2017.12.11-18.41.32:601][921]LogScriptCore: Warning: Script Msg: Attempted to access index 0 from array 'Waypoints' of length 0 in '/Game/MOBA_Minion_AI/Units/Minion.Minion_C'!
[2017.12.11-18.41.32:601][921]LogScript: Warning: Accessed None trying to read property CallFunc_Array_Get_Item
	Minion_AICON_C /Game/VirtualRealityBP/Maps/UEDPIE_0_MotionControllerMap.MotionControllerMap:PersistentLevel.Minion_AICON_C_1
	Function /Game/MOBA_Minion_AI/AI/Minion_AICON.Minion_AICON_C:ExecuteUbergraph_Minion_AICON:0CA5
[2017.12.11-18.41.32:601][921]PIE: Error: Blueprint Runtime Error: Accessed None trying to read property CallFunc_Array_Get_Item from function: 'ExecuteUbergraph_Minion_AICON' from node: Set Value as Vector in graph: EventGraph in object: Minion_AICON with description: Accessed None trying to read property CallFunc_Array_Get_Item
[2017.12.11-18.41.32:601][921]LogScriptCore: Warning: Script Msg: Attempted to access index 0 from array 'Waypoints' of length 0 in '/Game/MOBA_Minion_AI/Units/Minion.Minion_C'!
[2017.12.11-18.41.32:658][928]LogBlueprintUserMessages: [MOBA_AI_GameMode_C_0] 2
[2017.12.11-18.41.32:658][928]LogBlueprintUserMessages: [Minion_C_0] Waypoint2
[2017.12.11-18.41.32:658][928]LogBlueprintUserMessages: [Minion_C_0] Waypoint5
[2017.12.11-18.41.32:658][928]LogBlueprintUserMessages: [Minion_C_0] Waypoint8
[2017.12.11-18.41.32:786][943]LogScriptCore: Warning: Script Msg: Attempted to access index 0 from array 'Waypoints' of length 0 in '/Game/MOBA_Minion_AI/Units/Minion.Minion_C'!
[2017.12.11-18.41.32:786][943]LogScript: Warning: Accessed None trying to read property CallFunc_Array_Get_Item
	Minion_AICON_C /Game/VirtualRealityBP/Maps/UEDPIE_0_MotionControllerMap.MotionControllerMap:PersistentLevel.Minion_AICON_C_2
	Function /Game/MOBA_Minion_AI/AI/Minion_AICON.Minion_AICON_C:ExecuteUbergraph_Minion_AICON:0CA5
[2017.12.11-18.41.32:786][943]PIE: Error: Blueprint Runtime Error: Accessed None trying to read property CallFunc_Array_Get_Item from function: 'ExecuteUbergraph_Minion_AICON' from node: Set Value as Vector in graph: EventGraph in object: Minion_AICON with description: Accessed None trying to read property CallFunc_Array_Get_Item
[2017.12.11-18.41.32:786][943]LogScriptCore: Warning: Script Msg: Attempted to access index 0 from array 'Waypoints' of length 0 in '/Game/MOBA_Minion_AI/Units/Minion.Minion_C'!
[2017.12.11-18.41.32:793][944]LogBlueprintUserMessages: [MOBA_AI_GameMode_C_0] 2
[2017.12.11-18.41.32:793][944]LogBlueprintUserMessages: [Minion_C_1] Waypoint
[2017.12.11-18.41.32:793][944]LogBlueprintUserMessages: [Minion_C_1] Waypoint4
[2017.12.11-18.41.32:793][944]LogBlueprintUserMessages: [Minion_C_1] Waypoint7
[2017.12.11-18.41.32:978][966]LogBlueprintUserMessages: [MOBA_AI_GameMode_C_0] 2
[2017.12.11-18.41.32:979][966]LogBlueprintUserMessages: [Minion_C_2] Waypoint3
[2017.12.11-18.41.32:979][966]LogBlueprintUserMessages: [Minion_C_2] Waypoint6
[2017.12.11-18.41.32:979][966]LogBlueprintUserMessages: [Minion_C_2] Waypoint9
[2017.12.11-18.41.34:116][102]LogBlueprintUserMessages: Early EndPlayMap Detection: Level '/Game/VirtualRealityBP/Maps/MotionControllerMap.MotionControllerMap:PersistentLevel' has LevelScriptBlueprint '/Game/VirtualRealityBP/Maps/MotionControllerMap.MotionControllerMap:PersistentLevel.MotionControllerMap' with GeneratedClass '/Game/VirtualRealityBP/Maps/MotionControllerMap.MotionControllerMap_C' with ClassGeneratedBy '/Game/VirtualRealityBP/Maps/MotionControllerMap.MotionControllerMap:PersistentLevel.MotionControllerMap'
[2017.12.11-18.41.34:161][102]LogBlueprintUserMessages: Late EndPlayMap Detection: Level '/Game/VirtualRealityBP/Maps/MotionControllerMap.MotionControllerMap:PersistentLevel' has LevelScriptBlueprint '/Game/VirtualRealityBP/Maps/MotionControllerMap.MotionControllerMap:PersistentLevel.MotionControllerMap' with GeneratedClass '/Game/VirtualRealityBP/Maps/MotionControllerMap.MotionControllerMap_C' with ClassGeneratedBy '/Game/VirtualRealityBP/Maps/MotionControllerMap.MotionControllerMap:PersistentLevel.MotionControllerMap'
[2017.12.11-18.41.35:527][250]LogEditorViewport: Clicking on Actor (LMB): Cylinder2_Blueprint_C (Cylinder2_Blueprint3)
[2017.12.11-18.41.37:676][493]LogEditorViewport: Clicking on Actor (LMB): Cylinder2_Blueprint_C (Cylinder2_Blueprint2)
[2017.12.11-18.41.38:567][592]LogEditorViewport: Clicking on Actor (LMB): Cylinder2_Blueprint_C (Cylinder2_Blueprint)
[2017.12.11-18.42.31:631][366]LogEditorViewport: Clicking on Actor (LMB): Cylinder2_Blueprint_C (Cylinder2_Blueprint)
[2017.12.11-18.43.31:262][427]LogEditorViewport: Clicking on Actor (LMB): Cylinder2_Blueprint_C (Cylinder2_Blueprint)
[2017.12.11-18.43.59:867][771]LogEditorViewport: Clicking on Actor (LMB): Cylinder2_Blueprint_C (Cylinder2_Blueprint)
[2017.12.11-18.44.03:786][123]LogProperty: Warning: Illegal TEXT reference to a private object in external package (MinionSpawnPoint_C /Game/VirtualRealityBP/Maps/MotionControllerMap.MotionControllerMap:PersistentLevel.MinionSpawnPoint5) from referencer (K2Node_Literal /Game/Cylinder2_Blueprint.Cylinder2_Blueprint:EventGraph.K2Node_Literal_157).  Import failed...
[2017.12.11-18.44.03:786][123]LogProperty: Warning: ObjectProperty /Script/BlueprintGraph.K2Node_Literal:ObjectRef: unresolved reference to 'MinionSpawnPoint_C'/Game/VirtualRealityBP/Maps/MotionControllerMap.MotionControllerMap:PersistentLevel.MinionSpawnPoint5''
[2017.12.11-18.44.03:788][123]LogBlueprint: Warning: [Cylinder2_Blueprint] 'Minion5' variable not found. Base class was probably changed.
[2017.12.11-18.44.03:788][123]LogBlueprint: Warning: [Cylinder2_Blueprint] 'Minion5' variable not found. Base class was probably changed.
[2017.12.11-18.45.37:988][620]LogEditorViewport: Clicking on Actor (LMB): MinionSpawnPoint_C (MinionSpawnPoint6)
[2017.12.11-18.45.41:867][ 79]LogEditorViewport: Clicking on Actor (LMB): Waypoint_C (Waypoint2)
[2017.12.11-18.45.45:473][505]LogEditorViewport: Clicking on Actor (LMB): Waypoint_C (Waypoint)
[2017.12.11-18.45.46:433][616]LogEditorViewport: Clicking on Actor (LMB): Waypoint_C (Waypoint3)
[2017.12.11-18.45.47:839][780]LogEditorViewport: Clicking on Actor (LMB): Waypoint_C (Waypoint2)
[2017.12.11-18.45.49:445][968]LogEditorViewport: Clicking on Actor (LMB): Cylinder2_Blueprint_C (Cylinder2_Blueprint)
[2017.12.11-18.45.56:883][623]LogSlate: Took 0.001116 seconds to synchronously load lazily loaded font '../../../Engine/Content/Editor/Slate/Fonts/Roboto-BoldCondensedItalic.ttf' (160K)
[2017.12.11-18.46.48:426][791]LogEditorViewport: Clicking Background
[2017.12.11-18.46.49:608][929]LogEditorViewport: Clicking on Actor (LMB): Cylinder2_Blueprint_C (Cylinder2_Blueprint)
[2017.12.11-18.46.52:171][228]LogEditorViewport: Clicking on Actor (LMB): Cylinder2_Blueprint_C (Cylinder2_Blueprint)
[2017.12.11-18.46.53:351][365]LogEditorViewport: Clicking on Actor (LMB): Cylinder2_Blueprint_C (Cylinder2_Blueprint)
[2017.12.11-18.48.20:807][942]LogEditorViewport: Clicking on Actor (LMB): Cylinder2_Blueprint_C (Cylinder2_Blueprint)
[2017.12.11-18.48.51:703][550]LogEditorViewport: Clicking on Actor (LMB): MinionSpawnPoint_C (MinionSpawnPoint6)
[2017.12.11-18.49.28:824][ 51]LogEditorViewport: Clicking on Actor (LMB): Cylinder2_Blueprint_C (Cylinder2_Blueprint)
[2017.12.11-18.50.12:705][760]LogEditorViewport: Clicking on Actor (LMB): MinionSpawnPoint_C (MinionSpawnPoint)
[2017.12.11-18.50.14:924][ 13]Cmd: EDIT COPY
[2017.12.11-18.50.18:590][420]LogEditorViewport: Clicking on Actor (LMB): Cylinder2_Blueprint_C (Cylinder2_Blueprint)
[2017.12.11-18.50.34:863][803]BlueprintLog: New page: Compile Cylinder2_Blueprint
[2017.12.11-18.50.34:879][803]LogBlueprint: Warning: [Compiler Cylinder2_Blueprint] Could not find a variable named "Minion5" in 'Cylinder2_Blueprint_C'.
Make sure 'Cylinder2_Blueprint_C' has been compiled for  Set Minion5
[2017.12.11-18.50.34:880][803]LogBlueprint: Warning: [Compiler Cylinder2_Blueprint] Node  Unknown  is not referencing a valid level actor
[2017.12.11-18.50.34:880][803]LogBlueprint: Error: [Compiler Cylinder2_Blueprint] The property associated with  Minion 5  could not be found
[2017.12.11-18.50.35:465][803]LogBlueprint: Warning: [Compiler Cylinder2_Blueprint] [1223.97] Compile of Cylinder2_Blueprint failed. 1 Fatal Issue(s) 2 Warning(s) [in 602 ms] (/Game/Cylinder2_Blueprint.Cylinder2_Blueprint)
[2017.12.11-18.51.05:104][351]BlueprintLog: New page: Compile Cylinder2_Blueprint
[2017.12.11-18.51.05:111][351]LogBlueprint: Warning: [Compiler Cylinder2_Blueprint] Node  Unknown  is not referencing a valid level actor
[2017.12.11-18.51.05:677][351]LogBlueprint: Warning: [Compiler Cylinder2_Blueprint] [1254.18] Compile of Cylinder2_Blueprint successful, but with 1 Warning(s) [in 573 ms] (/Game/Cylinder2_Blueprint.Cylinder2_Blueprint)
[2017.12.11-18.51.15:430][196]Cmd: OBJ SAVEPACKAGE PACKAGE="/Game/Cylinder2_Blueprint" FILE="../../../../../../Users/tian.g/Desktop/Beat-It-DorianAI-Battle (1)/Beat-It-DorianAI-Battle/Content/Cylinder2_Blueprint.uasset" SILENT=true
[2017.12.11-18.51.15:467][196]LogSavePackage: Save=29.04ms
[2017.12.11-18.51.15:467][196]LogSavePackage: Moving '../../../../../../Users/tian.g/Desktop/Beat-It-DorianAI-Battle (1)/Beat-It-DorianAI-Battle/Saved/Cylinder2_BlueprintB498EEDD498A25F287AA18A9F3C54C56.tmp' to '../../../../../../Users/tian.g/Desktop/Beat-It-DorianAI-Battle (1)/Beat-It-DorianAI-Battle/Content/Cylinder2_Blueprint.uasset'
[2017.12.11-18.51.15:469][196]LogSavePackage: Display: Finished SavePackage ../../../../../../Users/tian.g/Desktop/Beat-It-DorianAI-Battle (1)/Beat-It-DorianAI-Battle/Content/Cylinder2_Blueprint.uasset
[2017.12.11-18.51.20:741][725]LogSavePackage: Save=413.32ms
[2017.12.11-18.51.20:741][725]LogSavePackage: Moving '../../../../../../Users/tian.g/Desktop/Beat-It-DorianAI-Battle (1)/Beat-It-DorianAI-Battle/Saved/MotionControllerMap3A5CB8D142F99EC19F4BF78BAD489971.tmp' to '../../../../../../Users/tian.g/Desktop/Beat-It-DorianAI-Battle (1)/Beat-It-DorianAI-Battle/Content/VirtualRealityBP/Maps/MotionControllerMap.umap'
[2017.12.11-18.51.20:743][725]LogSavePackage: Display: Finished SavePackage ../../../../../../Users/tian.g/Desktop/Beat-It-DorianAI-Battle (1)/Beat-It-DorianAI-Battle/Content/VirtualRealityBP/Maps/MotionControllerMap.umap
[2017.12.11-18.51.20:763][725]LogFileHelpers: Saving map 'MotionControllerMap' took 0.545
[2017.12.11-18.51.32:821][ 76]LogEditorViewport: Clicking on Actor (LMB): Cylinder2_Blueprint_C (Cylinder2_Blueprint)
[2017.12.11-18.52.54:149][ 53]BlueprintLog: New page: Compile Cylinder2_Blueprint
[2017.12.11-18.52.54:157][ 53]LogBlueprint: Warning: [Compiler Cylinder2_Blueprint] Node  Unknown  is not referencing a valid level actor
[2017.12.11-18.52.54:736][ 53]LogBlueprint: Warning: [Compiler Cylinder2_Blueprint] [1363.24] Compile of Cylinder2_Blueprint successful, but with 1 Warning(s) [in 586 ms] (/Game/Cylinder2_Blueprint.Cylinder2_Blueprint)
[2017.12.11-18.52.55:217][100]Cmd: OBJ SAVEPACKAGE PACKAGE="/Game/Cylinder2_Blueprint" FILE="../../../../../../Users/tian.g/Desktop/Beat-It-DorianAI-Battle (1)/Beat-It-DorianAI-Battle/Content/Cylinder2_Blueprint.uasset" SILENT=true
[2017.12.11-18.52.55:251][100]LogSavePackage: Save=27.46ms
[2017.12.11-18.52.55:251][100]LogSavePackage: Moving '../../../../../../Users/tian.g/Desktop/Beat-It-DorianAI-Battle (1)/Beat-It-DorianAI-Battle/Saved/Cylinder2_BlueprintB9EBBE384C75C1B832AE599286300CCE.tmp' to '../../../../../../Users/tian.g/Desktop/Beat-It-DorianAI-Battle (1)/Beat-It-DorianAI-Battle/Content/Cylinder2_Blueprint.uasset'
[2017.12.11-18.52.55:253][100]LogSavePackage: Display: Finished SavePackage ../../../../../../Users/tian.g/Desktop/Beat-It-DorianAI-Battle (1)/Beat-It-DorianAI-Battle/Content/Cylinder2_Blueprint.uasset
[2017.12.11-18.53.00:692][619]LogSavePackage: Save=409.06ms
[2017.12.11-18.53.00:692][619]LogSavePackage: Moving '../../../../../../Users/tian.g/Desktop/Beat-It-DorianAI-Battle (1)/Beat-It-DorianAI-Battle/Saved/MotionControllerMap4AB9EFDA43B08937503E49A3A5CF827F.tmp' to '../../../../../../Users/tian.g/Desktop/Beat-It-DorianAI-Battle (1)/Beat-It-DorianAI-Battle/Content/VirtualRealityBP/Maps/MotionControllerMap.umap'
[2017.12.11-18.53.00:695][619]LogSavePackage: Display: Finished SavePackage ../../../../../../Users/tian.g/Desktop/Beat-It-DorianAI-Battle (1)/Beat-It-DorianAI-Battle/Content/VirtualRealityBP/Maps/MotionControllerMap.umap
[2017.12.11-18.53.00:713][619]LogFileHelpers: Saving map 'MotionControllerMap' took 0.541
[2017.12.11-18.53.04:748][ 41]Cmd: QUIT_EDITOR
[2017.12.11-18.53.04:989][ 41]LogWindowsTextInputMethodSystem: Display: IME system now deactivated.
[2017.12.11-18.53.05:001][ 41]LogExit: Preparing to exit.
[2017.12.11-18.53.05:864][ 41]LogDirectoryWatcher: A directory notification for 'C:/Users/tian.g/Desktop/Beat-It-DorianAI-Battle (1)/Beat-It-DorianAI-Battle/Content/' was aborted.
[2017.12.11-18.53.05:909][ 41]LogExit: Editor shut down
[2017.12.11-18.53.05:914][ 41]LogExit: Transaction tracking system shut down
[2017.12.11-18.53.06:065][ 41]LogDirectoryWatcher: A directory notification for '../../../Engine/Content/' was aborted.
[2017.12.11-18.53.06:066][ 41]LogDirectoryWatcher: A directory notification for '../../../../../../Users/tian.g/Desktop/Beat-It-DorianAI-Battle (1)/Beat-It-DorianAI-Battle/Content/' was aborted.
[2017.12.11-18.53.06:066][ 41]LogDirectoryWatcher: A directory notification for '../../../Engine/Plugins/2D/Paper2D/Content/' was aborted.
[2017.12.11-18.53.06:066][ 41]LogDirectoryWatcher: A directory notification for '../../../Engine/Plugins/Runtime/Oculus/OculusVR/Content/' was aborted.
[2017.12.11-18.53.06:066][ 41]LogDirectoryWatcher: A directory notification for '../../../Engine/Plugins/Runtime/Steam/SteamVR/Content/' was aborted.
[2017.12.11-18.53.06:174][ 41]LogExit: Object subsystem successfully closed.
[2017.12.11-18.53.06:191][ 41]LogD3D11RHI: Shutdown
[2017.12.11-18.53.06:192][ 41]LogD3D11RHI: CleanupD3DDevice
[2017.12.11-18.53.06:284][ 41]LogD3D11RHI: ~FD3D11DynamicRHI
[2017.12.11-18.53.06:300][ 41]LogModuleManager: Shutting down and abandoning module MovieSceneCapture (536)
[2017.12.11-18.53.06:301][ 41]LogModuleManager: Shutting down and abandoning module BlueprintGraph (534)
[2017.12.11-18.53.06:301][ 41]LogModuleManager: Shutting down and abandoning module BlueprintProfiler (532)
[2017.12.11-18.53.06:301][ 41]LogModuleManager: Shutting down and abandoning module HierarchicalLODOutliner (530)
[2017.12.11-18.53.06:301][ 41]LogModuleManager: Shutting down and abandoning module SceneOutliner (528)
[2017.12.11-18.53.06:301][ 41]LogModuleManager: Shutting down and abandoning module AddContentDialog (526)
[2017.12.11-18.53.06:301][ 41]LogDirectoryWatcher: A directory notification for 'C:/Program Files/Epic Games/UE_4.17/FeaturePacks/' was aborted.
[2017.12.11-18.53.06:302][ 41]LogModuleManager: Shutting down and abandoning module WidgetCarousel (525)
[2017.12.11-18.53.06:302][ 41]LogModuleManager: Shutting down and abandoning module EditorWidgets (522)
[2017.12.11-18.53.06:302][ 41]LogModuleManager: Shutting down and abandoning module CollectionManager (520)
[2017.12.11-18.53.06:302][ 41]LogDirectoryWatcher: A directory notification for 'C:/Users/tian.g/Desktop/Beat-It-DorianAI-Battle (1)/Beat-It-DorianAI-Battle/Content/Collections/' was aborted.
[2017.12.11-18.53.06:302][ 41]LogDirectoryWatcher: A directory notification for 'C:/Users/tian.g/Desktop/Beat-It-DorianAI-Battle (1)/Beat-It-DorianAI-Battle/Content/Developers/tiang/Collections/' was aborted.
[2017.12.11-18.53.06:302][ 41]LogDirectoryWatcher: A directory notification for 'C:/Users/tian.g/Desktop/Beat-It-DorianAI-Battle (1)/Beat-It-DorianAI-Battle/Saved/Collections/' was aborted.
[2017.12.11-18.53.06:302][ 41]LogModuleManager: Shutting down and abandoning module StatsViewer (518)
[2017.12.11-18.53.06:302][ 41]LogModuleManager: Shutting down and abandoning module FoliageEdit (516)
[2017.12.11-18.53.06:302][ 41]LogModuleManager: Shutting down and abandoning module LandscapeEditor (514)
[2017.12.11-18.53.06:302][ 41]LogModuleManager: Shutting down and abandoning module MeshPaintMode (512)
[2017.12.11-18.53.06:302][ 41]LogModuleManager: Shutting down and abandoning module SceneDepthPickerMode (510)
[2017.12.11-18.53.06:302][ 41]LogModuleManager: Shutting down and abandoning module ActorPickerMode (508)
[2017.12.11-18.53.06:302][ 41]LogModuleManager: Shutting down and abandoning module GeometryMode (506)
[2017.12.11-18.53.06:302][ 41]LogModuleManager: Shutting down and abandoning module TextureAlignMode (504)
[2017.12.11-18.53.06:302][ 41]LogModuleManager: Shutting down and abandoning module BspMode (502)
[2017.12.11-18.53.06:302][ 41]LogModuleManager: Shutting down and abandoning module PIEPreviewDeviceProfileSelector (500)
[2017.12.11-18.53.06:302][ 41]LogModuleManager: Shutting down and abandoning module HardwareSurvey (498)
[2017.12.11-18.53.06:302][ 41]LogModuleManager: Shutting down and abandoning module SequenceRecorderSections (496)
[2017.12.11-18.53.06:302][ 41]LogModuleManager: Shutting down and abandoning module AutomationWorker (494)
[2017.12.11-18.53.06:302][ 41]LogModuleManager: Shutting down and abandoning module MatineeToLevelSequence (492)
[2017.12.11-18.53.06:302][ 41]LogModuleManager: Shutting down and abandoning module LevelSequenceEditor (490)
[2017.12.11-18.53.06:302][ 41]LogModuleManager: Shutting down and abandoning module PlacementMode (489)
[2017.12.11-18.53.06:303][ 41]LogModuleManager: Shutting down and abandoning module WmfMediaFactory (486)
[2017.12.11-18.53.06:303][ 41]LogModuleManager: Shutting down and abandoning module WmfMediaEditor (484)
[2017.12.11-18.53.06:303][ 41]LogModuleManager: Shutting down and abandoning module AvfMediaFactory (482)
[2017.12.11-18.53.06:303][ 41]LogModuleManager: Shutting down and abandoning module AvfMediaEditor (480)
[2017.12.11-18.53.06:303][ 41]LogModuleManager: Shutting down and abandoning module AndroidMediaFactory (478)
[2017.12.11-18.53.06:303][ 41]LogModuleManager: Shutting down and abandoning module Media (477)
[2017.12.11-18.53.06:303][ 41]LogModuleManager: Shutting down and abandoning module AndroidMediaEditor (474)
[2017.12.11-18.53.06:303][ 41]LogModuleManager: Shutting down and abandoning module CharacterAI (472)
[2017.12.11-18.53.06:303][ 41]LogModuleManager: Shutting down and abandoning module AudioCapture (470)
[2017.12.11-18.53.06:303][ 41]LogModuleManager: Shutting down and abandoning module SequenceRecorder (469)
[2017.12.11-18.53.06:303][ 41]LogModuleManager: Shutting down and abandoning module SmartSnapping (466)
[2017.12.11-18.53.06:303][ 41]LogModuleManager: Shutting down and abandoning module SessionServices (464)
[2017.12.11-18.53.06:303][ 41]LogModuleManager: Shutting down and abandoning module ViewportSnapping (462)
[2017.12.11-18.53.06:303][ 41]LogModuleManager: Shutting down and abandoning module ViewportInteraction (460)
[2017.12.11-18.53.06:303][ 41]LogModuleManager: Shutting down and abandoning module ClothPainter (458)
[2017.12.11-18.53.06:303][ 41]LogModuleManager: Shutting down and abandoning module LogVisualizer (456)
[2017.12.11-18.53.06:303][ 41]LogModuleManager: Shutting down and abandoning module IntroTutorials (454)
[2017.12.11-18.53.06:303][ 41]LogModuleManager: Shutting down and abandoning module GameProjectGeneration (453)
[2017.12.11-18.53.06:303][ 41]LogModuleManager: Shutting down and abandoning module IOSPlatformEditor (450)
[2017.12.11-18.53.06:303][ 41]LogModuleManager: Shutting down and abandoning module HTML5PlatformEditor (448)
[2017.12.11-18.53.06:303][ 41]LogModuleManager: Shutting down and abandoning module AndroidPlatformEditor (446)
[2017.12.11-18.53.06:303][ 41]LogModuleManager: Shutting down and abandoning module AndroidDeviceDetection (445)
[2017.12.11-18.53.06:986][ 41]LogModuleManager: Shutting down and abandoning module WindowsPlatformEditor (442)
[2017.12.11-18.53.06:986][ 41]LogModuleManager: Shutting down and abandoning module IOSRuntimeSettings (440)
[2017.12.11-18.53.06:986][ 41]LogModuleManager: Shutting down and abandoning module AndroidRuntimeSettings (438)
[2017.12.11-18.53.06:987][ 41]LogModuleManager: Shutting down and abandoning module InputBindingEditor (436)
[2017.12.11-18.53.06:987][ 41]LogModuleManager: Shutting down and abandoning module MergeActors (434)
[2017.12.11-18.53.06:987][ 41]LogModuleManager: Shutting down and abandoning module SizeMap (432)
[2017.12.11-18.53.06:987][ 41]LogModuleManager: Shutting down and abandoning module TreeMap (430)
[2017.12.11-18.53.06:987][ 41]LogModuleManager: Shutting down and abandoning module ReferenceViewer (428)
[2017.12.11-18.53.06:987][ 41]LogModuleManager: Shutting down and abandoning module LocalizationDashboard (426)
[2017.12.11-18.53.06:987][ 41]LogModuleManager: Shutting down and abandoning module LocalizationService (425)
[2017.12.11-18.53.06:987][ 41]LogModuleManager: Shutting down and abandoning module HardwareTargeting (422)
[2017.12.11-18.53.06:987][ 41]LogModuleManager: Shutting down and abandoning module DeviceProfileEditor (420)
[2017.12.11-18.53.06:987][ 41]LogModuleManager: Shutting down and abandoning module UndoHistory (418)
[2017.12.11-18.53.06:987][ 41]LogModuleManager: Shutting down and abandoning module XmlParser (416)
[2017.12.11-18.53.06:987][ 41]LogModuleManager: Shutting down and abandoning module Blutility (414)
[2017.12.11-18.53.06:987][ 41]LogModuleManager: Shutting down and abandoning module ProjectSettingsViewer (412)
[2017.12.11-18.53.06:987][ 41]LogModuleManager: Shutting down and abandoning module ProjectTargetPlatformEditor (411)
[2017.12.11-18.53.06:987][ 41]LogModuleManager: Shutting down and abandoning module EditorSettingsViewer (408)
[2017.12.11-18.53.06:987][ 41]LogModuleManager: Shutting down and abandoning module SettingsEditor (406)
[2017.12.11-18.53.06:987][ 41]LogModuleManager: Shutting down and abandoning module ProjectLauncher (404)
[2017.12.11-18.53.06:987][ 41]LogModuleManager: Shutting down and abandoning module SessionFrontend (402)
[2017.12.11-18.53.06:987][ 41]LogModuleManager: Shutting down and abandoning module ProfilerClient (400)
[2017.12.11-18.53.06:987][ 41]LogModuleManager: Shutting down and abandoning module DeviceManager (398)
[2017.12.11-18.53.06:987][ 41]LogModuleManager: Shutting down and abandoning module TargetDeviceServices (397)
[2017.12.11-18.53.07:050][ 41]LogModuleManager: Shutting down and abandoning module AutomationController (394)
[2017.12.11-18.53.07:050][ 41]LogModuleManager: Shutting down and abandoning module AutomationWindow (392)
[2017.12.11-18.53.07:050][ 41]LogModuleManager: Shutting down and abandoning module Layers (390)
[2017.12.11-18.53.07:050][ 41]LogModuleManager: Shutting down and abandoning module ComponentVisualizers (388)
[2017.12.11-18.53.07:050][ 41]LogModuleManager: Shutting down and abandoning module DetailCustomizations (386)
[2017.12.11-18.53.07:051][ 41]LogModuleManager: Shutting down and abandoning module PackagesDialog (384)
[2017.12.11-18.53.07:051][ 41]LogModuleManager: Shutting down and abandoning module Persona (382)
[2017.12.11-18.53.07:051][ 41]LogModuleManager: Shutting down and abandoning module AdvancedPreviewScene (381)
[2017.12.11-18.53.07:051][ 41]LogModuleManager: Shutting down and abandoning module AnimGraph (379)
[2017.12.11-18.53.07:051][ 41]LogModuleManager: Shutting down and abandoning module Kismet (376)
[2017.12.11-18.53.07:058][ 41]LogModuleManager: Shutting down and abandoning module ClassViewer (374)
[2017.12.11-18.53.07:060][ 41]LogModuleManager: Shutting down and abandoning module Toolbox (372)
[2017.12.11-18.53.07:060][ 41]LogModuleManager: Shutting down and abandoning module ModuleUI (370)
[2017.12.11-18.53.07:060][ 41]LogModuleManager: Shutting down and abandoning module MovieSceneTools (368)
[2017.12.11-18.53.07:060][ 41]LogModuleManager: Shutting down and abandoning module OutputLog (366)
[2017.12.11-18.53.07:060][ 41]LogModuleManager: Shutting down and abandoning module GammaUI (364)
[2017.12.11-18.53.07:060][ 41]LogModuleManager: Shutting down and abandoning module Documentation (362)
[2017.12.11-18.53.07:060][ 41]LogModuleManager: Shutting down and abandoning module MovieSceneTracks (360)
[2017.12.11-18.53.07:060][ 41]LogModuleManager: Shutting down and abandoning module MovieScene (358)
[2017.12.11-18.53.07:060][ 41]LogModuleManager: Shutting down and abandoning module Niagara (356)
[2017.12.11-18.53.07:060][ 41]LogModuleManager: Shutting down and abandoning module NiagaraEditor (355)
[2017.12.11-18.53.07:060][ 41]LogModuleManager: Shutting down and abandoning module StreamingPauseRendering (352)
[2017.12.11-18.53.07:060][ 41]LogModuleManager: Shutting down and abandoning module LauncherPlatform (350)
[2017.12.11-18.53.07:060][ 41]LogModuleManager: Shutting down and abandoning module AnalyticsET (348)
[2017.12.11-18.53.07:060][ 41]LogModuleManager: Shutting down and abandoning module PortalServices (346)
[2017.12.11-18.53.07:060][ 41]LogModuleManager: Shutting down and abandoning module PortalRpc (344)
[2017.12.11-18.53.07:060][ 41]LogModuleManager: Shutting down and abandoning module MessagingRpc (342)
[2017.12.11-18.53.07:060][ 41]LogModuleManager: Shutting down and abandoning module AIModule (340)
[2017.12.11-18.53.07:060][ 41]LogModuleManager: Shutting down and abandoning module GameplayDebugger (339)
[2017.12.11-18.53.07:060][ 41]LogModuleManager: Shutting down and abandoning module AITestSuite (337)
[2017.12.11-18.53.07:060][ 41]LogModuleManager: Shutting down and abandoning module ProfilerService (334)
[2017.12.11-18.53.07:173][ 41]LogModuleManager: Shutting down and abandoning module TaskGraph (332)
[2017.12.11-18.53.07:173][ 41]LogModuleManager: Shutting down and abandoning module SteamVRController (330)
[2017.12.11-18.53.07:173][ 41]LogModuleManager: Shutting down and abandoning module ProceduralMeshComponentEditor (328)
[2017.12.11-18.53.07:173][ 41]LogModuleManager: Shutting down and abandoning module ProceduralMeshComponent (326)
[2017.12.11-18.53.07:173][ 41]LogModuleManager: Shutting down and abandoning module OculusInput (324)
[2017.12.11-18.53.07:173][ 41]LogModuleManager: Shutting down and abandoning module MobilePatchingUtils (322)
[2017.12.11-18.53.07:173][ 41]LogModuleManager: Shutting down and abandoning module CustomMeshComponent (320)
[2017.12.11-18.53.07:173][ 41]LogModuleManager: Shutting down and abandoning module CableComponent (318)
[2017.12.11-18.53.07:173][ 41]LogModuleManager: Shutting down and abandoning module ArchVisCharacter (316)
[2017.12.11-18.53.07:174][ 41]LogModuleManager: Shutting down and abandoning module AndroidPermission (314)
[2017.12.11-18.53.07:174][ 41]LogModuleManager: Shutting down and abandoning module MediaPlayerEditor (310)
[2017.12.11-18.53.07:174][ 41]LogModuleManager: Shutting down and abandoning module HTML5Networking (308)
[2017.12.11-18.53.07:174][ 41]LogModuleManager: Shutting down and abandoning module AlembicImporter (306)
[2017.12.11-18.53.07:174][ 41]LogModuleManager: Shutting down and abandoning module AlembicLibrary (305)
[2017.12.11-18.53.07:174][ 41]LogModuleManager: Shutting down and abandoning module GeometryCache (304)
[2017.12.11-18.53.07:174][ 41]LogModuleManager: Shutting down and abandoning module GeometryCacheEd (303)
[2017.12.11-18.53.07:174][ 41]LogModuleManager: Shutting down and abandoning module SpeedTreeImporter (298)
[2017.12.11-18.53.07:174][ 41]LogModuleManager: Shutting down and abandoning module PluginBrowser (296)
[2017.12.11-18.53.07:174][ 41]LogModuleManager: Shutting down and abandoning module MobileLauncherProfileWizard (294)
[2017.12.11-18.53.07:174][ 41]LogModuleManager: Shutting down and abandoning module VisualStudioSourceCodeAccess (292)
[2017.12.11-18.53.07:174][ 41]LogModuleManager: Shutting down and abandoning module DesktopPlatform (291)
[2017.12.11-18.53.07:174][ 41]LogModuleManager: Shutting down and abandoning module UObjectPlugin (288)
[2017.12.11-18.53.07:174][ 41]LogModuleManager: Shutting down and abandoning module SubversionSourceControl (286)
[2017.12.11-18.53.07:174][ 41]LogModuleManager: Shutting down and abandoning module PerforceSourceControl (284)
[2017.12.11-18.53.07:174][ 41]LogModuleManager: Shutting down and abandoning module GitSourceControl (282)
[2017.12.11-18.53.07:174][ 41]LogModuleManager: Shutting down and abandoning module SourceControl (281)
[2017.12.11-18.53.07:174][ 41]LogModuleManager: Shutting down and abandoning module LightPropagationVolumeEditor (278)
[2017.12.11-18.53.07:174][ 41]LogModuleManager: Shutting down and abandoning module PaperTiledImporter (276)
[2017.12.11-18.53.07:174][ 41]LogModuleManager: Shutting down and abandoning module PaperSpriteSheetImporter (274)
[2017.12.11-18.53.07:174][ 41]LogModuleManager: Shutting down and abandoning module Paper2DEditor (272)
[2017.12.11-18.53.07:174][ 41]LogModuleManager: Shutting down and abandoning module MeshPaint (271)
[2017.12.11-18.53.07:174][ 41]LogModuleManager: Shutting down and abandoning module LevelEditor (269)
[2017.12.11-18.53.07:178][ 41]LogModuleManager: Shutting down and abandoning module PixelInspectorModule (268)
[2017.12.11-18.53.07:178][ 41]LogModuleManager: Shutting down and abandoning module MainFrame (266)
[2017.12.11-18.53.07:178][ 41]LogModuleManager: Shutting down and abandoning module HotReload (265)
[2017.12.11-18.53.07:178][ 41]LogModuleManager: Shutting down and abandoning module RuntimePhysXCooking (260)
[2017.12.11-18.53.07:178][ 41]LogModuleManager: Shutting down and abandoning module PhysXVehiclesEditor (258)
[2017.12.11-18.53.07:178][ 41]LogModuleManager: Shutting down and abandoning module PhysXVehicles (256)
[2017.12.11-18.53.07:178][ 41]LogModuleManager: Shutting down and abandoning module OculusEditor (254)
[2017.12.11-18.53.07:179][ 41]LogModuleManager: Shutting down and abandoning module LocationServicesBPLibrary (252)
[2017.12.11-18.53.07:179][ 41]LogModuleManager: Shutting down and abandoning module ImmediatePhysicsEditor (250)
[2017.12.11-18.53.07:179][ 41]LogModuleManager: Shutting down and abandoning module ImmediatePhysics (248)
[2017.12.11-18.53.07:179][ 41]LogModuleManager: Shutting down and abandoning module UdpMessaging (246)
[2017.12.11-18.53.07:280][ 41]LogModuleManager: Shutting down and abandoning module TcpMessaging (244)
[2017.12.11-18.53.07:381][ 41]LogModuleManager: Shutting down and abandoning module GameplayTagsEditor (242)
[2017.12.11-18.53.07:381][ 41]LogModuleManager: Shutting down and abandoning module FacialAnimationEditor (240)
[2017.12.11-18.53.07:381][ 41]LogModuleManager: Shutting down and abandoning module FacialAnimation (238)
[2017.12.11-18.53.07:381][ 41]LogModuleManager: Shutting down and abandoning module AssetManagerEditor (236)
[2017.12.11-18.53.07:381][ 41]LogModuleManager: Shutting down and abandoning module GraphEditor (235)
[2017.12.11-18.53.07:381][ 41]LogModuleManager: Shutting down and abandoning module ContentBrowser (233)
[2017.12.11-18.53.07:382][ 41]LogModuleManager: Shutting down and abandoning module LightPropagationVolumeRuntime (230)
[2017.12.11-18.53.07:382][ 41]LogModuleManager: Shutting down and abandoning module Paper2D (228)
[2017.12.11-18.53.07:382][ 41]LogModuleManager: Shutting down and abandoning module WindowsMoviePlayer (226)
[2017.12.11-18.53.07:382][ 41]LogModuleManager: Shutting down and abandoning module WmfMedia (224)
[2017.12.11-18.53.07:382][ 41]LogModuleManager: Shutting down and abandoning module PacketHandler (222)
[2017.12.11-18.53.07:382][ 41]LogModuleManager: Shutting down and abandoning module ClothingSystemEditor (220)
[2017.12.11-18.53.07:382][ 41]LogModuleManager: Shutting down and abandoning module ClothingSystemRuntime (218)
[2017.12.11-18.53.07:382][ 41]LogModuleManager: Shutting down and abandoning module Overlay (216)
[2017.12.11-18.53.07:382][ 41]LogModuleManager: Shutting down and abandoning module OverlayEditor (215)
[2017.12.11-18.53.07:382][ 41]LogModuleManager: Shutting down and abandoning module MediaAssets (212)
[2017.12.11-18.53.07:382][ 41]LogModuleManager: Shutting down and abandoning module VREditor (210)
[2017.12.11-18.53.07:382][ 41]LogModuleManager: Shutting down and abandoning module StringTableEditor (208)
[2017.12.11-18.53.07:382][ 41]LogModuleManager: Shutting down and abandoning module GameplayTasksEditor (206)
[2017.12.11-18.53.07:382][ 41]LogModuleManager: Shutting down and abandoning module BehaviorTreeEditor (204)
[2017.12.11-18.53.07:382][ 41]LogModuleManager: Shutting down and abandoning module FunctionalTesting (202)
[2017.12.11-18.53.07:382][ 41]LogModuleManager: Shutting down and abandoning module CollisionAnalyzer (200)
[2017.12.11-18.53.07:382][ 41]LogModuleManager: Shutting down and abandoning module WorkspaceMenuStructure (199)
[2017.12.11-18.53.07:382][ 41]LogModuleManager: Shutting down and abandoning module UMG (196)
[2017.12.11-18.53.07:382][ 41]LogModuleManager: Shutting down and abandoning module UMGEditor (195)
[2017.12.11-18.53.07:382][ 41]LogModuleManager: Shutting down and abandoning module Sequencer (194)
[2017.12.11-18.53.07:382][ 41]LogModuleManager: Shutting down and abandoning module MessageLog (191)
[2017.12.11-18.53.07:382][ 41]LogModuleManager: Shutting down and abandoning module SlateReflector (186)
[2017.12.11-18.53.07:382][ 41]LogModuleManager: Shutting down and abandoning module Slate (184)
[2017.12.11-18.53.07:382][ 41]LogModuleManager: Shutting down and abandoning module EditorStyle (182)
[2017.12.11-18.53.07:385][ 41]LogModuleManager: Shutting down and abandoning module MRMesh (180)
[2017.12.11-18.53.07:385][ 41]LogModuleManager: Shutting down and abandoning module SourceCodeAccess (178)
[2017.12.11-18.53.07:385][ 41]LogModuleManager: Shutting down and abandoning module HeadMountedDisplay (176)
[2017.12.11-18.53.07:385][ 41]LogModuleManager: Shutting down and abandoning module XAudio2 (174)
[2017.12.11-18.53.07:385][ 41]LogModuleManager: Shutting down and abandoning module Networking (172)
[2017.12.11-18.53.07:385][ 41]LogModuleManager: Shutting down and abandoning module Core (168)
[2017.12.11-18.53.07:385][ 41]LogModuleManager: Shutting down and abandoning module KismetCompiler (164)
[2017.12.11-18.53.07:385][ 41]LogModuleManager: Shutting down and abandoning module LevelSequence (162)
[2017.12.11-18.53.07:385][ 41]LogModuleManager: Shutting down and abandoning module MeshUtilities (160)
[2017.12.11-18.53.07:385][ 41]LogModuleManager: Shutting down and abandoning module MeshMergeUtilities (159)
[2017.12.11-18.53.07:385][ 41]LogModuleManager: Shutting down and abandoning module MeshReductionInterface (158)
[2017.12.11-18.53.07:385][ 41]LogModuleManager: Shutting down and abandoning module SimplygonSwarm (157)
[2017.12.11-18.53.07:385][ 41]LogModuleManager: Shutting down and abandoning module SimplygonMeshReduction (155)
[2017.12.11-18.53.07:385][ 41]LogModuleManager: Shutting down and abandoning module QuadricMeshReduction (153)
[2017.12.11-18.53.07:385][ 41]LogModuleManager: Shutting down and abandoning module MaterialBaking (149)
[2017.12.11-18.53.07:385][ 41]LogModuleManager: Shutting down and abandoning module DirectoryWatcher (146)
[2017.12.11-18.53.07:385][ 41]LogModuleManager: Shutting down and abandoning module DerivedDataCache (144)
[2017.12.11-18.53.07:413][ 41]LogDerivedDataCache: Shutdown
[2017.12.11-18.53.07:413][ 41]LogModuleManager: Shutting down and abandoning module TargetPlatform (142)
[2017.12.11-18.53.07:413][ 41]LogModuleManager: Shutting down and abandoning module VulkanShaderFormat (141)
[2017.12.11-18.53.07:413][ 41]LogModuleManager: Shutting down and abandoning module ShaderFormatVectorVM (139)
[2017.12.11-18.53.07:413][ 41]LogModuleManager: Shutting down and abandoning module ShaderFormatOpenGL (137)
[2017.12.11-18.53.07:413][ 41]LogModuleManager: Shutting down and abandoning module ShaderFormatD3D (135)
[2017.12.11-18.53.07:413][ 41]LogModuleManager: Shutting down and abandoning module MetalShaderFormat (133)
[2017.12.11-18.53.07:413][ 41]LogModuleManager: Shutting down and abandoning module TextureFormatUncompressed (131)
[2017.12.11-18.53.07:413][ 41]LogModuleManager: Shutting down and abandoning module TextureFormatPVR (129)
[2017.12.11-18.53.07:413][ 41]LogModuleManager: Shutting down and abandoning module TextureFormatDXT (127)
[2017.12.11-18.53.07:413][ 41]LogModuleManager: Shutting down and abandoning module TextureFormatIntelISPCTexComp (125)
[2017.12.11-18.53.07:414][ 41]LogModuleManager: Shutting down and abandoning module TextureFormatASTC (123)
[2017.12.11-18.53.07:414][ 41]LogModuleManager: Shutting down and abandoning module ImageWrapper (122)
[2017.12.11-18.53.07:414][ 41]LogModuleManager: Shutting down and abandoning module TextureFormatAndroid (119)
[2017.12.11-18.53.07:414][ 41]LogModuleManager: Shutting down and abandoning module AudioFormatOpus (117)
[2017.12.11-18.53.07:414][ 41]LogModuleManager: Shutting down and abandoning module AudioFormatOgg (115)
[2017.12.11-18.53.07:414][ 41]LogModuleManager: Shutting down and abandoning module AudioFormatADPCM (113)
[2017.12.11-18.53.07:414][ 41]LogModuleManager: Shutting down and abandoning module LinuxTargetPlatform (111)
[2017.12.11-18.53.07:414][ 41]LogModuleManager: Shutting down and abandoning module LinuxServerTargetPlatform (109)
[2017.12.11-18.53.07:414][ 41]LogModuleManager: Shutting down and abandoning module LinuxNoEditorTargetPlatform (107)
[2017.12.11-18.53.07:414][ 41]LogModuleManager: Shutting down and abandoning module LinuxClientTargetPlatform (105)
[2017.12.11-18.53.07:414][ 41]LogModuleManager: Shutting down and abandoning module TVOSTargetPlatform (103)
[2017.12.11-18.53.07:414][ 41]LogModuleManager: Shutting down and abandoning module Messaging (101)
[2017.12.11-18.53.07:414][ 41]LogModuleManager: Shutting down and abandoning module IOSTargetPlatform (99)
[2017.12.11-18.53.07:414][ 41]LogModuleManager: Shutting down and abandoning module HTML5TargetPlatform (97)
[2017.12.11-18.53.07:414][ 41]LogModuleManager: Shutting down and abandoning module Android_PVRTCTargetPlatform (95)
[2017.12.11-18.53.07:414][ 41]LogModuleManager: Shutting down and abandoning module Android_MultiTargetPlatform (93)
[2017.12.11-18.53.07:414][ 41]LogModuleManager: Shutting down and abandoning module Android_ETC2TargetPlatform (91)
[2017.12.11-18.53.07:414][ 41]LogModuleManager: Shutting down and abandoning module Android_ETC1TargetPlatform (89)
[2017.12.11-18.53.07:414][ 41]LogModuleManager: Shutting down and abandoning module Android_DXTTargetPlatform (87)
[2017.12.11-18.53.07:414][ 41]LogModuleManager: Shutting down and abandoning module Android_ATCTargetPlatform (85)
[2017.12.11-18.53.07:414][ 41]LogModuleManager: Shutting down and abandoning module Android_ASTCTargetPlatform (83)
[2017.12.11-18.53.07:414][ 41]LogModuleManager: Shutting down and abandoning module AndroidTargetPlatform (81)
[2017.12.11-18.53.07:414][ 41]LogModuleManager: Shutting down and abandoning module WindowsTargetPlatform (79)
[2017.12.11-18.53.07:414][ 41]LogModuleManager: Shutting down and abandoning module WindowsServerTargetPlatform (77)
[2017.12.11-18.53.07:414][ 41]LogModuleManager: Shutting down and abandoning module WindowsNoEditorTargetPlatform (75)
[2017.12.11-18.53.07:414][ 41]LogModuleManager: Shutting down and abandoning module WindowsClientTargetPlatform (73)
[2017.12.11-18.53.07:414][ 41]LogModuleManager: Shutting down and abandoning module MacTargetPlatform (71)
[2017.12.11-18.53.07:414][ 41]LogModuleManager: Shutting down and abandoning module MacServerTargetPlatform (69)
[2017.12.11-18.53.07:414][ 41]LogModuleManager: Shutting down and abandoning module MacNoEditorTargetPlatform (67)
[2017.12.11-18.53.07:414][ 41]LogModuleManager: Shutting down and abandoning module MacClientTargetPlatform (65)
[2017.12.11-18.53.07:414][ 41]LogModuleManager: Shutting down and abandoning module AllDesktopTargetPlatform (63)
[2017.12.11-18.53.07:414][ 41]LogModuleManager: Shutting down and abandoning module InputCore (60)
[2017.12.11-18.53.07:414][ 41]LogModuleManager: Shutting down and abandoning module Settings (58)
[2017.12.11-18.53.07:414][ 41]LogModuleManager: Shutting down and abandoning module PhysXCooking (56)
[2017.12.11-18.53.07:414][ 41]LogModuleManager: Shutting down and abandoning module SteamVR (54)
[2017.12.11-18.53.07:414][ 41]LogModuleManager: Shutting down and abandoning module OculusHMD (52)
[2017.12.11-18.53.07:414][ 41]LogModuleManager: Shutting down and abandoning module ExampleDeviceProfileSelector (50)
[2017.12.11-18.53.07:414][ 41]LogModuleManager: Shutting down and abandoning module OnlineBlueprintSupport (48)
[2017.12.11-18.53.07:414][ 41]LogModuleManager: Shutting down and abandoning module OnlineSubsystem (44)
[2017.12.11-18.53.07:414][ 41]LogOnline: Display: Unloading online subsystem: NULL
[2017.12.11-18.53.07:414][ 41]LogModuleManager: Shutting down and abandoning module XMPP (43)
[2017.12.11-18.53.07:414][ 41]LogModuleManager: Shutting down and abandoning module HTTP (41)
[2017.12.11-18.53.07:414][ 41]LogHttp: Display: Http module shutting down, but needs to wait on 1 outstanding Http requests:
[2017.12.11-18.53.07:414][ 41]LogHttp: Display: 	verb=[POST] url=[https://datarouter.ol.epicgames.com/datarouter/api/v1/public/data?SessionID=%7BEE73680A-4909-A857-3BF1-2F88BBE2BDD0%7D&AppID=UEEditor.Rocket.Release&AppVersion=4.17.2-3658906%2B%2B%2BUE4%2BRelease-4.17&UserID=d8b05f744577207a63b22b91cd640c42%7Cf84f3eabe1e7448c9610f45c3d3b91e3%7Ccb0d41b2-df92-44f0-8c18-24869cf7c3ff&AppEnvironment=datacollector-binary&UploadType=eteventstream] status=Processing
[2017.12.11-18.53.07:431][ 41]LogModuleManager: Shutting down and abandoning module SSL (40)
[2017.12.11-18.53.07:432][ 41]LogModuleManager: Shutting down and abandoning module AnimationModifiers (36)
[2017.12.11-18.53.07:432][ 41]LogModuleManager: Shutting down and abandoning module PropertyEditor (35)
[2017.12.11-18.53.07:432][ 41]LogModuleManager: Shutting down and abandoning module AudioEditor (32)
[2017.12.11-18.53.07:432][ 41]LogModuleManager: Shutting down and abandoning module TextureCompressor (30)
[2017.12.11-18.53.07:432][ 41]LogModuleManager: Shutting down and abandoning module ShaderCore (28)
[2017.12.11-18.53.07:432][ 41]LogModuleManager: Shutting down and abandoning module Landscape (26)
[2017.12.11-18.53.07:432][ 41]LogModuleManager: Shutting down and abandoning module SlateRHIRenderer (24)
[2017.12.11-18.53.07:434][ 41]LogModuleManager: Shutting down and abandoning module OpenGLDrv (22)
[2017.12.11-18.53.07:434][ 41]LogModuleManager: Shutting down and abandoning module D3D11RHI (20)
[2017.12.11-18.53.07:434][ 41]LogModuleManager: Shutting down and abandoning module AnimGraphRuntime (18)
[2017.12.11-18.53.07:434][ 41]LogModuleManager: Shutting down and abandoning module Renderer (16)
[2017.12.11-18.53.07:434][ 41]LogModuleManager: Shutting down and abandoning module Engine (14)
[2017.12.11-18.53.07:434][ 41]LogModuleManager: Shutting down and abandoning module CoreUObject (12)
[2017.12.11-18.53.07:434][ 41]LogModuleManager: Shutting down and abandoning module NetworkFile (10)
[2017.12.11-18.53.07:434][ 41]LogModuleManager: Shutting down and abandoning module CookedIterativeFile (8)
[2017.12.11-18.53.07:434][ 41]LogModuleManager: Shutting down and abandoning module StreamingFile (6)
[2017.12.11-18.53.07:434][ 41]LogModuleManager: Shutting down and abandoning module SandboxFile (4)
[2017.12.11-18.53.07:434][ 41]LogModuleManager: Shutting down and abandoning module PakFile (2)
[2017.12.11-18.53.07:439][ 41]LogExit: Exiting.
[2017.12.11-18.53.07:449][ 41]Log file closed, 12/11/17 13:53:07
