Log file open, 12/04/17 14:57:28
LogWindows: Failed to load 'aqProf.dll' (GetLastError=126)
LogWindows: File 'aqProf.dll' does not exist
LogWindows: Failed to load 'VtuneApi.dll' (GetLastError=126)
LogWindows: File 'VtuneApi.dll' does not exist
LogWindows: Failed to load 'VtuneApi32e.dll' (GetLastError=126)
LogWindows: File 'VtuneApi32e.dll' does not exist
LogInit: Display: Running engine for game: MyProject
LogPlatformFile: Not using cached read wrapper
LogInit: Display: RandInit(-1447958510) SRandInit(-1447958510).
LogTaskGraph: Started task graph with 5 named threads and 20 total threads with 3 sets of task threads.
LogStats: Stats thread started at 0.320393
LogD3D11RHI: Aftermath initialized
LogPluginManager: Mounting plugin Paper2D
LogPluginManager: Mounting plugin LightPropagationVolume
LogPluginManager: Mounting plugin CodeLiteSourceCodeAccess
LogPluginManager: Mounting plugin GitSourceControl
LogPluginManager: Mounting plugin KDevelopSourceCodeAccess
LogPluginManager: Mounting plugin NullSourceCodeAccess
LogPluginManager: Mounting plugin PerforceSourceControl
LogPluginManager: Mounting plugin SubversionSourceControl
LogPluginManager: Mounting plugin UObjectPlugin
LogPluginManager: Mounting plugin VisualStudioSourceCodeAccess
LogPluginManager: Mounting plugin XCodeSourceCodeAccess
LogPluginManager: Mounting plugin AssetManagerEditor
LogPluginManager: Mounting plugin AudioCapture
LogPluginManager: Mounting plugin FacialAnimation
LogPluginManager: Mounting plugin GameplayTagsEditor
LogPluginManager: Mounting plugin MobileLauncherProfileWizard
LogPluginManager: Mounting plugin PluginBrowser
LogPluginManager: Mounting plugin SpeedTreeImporter
LogPluginManager: Mounting plugin AlembicImporter
LogPluginManager: Mounting plugin CharacterAI
LogPluginManager: Mounting plugin HTML5Networking
LogPluginManager: Mounting plugin AndroidMedia
LogPluginManager: Mounting plugin AvfMedia
LogPluginManager: Mounting plugin MediaPlayerEditor
LogPluginManager: Mounting plugin WmfMedia
LogPluginManager: Mounting plugin TcpMessaging
LogPluginManager: Mounting plugin UdpMessaging
LogPluginManager: Mounting plugin LevelSequenceEditor
LogPluginManager: Mounting plugin MatineeToLevelSequence
LogPluginManager: Mounting plugin OnlineSubsystemGooglePlay
LogPluginManager: Mounting plugin OnlineSubsystemIOS
LogPluginManager: Mounting plugin OnlineSubsystem
LogPluginManager: Mounting plugin OnlineSubsystemNull
LogPluginManager: Mounting plugin OnlineSubsystemUtils
LogPluginManager: Mounting plugin AndroidDeviceProfileSelector
LogPluginManager: Mounting plugin AndroidMoviePlayer
LogPluginManager: Mounting plugin AndroidPermission
LogPluginManager: Mounting plugin AppleMoviePlayer
LogPluginManager: Mounting plugin ArchVisCharacter
LogPluginManager: Mounting plugin CableComponent
LogPluginManager: Mounting plugin CustomMeshComponent
LogPluginManager: Mounting plugin ExampleDeviceProfileSelector
LogPluginManager: Mounting plugin GoogleCloudMessaging
LogPluginManager: Mounting plugin ImmediatePhysics
LogPluginManager: Mounting plugin IOSDeviceProfileSelector
LogPluginManager: Mounting plugin LinuxDeviceProfileSelector
LogPluginManager: Mounting plugin LocationServicesBPLibrary
LogPluginManager: Mounting plugin MobilePatchingUtils
LogPluginManager: Mounting plugin OculusVR
LogPluginManager: Mounting plugin PhysXVehicles
LogPluginManager: Mounting plugin ProceduralMeshComponent
LogPluginManager: Mounting plugin RuntimePhysXCooking
LogPluginManager: Mounting plugin SteamVR
LogPluginManager: Mounting plugin WindowsMoviePlayer
LogInit: Using libcurl 7.47.1
LogInit:  - built for x86_64-pc-win32
LogInit:  - supports SSL with OpenSSL/1.0.2g
LogInit:  - supports HTTP deflate (compression) using libz 1.2.8
LogInit:  - other features:
LogInit:      CURL_VERSION_SSL
LogInit:      CURL_VERSION_LIBZ
LogInit:      CURL_VERSION_IPV6
LogInit:      CURL_VERSION_ASYNCHDNS
LogInit:      CURL_VERSION_LARGEFILE
LogInit:      CURL_VERSION_IDN
LogInit:  CurlRequestOptions (configurable via config and command line):
LogInit:  - bVerifyPeer = false  - Libcurl will NOT verify peer certificate
LogInit:  - bUseHttpProxy = false  - Libcurl will NOT use HTTP proxy
LogInit:  - bDontReuseConnections = false  - Libcurl will reuse connections
LogInit:  - CertBundlePath = nullptr  - Libcurl will use whatever was configured at build time.
LogHMD: Failed initializing OVRPlugin 1.15.0
LogInit: Build: ++UE4+Release-4.17-CL-3658906
LogInit: Engine Version: 4.17.2-3658906+++UE4+Release-4.17
LogInit: Compatible Engine Version: 4.17.0-3573198+++UE4+Release-4.17
LogInit: Net CL: 3573198
LogDevObjectVersion: Number of dev versions registered: 16
LogDevObjectVersion:   Dev-Blueprints (B0D832E4-1F89-4F0D-ACCF-7EB736FD4AA2): 10
LogDevObjectVersion:   Dev-Build (E1C64328-A22C-4D53-A36C-8E866417BD8C): 0
LogDevObjectVersion:   Dev-Core (375EC13C-06E4-48FB-B500-84F0262A717E): 2
LogDevObjectVersion:   Dev-Editor (E4B068ED-F494-42E9-A231-DA0B2E46BB41): 20
LogDevObjectVersion:   Dev-Framework (CFFC743F-43B0-4480-9391-14DF171D2073): 28
LogDevObjectVersion:   Dev-Mobile (B02B49B5-BB20-44E9-A304-32B752E40360): 0
LogDevObjectVersion:   Dev-Networking (A4E4105C-59A1-49B5-A7C5-40C4547EDFEE): 0
LogDevObjectVersion:   Dev-Online (39C831C9-5AE6-47DC-9A44-9C173E1C8E7C): 0
LogDevObjectVersion:   Dev-Physics (78F01B33-EBEA-4F98-B9B4-84EACCB95AA2): 0
LogDevObjectVersion:   Dev-Platform (6631380F-2D4D-43E0-8009-CF276956A95A): 0
LogDevObjectVersion:   Dev-Rendering (12F88B9F-8875-4AFC-A67C-D90C383ABD29): 19
LogDevObjectVersion:   Dev-Sequencer (7B5AE74C-D270-4C10-A958-57980B212A5A): 4
LogDevObjectVersion:   Dev-VR (D7296918-1DD6-4BDD-9DE2-64A83CC13884): 0
LogDevObjectVersion:   Dev-LoadTimes (C2A15278-BFE7-4AFE-6C17-90FF531DF755): 1
LogDevObjectVersion:   Private-Geometry (6EACA3D4-40EC-4CC1-B786-8BED09428FC5): 1
LogDevObjectVersion:   Dev-AnimPhys (29E575DD-E0A3-4627-9D10-D276232CDCEA): 7
LogInit: Compiled (64-bit): Sep 22 2017 13:47:16
LogInit: Compiled with Visual C++: 19.00.24215.01
LogInit: Build Configuration: Development
LogInit: Branch Name: ++UE4+Release-4.17
LogInit: Command line:  
LogInit: Base directory: C:/Program Files/Epic Games/UE_4.17/Engine/Binaries/Win64/
LogInit: Installed Engine Build: 1
LogInit: Presizing for max 8388607 objects, including 0 objects not considered by GC, pre-allocating 0 bytes for permanent pool.
LogInit: Object subsystem initialized
[2017.12.04-19.57.29:202][  0]LogInit: Selected Device Profile: [Windows]
[2017.12.04-19.57.29:202][  0]LogInit: Applying CVar settings loaded from the selected device profile: [Windows]
[2017.12.04-19.57.29:224][  0]LogInit: Computer: WFX484D7EDA9A21
[2017.12.04-19.57.29:224][  0]LogInit: User: chec
[2017.12.04-19.57.29:224][  0]LogInit: CPU Page size=4096, Cores=6
[2017.12.04-19.57.29:224][  0]LogInit: High frequency timer resolution =3.507504 MHz
[2017.12.04-19.57.29:224][  0]LogMemory: Memory total: Physical=31.9GB (32GB approx)
[2017.12.04-19.57.29:224][  0]LogMemory: Platform Memory Stats for Windows
[2017.12.04-19.57.29:224][  0]LogMemory: Process Physical Memory: 283.68 MB used, 283.68 MB peak
[2017.12.04-19.57.29:224][  0]LogMemory: Process Virtual Memory: 278.26 MB used, 278.26 MB peak
[2017.12.04-19.57.29:224][  0]LogMemory: Physical Memory: 9152.86 MB used,  23537.19 MB free, 32690.05 MB total
[2017.12.04-19.57.29:224][  0]LogMemory: Virtual Memory: 704.00 MB used,  23537.19 MB free, 134217728.00 MB total
[2017.12.04-19.57.29:389][  0]LogInit: Using OS detected language (en-US).
[2017.12.04-19.57.29:389][  0]LogInit: Using OS detected locale (en-US).
[2017.12.04-19.57.29:392][  0]LogTextLocalizationManager: No specific localization for 'en-US' exists, so the 'en' localization will be used.
[2017.12.04-19.57.30:002][  0]LogD3D11RHI: D3D11 adapters:
[2017.12.04-19.57.30:041][  0]LogD3D11RHI:    0. 'NVIDIA GeForce GTX 1080' (Feature Level 11_0)
[2017.12.04-19.57.30:042][  0]LogD3D11RHI:       8086/0/16345 MB DedicatedVideo/DedicatedSystem/SharedSystem, Outputs:1, VendorId:0x10de
[2017.12.04-19.57.30:043][  0]LogD3D11RHI:    1. 'Microsoft Basic Render Driver' (Feature Level 11_0)
[2017.12.04-19.57.30:043][  0]LogD3D11RHI:       0/0/16345 MB DedicatedVideo/DedicatedSystem/SharedSystem, Outputs:0, VendorId:0x1414
[2017.12.04-19.57.30:043][  0]LogD3D11RHI: Chosen D3D11 Adapter: 0
[2017.12.04-19.57.30:050][  0]LogD3D11RHI: Creating new Direct3DDevice
[2017.12.04-19.57.30:050][  0]LogD3D11RHI:     GPU DeviceId: 0x1b80 (for the marketing name, search the web for "GPU Device Id")
[2017.12.04-19.57.30:050][  0]LogWindows: EnumDisplayDevices:
[2017.12.04-19.57.30:050][  0]LogWindows:    0. 'NVIDIA GeForce GTX 1080' (P:1 D:1)
[2017.12.04-19.57.30:051][  0]LogWindows:    1. 'NVIDIA GeForce GTX 1080' (P:0 D:0)
[2017.12.04-19.57.30:051][  0]LogWindows:    2. 'NVIDIA GeForce GTX 1080' (P:0 D:0)
[2017.12.04-19.57.30:051][  0]LogWindows:    3. 'NVIDIA GeForce GTX 1080' (P:0 D:0)
[2017.12.04-19.57.30:051][  0]LogWindows: DebugString: FoundDriverCount:4 
[2017.12.04-19.57.30:051][  0]LogD3D11RHI:     Adapter Name: NVIDIA GeForce GTX 1080
[2017.12.04-19.57.30:051][  0]LogD3D11RHI:   Driver Version: 388.31 (internal:23.21.13.8831, unified:388.31)
[2017.12.04-19.57.30:051][  0]LogD3D11RHI:      Driver Date: 11-14-2017
[2017.12.04-19.57.30:051][  0]LogRHI: Texture pool is 1361 MB (70% of 1945 MB)
[2017.12.04-19.57.30:075][  0]LogD3D11RHI: Async texture creation enabled
[2017.12.04-19.57.30:086][  0]LogD3D11RHI: GPU Timing Frequency: 1000.000000 (Debug: 2 1)
[2017.12.04-19.57.30:128][  0]LogShaderCompilers: Guid format shader working directory is -10 characters bigger than the processId version (../../../../../../Users/che.c/Documents/Capstone/Beat-It/Intermediate/Shaders/WorkingDirectory/5724/).
[2017.12.04-19.57.30:128][  0]LogShaderCompilers: Cleaned the shader compiler working directory 'C:/Users/che.c/AppData/Local/Temp/UnrealShaderWorkingDir/D8E9BDC843D05FA249C99E99D2E1F19E/'.
[2017.12.04-19.57.30:128][  0]LogShaderCompilers: Display: Using Local Shader Compiler.
[2017.12.04-19.57.31:151][  0]LogTemp: Display: Loaded TP AllDesktopTargetPlatform
[2017.12.04-19.57.31:200][  0]LogTemp: Display: Loaded TP MacClientTargetPlatform
[2017.12.04-19.57.31:249][  0]LogTemp: Display: Loaded TP MacNoEditorTargetPlatform
[2017.12.04-19.57.31:298][  0]LogTemp: Display: Loaded TP MacServerTargetPlatform
[2017.12.04-19.57.31:348][  0]LogTemp: Display: Loaded TP MacTargetPlatform
[2017.12.04-19.57.31:397][  0]LogTemp: Display: Loaded TP WindowsClientTargetPlatform
[2017.12.04-19.57.31:446][  0]LogTemp: Display: Loaded TP WindowsNoEditorTargetPlatform
[2017.12.04-19.57.31:496][  0]LogTemp: Display: Loaded TP WindowsServerTargetPlatform
[2017.12.04-19.57.31:540][  0]LogTemp: Display: Loaded TP WindowsTargetPlatform
[2017.12.04-19.57.31:589][  0]LogTemp: Display: Loaded TP AndroidTargetPlatform
[2017.12.04-19.57.31:637][  0]LogTemp: Display: Loaded TP Android_ASTCTargetPlatform
[2017.12.04-19.57.31:686][  0]LogTemp: Display: Loaded TP Android_ATCTargetPlatform
[2017.12.04-19.57.31:736][  0]LogTemp: Display: Loaded TP Android_DXTTargetPlatform
[2017.12.04-19.57.31:784][  0]LogTemp: Display: Loaded TP Android_ETC1TargetPlatform
[2017.12.04-19.57.31:833][  0]LogTemp: Display: Loaded TP Android_ETC2TargetPlatform
[2017.12.04-19.57.31:929][  0]LogTemp: Display: Loaded TP Android_MultiTargetPlatform
[2017.12.04-19.57.31:929][  0]LogTemp: Display: Loaded TP Android_PVRTCTargetPlatform
[2017.12.04-19.57.31:968][  0]LogTemp: Display: Loaded TP HTML5TargetPlatform
[2017.12.04-19.57.32:058][  0]LogTemp: Display: Loaded TP IOSTargetPlatform
[2017.12.04-19.57.32:086][  0]LogTemp: Display: Loaded TP TVOSTargetPlatform
[2017.12.04-19.57.32:134][  0]LogTemp: Display: Loaded TP LinuxClientTargetPlatform
[2017.12.04-19.57.32:182][  0]LogTemp: Display: Loaded TP LinuxNoEditorTargetPlatform
[2017.12.04-19.57.32:230][  0]LogTemp: Display: Loaded TP LinuxServerTargetPlatform
[2017.12.04-19.57.32:278][  0]LogTemp: Display: Loaded TP LinuxTargetPlatform
[2017.12.04-19.57.32:278][  0]LogTargetPlatformManager: Display: Building Assets For Windows
[2017.12.04-19.57.32:746][  0]LogDerivedDataCache: Display: Max Cache Size: 512 MB
[2017.12.04-19.57.32:845][  0]LogDerivedDataCache: Loaded boot cache 0.10s 93MB C:/Users/che.c/AppData/Local/UnrealEngine/4.17/DerivedDataCache/Boot.ddc.
[2017.12.04-19.57.32:845][  0]LogDerivedDataCache: Display: Loaded Boot cache: C:/Users/che.c/AppData/Local/UnrealEngine/4.17/DerivedDataCache/Boot.ddc
[2017.12.04-19.57.32:845][  0]LogDerivedDataCache: FDerivedDataBackendGraph:  Pak pak cache file ../../../../../../Users/che.c/Documents/Capstone/Beat-It/DerivedDataCache/DDC.ddp not found, will not use a pak cache.
[2017.12.04-19.57.32:845][  0]LogDerivedDataCache: Unable to find inner node Pak for hierarchical cache Hierarchy.
[2017.12.04-19.57.32:845][  0]LogDerivedDataCache: FDerivedDataBackendGraph:  CompressedPak pak cache file ../../../../../../Users/che.c/Documents/Capstone/Beat-It/DerivedDataCache/Compressed.ddp not found, will not use a pak cache.
[2017.12.04-19.57.32:845][  0]LogDerivedDataCache: Unable to find inner node CompressedPak for hierarchical cache Hierarchy.
[2017.12.04-19.57.32:860][  0]LogDerivedDataCache: Display: Pak cache opened for reading ../../../Engine/DerivedDataCache/Compressed.ddp.
[2017.12.04-19.57.32:873][  0]LogDerivedDataCache: Using Local data cache path C:/Users/che.c/AppData/Local/UnrealEngine/Common/DerivedDataCache: Writable
[2017.12.04-19.57.32:882][  0]LogMaterial: Verifying Global Shaders for PCD3D_SM5
[2017.12.04-19.57.32:882][  0]LogSlate: Using Freetype 2.6.0
[2017.12.04-19.57.32:883][  0]LogSlate: SlateFontCache - WITH_FREETYPE: 1, WITH_HARFBUZZ: 1
[2017.12.04-19.57.32:883][  0]LogSlate: SlateFontCache - WITH_FREETYPE: 1, WITH_HARFBUZZ: 1
[2017.12.04-19.57.33:115][  0]LogAssetRegistry: FAssetRegistry took 0.0254 seconds to start up
[2017.12.04-19.57.33:224][  0]LogInit: Selected Device Profile: [Windows]
[2017.12.04-19.57.33:375][  0]LogContentStreaming: Texture pool size is 0.00 MB
[2017.12.04-19.57.33:696][  0]LogSimplygon: Simplygon DLL not present - disabling.
[2017.12.04-19.57.33:740][  0]LogMeshReduction: Using SimplygonSwarm for distributed automatic mesh merging
[2017.12.04-19.57.33:740][  0]LogMeshReduction: Using QuadricMeshReduction for automatic static mesh reduction
[2017.12.04-19.57.33:740][  0]LogMeshReduction: No automatic skeletal mesh reduction module available
[2017.12.04-19.57.33:740][  0]LogMeshReduction: No automatic mesh merging module available
[2017.12.04-19.57.33:740][  0]LogMeshMerging: No automatic mesh merging module available
[2017.12.04-19.57.34:112][  0]LogNetVersion: MyProject , NetCL: 3573198, EngineNetVer: 2, GameNetVer: 0 (Checksum: 3113362612)
[2017.12.04-19.57.34:326][  0]LogPackageLocalizationCache: Processed 5 localized package path(s) for 2 prioritized culture(s) in 0.030352 seconds
[2017.12.04-19.57.34:330][  0]LogUObjectArray: 35825 objects as part of root set at end of initial load.
[2017.12.04-19.57.34:330][  0]LogUObjectAllocator: 7529104 out of 0 bytes used by permanent object pool.
[2017.12.04-19.57.34:330][  0]LogUObjectArray: CloseDisregardForGC: 0/0 objects in disregard for GC pool
[2017.12.04-19.57.34:397][  0]LogInit: WinSock: version 1.1 (2.2), MaxSocks=32767, MaxUdp=65467
[2017.12.04-19.57.36:933][  0]LogTcpMessaging: Initializing TcpMessaging bridge
[2017.12.04-19.57.36:971][  0]LogUdpMessaging: Initializing bridge on interface 0.0.0.0:0 to multicast group 230.0.0.1:6666.
[2017.12.04-19.57.37:614][  0]LogMaterial: Uniform references updated for custom material expression Custom.
[2017.12.04-19.57.38:011][  0]SourceControl: Source control is disabled
[2017.12.04-19.57.38:011][  0]SourceControl: Source control is disabled
[2017.12.04-19.57.38:057][  0]SourceControl: Source control is disabled
[2017.12.04-19.57.38:102][  0]SourceControl: Source control is disabled
[2017.12.04-19.57.38:662][  0]LogAndroidPermission: UAndroidPermissionCallbackProxy::GetInstance
[2017.12.04-19.57.38:898][  0]LogOcInput: OculusInput pre-init called
[2017.12.04-19.57.39:144][  0]LogEngine: Initializing Engine...
[2017.12.04-19.57.39:146][  0]LogHMD: Failed to initialize OpenVR with code 110
[2017.12.04-19.57.39:387][  0]LogStats: UGameplayTagsManager::ConstructGameplayTagTree: Construct from data asset -  0.000 s
[2017.12.04-19.57.39:387][  0]LogStats: UGameplayTagsManager::ConstructGameplayTagTree: GameplayTagTreeChangedEvent.Broadcast -  0.000 s
[2017.12.04-19.57.39:516][  0]LogAIModule: Creating AISystem for world Untitled
[2017.12.04-19.57.39:526][  0]LogInit: XAudio2 using 'Speakers / Headphones (Realtek High Definition Audio)' : 2 channels at 48 kHz using 32 bits per sample (channel mask 0x3)
[2017.12.04-19.57.39:666][  0]LogInit: FAudioDevice initialized.
[2017.12.04-19.57.39:749][  0]LogDerivedDataCache: Saved boot cache 0.08s 93MB C:/Users/che.c/AppData/Local/UnrealEngine/4.17/DerivedDataCache/Boot.ddc.
[2017.12.04-19.57.39:764][  0]LogInit: Texture streaming: Enabled
[2017.12.04-19.57.39:882][  0]LogEngineSessionManager: EngineSessionManager initialized
[2017.12.04-19.57.40:102][  0]LogWindowsTextInputMethodSystem: Display: IME system now deactivated.
[2017.12.04-19.57.40:204][  0]LogInit: Transaction tracking system initialized
[2017.12.04-19.57.40:550][  0]BlueprintLog: New page: Editor Load
[2017.12.04-19.57.41:545][  0]LocalizationService: Localization service is disabled
[2017.12.04-19.57.42:275][  0]LogConsoleResponse: Display: 
[2017.12.04-19.57.42:445][  0]LogCook: Display: Max memory allowance for cook 16384mb min free memory 0mb
[2017.12.04-19.57.42:445][  0]LogCook: Display: Mobile HDR setting 1
[2017.12.04-19.57.42:445][  0]LogGameplayTags: Display: UGameplayTagsManager::DoneAddingNativeTags. DelegateIsBound: 0
[2017.12.04-19.57.43:539][  0]LogFileCache: Scanning file cache for directory 'C:/Users/che.c/Documents/Capstone/Beat-It/Content/' took 0.01s
[2017.12.04-19.57.43:597][  0]SourceControl: Source control is disabled
[2017.12.04-19.57.43:597][  0]Cmd: MAP LOAD FILE="../../../../../../Users/che.c/Documents/Capstone/Beat-It/Content/VirtualRealityBP/Maps/MotionControllerMap.umap" TEMPLATE=0 SHOWPROGRESS=1 FEATURELEVEL=3
[2017.12.04-19.57.43:602][  0]LightingResults: New page: Lighting Build
[2017.12.04-19.57.43:651][  0]MapCheck: New page: Map Check
[2017.12.04-19.57.43:651][  0]LightingResults: New page: Lighting Build
[2017.12.04-19.57.44:155][  0]LogBlueprint: Warning: [Compiler MotionControllerPawn] Get Input Axis references unknown Axis 'MotionControllerThumbRight_X' for  Get MotionControllerThumbRight_X
[2017.12.04-19.57.44:155][  0]LogBlueprint: Warning: [Compiler MotionControllerPawn] Get Input Axis references unknown Axis 'MotionControllerThumbRight_Y' for  Get MotionControllerThumbRight_Y
[2017.12.04-19.57.44:155][  0]LogBlueprint: Warning: [Compiler MotionControllerPawn] Get Input Axis references unknown Axis 'MotionControllerThumbLeft_Y' for  Get MotionControllerThumbLeft_Y
[2017.12.04-19.57.44:155][  0]LogBlueprint: Warning: [Compiler MotionControllerPawn] Get Input Axis references unknown Axis 'MotionControllerThumbLeft_X' for  Get MotionControllerThumbLeft_X
[2017.12.04-19.57.44:156][  0]LogBlueprint: Warning: [Compiler MotionControllerPawn] InputAction Event references unknown Action 'TeleportRight' for  InputAction TeleportRight
[2017.12.04-19.57.44:156][  0]LogBlueprint: Warning: [Compiler MotionControllerPawn] InputAction Event references unknown Action 'TeleportLeft' for  InputAction TeleportLeft
[2017.12.04-19.57.44:156][  0]LogBlueprint: Warning: [Compiler MotionControllerPawn] InputAction Event references unknown Action 'GrabRight' for  InputAction GrabRight
[2017.12.04-19.57.44:156][  0]LogBlueprint: Warning: [Compiler MotionControllerPawn] InputAction Event references unknown Action 'GrabLeft' for  InputAction GrabLeft
[2017.12.04-19.57.44:166][  0]LogBlueprint: Warning: [Compiler MotionControllerPawn] [0017.13] Compile of MotionControllerPawn successful, but with 8 Warning(s) [in 18 ms] (/Game/VirtualRealityBP/Blueprints/MotionControllerPawn.MotionControllerPawn)
[2017.12.04-19.57.44:553][  0]LogTexture: Display: Building textures: HQ_Lightmap0_2 (AutoDXT, 128X128)
[2017.12.04-19.57.44:553][  0]LogTexture: Display: Building textures: HQ_Lightmap0_3 (AutoDXT, 64X64)
[2017.12.04-19.57.44:553][  0]LogTexture: Display: Building textures: LQ_Lightmap_0_3 (DXT1, 64X64)
[2017.12.04-19.57.44:553][  0]LogTexture: Display: Building textures: LQ_Lightmap_0_2 (DXT1, 128X128)
[2017.12.04-19.57.44:553][  0]LogTexture: Display: Building textures: ShadowMapTexture2D_1 (BGRA8, 128X64)
[2017.12.04-19.57.44:553][  0]LogTexture: Display: Building textures: ShadowMapTexture2D_2 (G8, 32X32)
[2017.12.04-19.57.44:553][  0]LogTexture: Display: Building textures: ShadowMapTexture2D_0 (BGRA8, 512X512)
[2017.12.04-19.57.44:553][  0]LogTexture: Display: Building textures: LQ_Lightmap_0_1 (DXT1, 1024X1024)
[2017.12.04-19.57.44:553][  0]LogTexture: Display: Building textures: HQ_Lightmap0_1 (AutoDXT, 1024X1024)
[2017.12.04-19.57.44:781][  0]LogAIModule: Creating AISystem for world MotionControllerMap
[2017.12.04-19.57.44:795][  0]LogEditorServer: Finished looking for orphan Actors (0.000 secs)
[2017.12.04-19.57.44:816][  0]Cmd: MAP CHECKDEP NOCLEARLOG
[2017.12.04-19.57.44:888][  0]MapCheck: Map check complete: 0 Error(s), 0 Warning(s), took 71.407ms to complete.
[2017.12.04-19.57.44:888][  0]LogFileHelpers: Loading map 'MotionControllerMap' took 1.290
[2017.12.04-19.57.45:040][  0]LogCollectionManager: Loaded 0 collections in 0.001483 seconds
[2017.12.04-19.57.45:141][  0]LogFileCache: Scanning file cache for directory 'C:/Users/che.c/Documents/Capstone/Beat-It/Saved/Collections/' took 0.01s
[2017.12.04-19.57.45:141][  0]LogFileCache: Scanning file cache for directory 'C:/Users/che.c/Documents/Capstone/Beat-It/Content/Developers/chec/Collections/' took 0.01s
[2017.12.04-19.57.45:141][  0]LogFileCache: Scanning file cache for directory 'C:/Users/che.c/Documents/Capstone/Beat-It/Content/Collections/' took 0.01s
[2017.12.04-19.57.45:141][  0]LogCollectionManager: Rebuilt the GUID cache for 0 collections in 0.000000 seconds
[2017.12.04-19.57.45:149][  0]LogContentBrowser: Native class hierarchy populated in 0.0078 seconds. Added 2386 classes and 500 folders.
[2017.12.04-19.57.45:217][  0]LogContentBrowser: Native class hierarchy updated for 'WidgetCarousel' in 0.0006 seconds. Added 0 classes and 0 folders.
[2017.12.04-19.57.45:255][  0]LogContentBrowser: Native class hierarchy updated for 'AddContentDialog' in 0.0006 seconds. Added 0 classes and 0 folders.
[2017.12.04-19.57.45:302][  0]LogContentBrowser: Native class hierarchy updated for 'SceneOutliner' in 0.0006 seconds. Added 1 classes and 2 folders.
[2017.12.04-19.57.45:321][  0]LogSlate: Took 0.000170 seconds to synchronously load lazily loaded font '../../../Engine/Content/Slate/Fonts/Roboto-Regular.ttf' (155K)
[2017.12.04-19.57.45:323][  0]LogSlate: Took 0.000152 seconds to synchronously load lazily loaded font '../../../Engine/Content/Slate/Fonts/Roboto-Bold.ttf' (160K)
[2017.12.04-19.57.45:328][  0]LogSlate: Took 0.000167 seconds to synchronously load lazily loaded font '../../../Engine/Content/Editor/Slate/Fonts/FontAwesome.ttf' (139K)
[2017.12.04-19.57.45:412][  0]LogRenderer: Reallocating scene render targets to support 1208x576 Format 10 NumSamples 1 (Frame:1).
[2017.12.04-19.57.45:614][  0]LogContentBrowser: Native class hierarchy updated for 'HierarchicalLODOutliner' in 0.0006 seconds. Added 1 classes and 2 folders.
[2017.12.04-19.57.45:614][  0]LogLoad: (Engine Initialization) Total time: 18.57 seconds
[2017.12.04-19.57.45:614][  0]LogLoad: (Engine Initialization) Total Blueprint compile time: 0.00 seconds
[2017.12.04-19.57.45:614][  0]LogExternalProfiler: Found external profiler: VSPerf
[2017.12.04-19.57.45:614][  0]LogExternalProfiler: Using external profiler: VSPerf
[2017.12.04-19.57.45:640][  0]LogAssetRegistry: Asset discovery search completed in 12.5469 seconds
[2017.12.04-19.57.45:642][  0]LogCollectionManager: Rebuilt the object cache for 0 collections in 0.000001 seconds (found 0 objects)
[2017.12.04-19.57.45:642][  0]LogCollectionManager: Fixed up redirectors for 0 collections in 0.000035 seconds (updated 0 objects)
[2017.12.04-19.57.45:645][  0]LogContentStreaming: Texture pool size now 1000 MB
[2017.12.04-19.57.45:689][  0]LogSlate: Took 0.000212 seconds to synchronously load lazily loaded font '../../../Engine/Content/Slate/Fonts/Roboto-Light.ttf' (159K)
[2017.12.04-19.57.46:640][ 97]LogSlate: Took 0.000200 seconds to synchronously load lazily loaded font '../../../Engine/Content/Slate/Fonts/Roboto-Light.ttf' (159K)
[2017.12.04-19.57.55:524][153]LogSlate: Took 0.000151 seconds to synchronously load lazily loaded font '../../../Engine/Content/Slate/Fonts/Roboto-Light.ttf' (159K)
[2017.12.04-19.57.55:843][153]LogContentBrowser: Native class hierarchy updated for 'BlueprintGraph' in 0.0009 seconds. Added 113 classes and 0 folders.
[2017.12.04-19.57.56:398][153]LogSlate: Took 0.000155 seconds to synchronously load lazily loaded font '../../../Engine/Content/Slate/Fonts/Roboto-Regular.ttf' (155K)
[2017.12.04-19.57.56:458][153]LogSlate: Took 0.000215 seconds to synchronously load lazily loaded font '../../../Engine/Content/Editor/Slate/Fonts/Roboto-BoldCondensed.ttf' (158K)
[2017.12.04-19.57.56:746][154]LogSlate: Took 0.000227 seconds to synchronously load lazily loaded font '../../../Engine/Content/Editor/Slate/Fonts/Roboto-Italic.ttf' (157K)
